PLINK v1.90b3.35 64-bit (25 Mar 2016)
Options in effect:
  --bfile 1kg.eur.biallele.snps.maf0.01
  --clump /sc/orga/projects/va-biobank/Veera/downloads/CMC/modules/wen_gwas_files/AD.gwas.sumstats
  --clump-kb 250
  --clump-p1 0.00000005
  --clump-p2 0.00000005
  --clump-r2 0.1
  --out genie_clump/all2/all2ld_from_1kg.eur.biallele.snps.maf0.01/AD.gwas.sumstats

Hostname: node22-12
Working directory: /sc/orga/projects/va-biobank/Veera/genie/modules/predixcan/novel/temp
Start time: Thu Sep  6 05:48:28 2018

Random number seed: 1536227308
64398 MB RAM detected; reserving 32199 MB for main workspace.
8783349 variants loaded from .bim file.
503 people (0 males, 0 females, 503 ambiguous) loaded from .fam.
Ambiguous sex IDs written to
genie_clump/all2/all2ld_from_1kg.eur.biallele.snps.maf0.01/AD.gwas.sumstats.nosex
.
Using 1 thread (no multithreaded calculations invoked).
Before main variant filters, 503 founders and 0 nonfounders present.
Calculating allele frequencies... done.
8783349 variants and 503 people pass filters and QC.
Note: No phenotypes present.
Warning: 'rs4803758' is missing from the main dataset, and is a top variant.
Warning: 'rs116949436' is missing from the main dataset, and is a top variant.
Warning: 'rs10410833' is missing from the main dataset, and is a top variant.
Warning: 'rs112170101' is missing from the main dataset, and is a top variant.
Warning: 'rs4803781' is missing from the main dataset, and is a top variant.
Warning: 'rs144406103' is missing from the main dataset, and is a top variant.
Warning: 'rs11769980' is missing from the main dataset, and is a top variant.
--clump: 43 clumps formed from 895 top variants.
Results written to
genie_clump/all2/all2ld_from_1kg.eur.biallele.snps.maf0.01/AD.gwas.sumstats.clumped
.

End time: Thu Sep  6 05:48:34 2018
