PLINK v1.90b3.35 64-bit (25 Mar 2016)
Options in effect:
  --bfile 1kg.eur.biallele.snps.maf0.01
  --clump /sc/orga/projects/va-biobank/Veera/downloads/CMC/modules/wen_gwas_files/CAD_ADD.gwas.sumstats
  --clump-kb 250
  --clump-p1 0.00000005
  --clump-p2 0.00000005
  --clump-r2 0.1
  --out genie_clump/all2/all2ld_from_1kg.eur.biallele.snps.maf0.01/CAD_ADD.gwas.sumstats

Hostname: node21-33
Working directory: /sc/orga/projects/va-biobank/Veera/genie/modules/predixcan/novel/temp
Start time: Thu Sep  6 05:45:15 2018

Random number seed: 1536227115
64399 MB RAM detected; reserving 32199 MB for main workspace.
Allocated 7640 MB successfully, after larger attempt(s) failed.
8783349 variants loaded from .bim file.
503 people (0 males, 0 females, 503 ambiguous) loaded from .fam.
Ambiguous sex IDs written to
genie_clump/all2/all2ld_from_1kg.eur.biallele.snps.maf0.01/CAD_ADD.gwas.sumstats.nosex
.
Using 1 thread (no multithreaded calculations invoked).
Before main variant filters, 503 founders and 0 nonfounders present.
Calculating allele frequencies... done.
8783349 variants and 503 people pass filters and QC.
Note: No phenotypes present.
Warning: 'rs141014318' is missing from the main dataset, and is a top variant.
Warning: 'rs34503303' is missing from the main dataset, and is a top variant.
Warning: 'rs2069416' is missing from the main dataset, and is a top variant.
Warning: 'rs142048183' is missing from the main dataset, and is a top variant.
Warning: '9:22049889' is missing from the main dataset, and is a top variant.
Warning: 'rs34360807' is missing from the main dataset, and is a top variant.
Warning: 'rs10738605' is missing from the main dataset, and is a top variant.
Warning: '9:21999328' is missing from the main dataset, and is a top variant.
Warning: 'rs35158895' is missing from the main dataset, and is a top variant.
Warning: 'rs35720900' is missing from the main dataset, and is a top variant.
Warning: 'rs5874392' is missing from the main dataset, and is a top variant.
Warning: 'rs9457927' is missing from the main dataset, and is a top variant.
Warning: 'rs3217977' is missing from the main dataset, and is a top variant.
Warning: 'rs140570886' is missing from the main dataset, and is a top variant.
Warning: 'rs34228161' is missing from the main dataset, and is a top variant.
Warning: 'rs57677983' is missing from the main dataset, and is a top variant.
Warning: 'rs139643391' is missing from the main dataset, and is a top variant.
Warning: 'rs147330550' is missing from the main dataset, and is a top variant.
Warning: 'rs148196090' is missing from the main dataset, and is a top variant.
Warning: 'rs145842986' is missing from the main dataset, and is a top variant.
Warning: 'rs140317123' is missing from the main dataset, and is a top variant.
Warning: '2:203825427' is missing from the main dataset, and is a top variant.
Warning: 'rs149016309' is missing from the main dataset, and is a top variant.
Warning: 'rs140868713' is missing from the main dataset, and is a top variant.
Warning: 'rs140061969' is missing from the main dataset, and is a top variant.
Warning: 'rs59243582' is missing from the main dataset, and is a top variant.
Warning: 'rs145741252' is missing from the main dataset, and is a top variant.
Warning: 'rs373910804' is missing from the main dataset, and is a top variant.
Warning: 'rs145972212' is missing from the main dataset, and is a top variant.
Warning: 'rs112494629' is missing from the main dataset, and is a top variant.
Warning: 'rs139738276' is missing from the main dataset, and is a top variant.
Warning: 'rs142528616' is missing from the main dataset, and is a top variant.
Warning: 'rs67452501' is missing from the main dataset, and is a top variant.
Warning: 'rs142654847' is missing from the main dataset, and is a top variant.
Warning: 'rs11398961' is missing from the main dataset, and is a top variant.
Warning: 'rs138339340' is missing from the main dataset, and is a top variant.
Warning: 'rs145329186' is missing from the main dataset, and is a top variant.
Warning: 'rs11238801' is missing from the main dataset, and is a top variant.
Warning: 'rs142305811' is missing from the main dataset, and is a top variant.
Warning: 'rs139306531' is missing from the main dataset, and is a top variant.
Warning: 'rs60173709' is missing from the main dataset, and is a top variant.
Warning: 'rs141787760' is missing from the main dataset, and is a top variant.
Warning: 'rs72664354' is missing from the main dataset, and is a top variant.
Warning: 'rs148331870' is missing from the main dataset, and is a top variant.
Warning: 'rs143284856' is missing from the main dataset, and is a top variant.
Warning: 'rs142891460' is missing from the main dataset, and is a top variant.
Warning: 'rs139860948' is missing from the main dataset, and is a top variant.
Warning: 'rs2902340' is missing from the main dataset, and is a top variant.
Warning: 'rs6593394' is missing from the main dataset, and is a top variant.
Warning: 'rs149398475' is missing from the main dataset, and is a top variant.
Warning: 'rs71448834' is missing from the main dataset, and is a top variant.
Warning: 'rs200495339' is missing from the main dataset, and is a top variant.
Warning: 'rs138914938' is missing from the main dataset, and is a top variant.
Warning: 'rs146583321' is missing from the main dataset, and is a top variant.
Warning: 'rs150503442' is missing from the main dataset, and is a top variant.
Warning: 'rs201579954' is missing from the main dataset, and is a top variant.
Warning: 'rs67527129' is missing from the main dataset, and is a top variant.
Warning: 'rs151113958' is missing from the main dataset, and is a top variant.
Warning: 'rs202097157' is missing from the main dataset, and is a top variant.
Warning: 'rs114070077' is missing from the main dataset, and is a top variant.
Warning: 'rs146862843' is missing from the main dataset, and is a top variant.
Warning: 'rs115299170' is missing from the main dataset, and is a top variant.
Warning: '9:136141870' is missing from the main dataset, and is a top variant.
Warning: 'rs140525041' is missing from the main dataset, and is a top variant.
Warning: 'rs71033586' is missing from the main dataset, and is a top variant.
Warning: 'rs74863780' is missing from the main dataset, and is a top variant.
Warning: 'rs35572758' is missing from the main dataset, and is a top variant.
Warning: '9:136149399' is missing from the main dataset, and is a top variant.
Warning: 'rs5784626' is missing from the main dataset, and is a top variant.
Warning: 'rs5784627' is missing from the main dataset, and is a top variant.
Warning: 'rs3979137' is missing from the main dataset, and is a top variant.
Warning: 'rs3837950' is missing from the main dataset, and is a top variant.
Warning: 'rs77102167' is missing from the main dataset, and is a top variant.
Warning: 'rs4948817' is missing from the main dataset, and is a top variant.
Warning: 'rs141820146' is missing from the main dataset, and is a top variant.
Warning: 'rs144488119' is missing from the main dataset, and is a top variant.
Warning: 'rs33914620' is missing from the main dataset, and is a top variant.
Warning: 'rs59721383' is missing from the main dataset, and is a top variant.
Warning: 'rs2209042' is missing from the main dataset, and is a top variant.
Warning: 'rs142444132' is missing from the main dataset, and is a top variant.
Warning: 'rs141385860' is missing from the main dataset, and is a top variant.
Warning: 'rs113376424' is missing from the main dataset, and is a top variant.
Warning: 'rs35802479' is missing from the main dataset, and is a top variant.
Warning: 'rs145936486' is missing from the main dataset, and is a top variant.
Warning: '10:44750411' is missing from the main dataset, and is a top variant.
Warning: 'rs1492705' is missing from the main dataset, and is a top variant.
Warning: 'rs11890006' is missing from the main dataset, and is a top variant.
Warning: 'rs60406089' is missing from the main dataset, and is a top variant.
Warning: 'rs11431123' is missing from the main dataset, and is a top variant.
Warning: 'rs61030554' is missing from the main dataset, and is a top variant.
Warning: 'rs145086163' is missing from the main dataset, and is a top variant.
Warning: '9:22049482' is missing from the main dataset, and is a top variant.
Warning: 'rs35350651' is missing from the main dataset, and is a top variant.
Warning: 'rs11351103' is missing from the main dataset, and is a top variant.
Warning: 'rs142389733' is missing from the main dataset, and is a top variant.
Warning: 'rs67179971' is missing from the main dataset, and is a top variant.
Warning: 'rs61857479' is missing from the main dataset, and is a top variant.
Warning: 'rs8176643' is missing from the main dataset, and is a top variant.
Warning: 'rs11307753' is missing from the main dataset, and is a top variant.
Warning: 'rs5832649' is missing from the main dataset, and is a top variant.
Warning: 'rs1010' is missing from the main dataset, and is a top variant.
Warning: 'rs11267696' is missing from the main dataset, and is a top variant.
Warning: 'rs7452960' is missing from the main dataset, and is a top variant.
Warning: 'rs34251909' is missing from the main dataset, and is a top variant.
Warning: 'rs145739330' is missing from the main dataset, and is a top variant.
Warning: 'rs11321295' is missing from the main dataset, and is a top variant.
Warning: 'rs5874382' is missing from the main dataset, and is a top variant.
Warning: 'rs41269888' is missing from the main dataset, and is a top variant.
Warning: 'rs10612161' is missing from the main dataset, and is a top variant.
Warning: 'rs139016349' is missing from the main dataset, and is a top variant.
Warning: 'rs9296465' is missing from the main dataset, and is a top variant.
Warning: 'rs139196581' is missing from the main dataset, and is a top variant.
Warning: 'rs138691173' is missing from the main dataset, and is a top variant.
Warning: 'rs11284468' is missing from the main dataset, and is a top variant.
Warning: '9:136146597' is missing from the main dataset, and is a top variant.
Warning: 'rs12907372' is missing from the main dataset, and is a top variant.
Warning: 'rs3798220' is missing from the main dataset, and is a top variant.
Warning: 'rs141273416' is missing from the main dataset, and is a top variant.
Warning: 'rs4709431' is missing from the main dataset, and is a top variant.
Warning: 'rs71800295' is missing from the main dataset, and is a top variant.
Warning: 'rs35586191' is missing from the main dataset, and is a top variant.
Warning: '9:136139907' is missing from the main dataset, and is a top variant.
Warning: 'rs80172242' is missing from the main dataset, and is a top variant.
Warning: 'rs3918287' is missing from the main dataset, and is a top variant.
Warning: '9:136138765' is missing from the main dataset, and is a top variant.
Warning: 'rs5784169' is missing from the main dataset, and is a top variant.
Warning: 'rs112396408' is missing from the main dataset, and is a top variant.
Warning: 'rs68104325' is missing from the main dataset, and is a top variant.
Warning: 'rs150625935' is missing from the main dataset, and is a top variant.
Warning: 'rs1510224' is missing from the main dataset, and is a top variant.
Warning: 'rs61078411' is missing from the main dataset, and is a top variant.
Warning: 'rs34778635' is missing from the main dataset, and is a top variant.
Warning: 'rs117791490' is missing from the main dataset, and is a top variant.
Warning: 'rs56260966' is missing from the main dataset, and is a top variant.
Warning: 'rs9457925' is missing from the main dataset, and is a top variant.
Warning: 'rs28850884' is missing from the main dataset, and is a top variant.
Warning: 'rs70953953' is missing from the main dataset, and is a top variant.
Warning: 'rs139853097' is missing from the main dataset, and is a top variant.
Warning: 'rs36026087' is missing from the main dataset, and is a top variant.
Warning: 'rs10580742' is missing from the main dataset, and is a top variant.
Warning: 'rs113180696' is missing from the main dataset, and is a top variant.
Warning: 'rs35207108' is missing from the main dataset, and is a top variant.
Warning: 'rs3062912' is missing from the main dataset, and is a top variant.
Warning: 'rs36042506' is missing from the main dataset, and is a top variant.
Warning: 'rs3125054' is missing from the main dataset, and is a top variant.
Warning: '9:136145425' is missing from the main dataset, and is a top variant.
Warning: 'rs10626340' is missing from the main dataset, and is a top variant.
Warning: 'rs201955338' is missing from the main dataset, and is a top variant.
Warning: 'rs11353605' is missing from the main dataset, and is a top variant.
Warning: 'rs139311851' is missing from the main dataset, and is a top variant.
Warning: 'rs71757799' is missing from the main dataset, and is a top variant.
Warning: 'rs11424267' is missing from the main dataset, and is a top variant.
Warning: '15:79143787' is missing from the main dataset, and is a top variant.
Warning: 'rs144662567' is missing from the main dataset, and is a top variant.
Warning: 'rs11852909' is missing from the main dataset, and is a top variant.
Warning: 'rs35614134' is missing from the main dataset, and is a top variant.
Warning: 'rs35850123' is missing from the main dataset, and is a top variant.
Warning: 'rs72652411' is missing from the main dataset, and is a top variant.
--clump: 65 clumps formed from 1991 top variants.
Results written to
genie_clump/all2/all2ld_from_1kg.eur.biallele.snps.maf0.01/CAD_ADD.gwas.sumstats.clumped
.

End time: Thu Sep  6 05:45:24 2018
