PLINK v1.90b3.35 64-bit (25 Mar 2016)
Options in effect:
  --bfile 1kg.eur.biallele.snps.maf0.01
  --clump /sc/orga/projects/va-biobank/Veera/downloads/CMC/modules/wen_gwas_files/CD.gwas.sumstats
  --clump-kb 250
  --clump-p1 0.00000005
  --clump-p2 0.00000005
  --clump-r2 0.1
  --out genie_clump/all2/all2ld_from_1kg.eur.biallele.snps.maf0.01/CD.gwas.sumstats

Hostname: node26-50
Working directory: /sc/orga/projects/va-biobank/Veera/genie/modules/predixcan/novel/temp
Start time: Thu Sep  6 05:45:25 2018

Random number seed: 1536227125
64316 MB RAM detected; reserving 32158 MB for main workspace.
Allocated 18088 MB successfully, after larger attempt(s) failed.
8783349 variants loaded from .bim file.
503 people (0 males, 0 females, 503 ambiguous) loaded from .fam.
Ambiguous sex IDs written to
genie_clump/all2/all2ld_from_1kg.eur.biallele.snps.maf0.01/CD.gwas.sumstats.nosex
.
Using 1 thread (no multithreaded calculations invoked).
Before main variant filters, 503 founders and 0 nonfounders present.
Calculating allele frequencies... done.
8783349 variants and 503 people pass filters and QC.
Note: No phenotypes present.
Warning: 'rs5743289' is missing from the main dataset, and is a top variant.
Warning: 'rs143913286' is missing from the main dataset, and is a top variant.
Warning: '1:67740171' is missing from the main dataset, and is a top variant.
Warning: 'rs144434064' is missing from the main dataset, and is a top variant.
Warning: 'rs5743266' is missing from the main dataset, and is a top variant.
Warning: 'rs2066847' is missing from the main dataset, and is a top variant.
Warning: 'rs11410147' is missing from the main dataset, and is a top variant.
Warning: 'rs35300242' is missing from the main dataset, and is a top variant.
Warning: 'rs200418763' is missing from the main dataset, and is a top variant.
Warning: 'rs35174053' is missing from the main dataset, and is a top variant.
Warning: 'rs116238258' is missing from the main dataset, and is a top variant.
Warning: 'rs114173254' is missing from the main dataset, and is a top variant.
Warning: 'rs369088646' is missing from the main dataset, and is a top variant.
Warning: 'rs28696118' is missing from the main dataset, and is a top variant.
Warning: 'rs148015174' is missing from the main dataset, and is a top variant.
Warning: 'rs2066845' is missing from the main dataset, and is a top variant.
Warning: 'rs6865484' is missing from the main dataset, and is a top variant.
Warning: 'rs56982680' is missing from the main dataset, and is a top variant.
Warning: 'rs35609673' is missing from the main dataset, and is a top variant.
Warning: 'rs56344733' is missing from the main dataset, and is a top variant.
Warning: 'rs11313807' is missing from the main dataset, and is a top variant.
Warning: 'rs5867512' is missing from the main dataset, and is a top variant.
Warning: 'rs149200362' is missing from the main dataset, and is a top variant.
Warning: 'rs138182176' is missing from the main dataset, and is a top variant.
Warning: 'rs5867513' is missing from the main dataset, and is a top variant.
Warning: 'rs140597306' is missing from the main dataset, and is a top variant.
Warning: 'rs61422440' is missing from the main dataset, and is a top variant.
Warning: 'rs115948982' is missing from the main dataset, and is a top variant.
Warning: 'rs116286871' is missing from the main dataset, and is a top variant.
Warning: 'rs55803432' is missing from the main dataset, and is a top variant.
Warning: 'rs140935661' is missing from the main dataset, and is a top variant.
Warning: 'rs146646093' is missing from the main dataset, and is a top variant.
Warning: 'rs141262009' is missing from the main dataset, and is a top variant.
Warning: 'rs36019553' is missing from the main dataset, and is a top variant.
Warning: 'rs143543980' is missing from the main dataset, and is a top variant.
Warning: 'rs114616683' is missing from the main dataset, and is a top variant.
Warning: 'rs148237128' is missing from the main dataset, and is a top variant.
Warning: 'rs117074859' is missing from the main dataset, and is a top variant.
Warning: 'rs34486397' is missing from the main dataset, and is a top variant.
Warning: 'rs11209040' is missing from the main dataset, and is a top variant.
Warning: 'rs142751566' is missing from the main dataset, and is a top variant.
Warning: 'rs114407826' is missing from the main dataset, and is a top variant.
Warning: 'rs150685428' is missing from the main dataset, and is a top variant.
Warning: 'rs6882977' is missing from the main dataset, and is a top variant.
Warning: 'rs146669325' is missing from the main dataset, and is a top variant.
Warning: 'rs117533141' is missing from the main dataset, and is a top variant.
Warning: 'rs141239313' is missing from the main dataset, and is a top variant.
Warning: 'rs117225137' is missing from the main dataset, and is a top variant.
Warning: 'rs74873173' is missing from the main dataset, and is a top variant.
Warning: 'rs200527746' is missing from the main dataset, and is a top variant.
Warning: 'rs201061693' is missing from the main dataset, and is a top variant.
Warning: 'rs202154124' is missing from the main dataset, and is a top variant.
Warning: 'rs11374168' is missing from the main dataset, and is a top variant.
Warning: 'rs142126510' is missing from the main dataset, and is a top variant.
Warning: 'rs200451533' is missing from the main dataset, and is a top variant.
Warning: 'rs117430091' is missing from the main dataset, and is a top variant.
Warning: 'rs116842526' is missing from the main dataset, and is a top variant.
Warning: 'rs138198313' is missing from the main dataset, and is a top variant.
Warning: 'rs67050643' is missing from the main dataset, and is a top variant.
Warning: 'rs147386065' is missing from the main dataset, and is a top variant.
Warning: 'rs4957310' is missing from the main dataset, and is a top variant.
Warning: 'rs75421289' is missing from the main dataset, and is a top variant.
Warning: 'rs183905856' is missing from the main dataset, and is a top variant.
Warning: 'rs146604341' is missing from the main dataset, and is a top variant.
Warning: 'rs182158507' is missing from the main dataset, and is a top variant.
Warning: 'rs34021504' is missing from the main dataset, and is a top variant.
Warning: 'rs35106698' is missing from the main dataset, and is a top variant.
Warning: 'rs147180604' is missing from the main dataset, and is a top variant.
Warning: 'rs11364607' is missing from the main dataset, and is a top variant.
Warning: 'rs200986389' is missing from the main dataset, and is a top variant.
Warning: 'rs6874549' is missing from the main dataset, and is a top variant.
Warning: 'rs11403745' is missing from the main dataset, and is a top variant.
Warning: 'rs4957312' is missing from the main dataset, and is a top variant.
Warning: 'rs200181388' is missing from the main dataset, and is a top variant.
Warning: 'rs5867518' is missing from the main dataset, and is a top variant.
Warning: 'rs35571054' is missing from the main dataset, and is a top variant.
Warning: 'rs201355543' is missing from the main dataset, and is a top variant.
Warning: 'rs146015937' is missing from the main dataset, and is a top variant.
Warning: 'rs200907986' is missing from the main dataset, and is a top variant.
Warning: 'rs150783999' is missing from the main dataset, and is a top variant.
Warning: 'rs143228478' is missing from the main dataset, and is a top variant.
Warning: 'rs201714398' is missing from the main dataset, and is a top variant.
Warning: 'rs200610116' is missing from the main dataset, and is a top variant.
Warning: 'rs201448645' is missing from the main dataset, and is a top variant.
Warning: 'rs142614989' is missing from the main dataset, and is a top variant.
Warning: 'rs370895221' is missing from the main dataset, and is a top variant.
Warning: 'rs34249210' is missing from the main dataset, and is a top variant.
Warning: 'rs5774863' is missing from the main dataset, and is a top variant.
Warning: 'rs199703399' is missing from the main dataset, and is a top variant.
Warning: 'rs148144443' is missing from the main dataset, and is a top variant.
Warning: 'rs200903764' is missing from the main dataset, and is a top variant.
Warning: 'rs144214850' is missing from the main dataset, and is a top variant.
Warning: 'rs143377635' is missing from the main dataset, and is a top variant.
Warning: 'rs143846462' is missing from the main dataset, and is a top variant.
Warning: 'rs201098338' is missing from the main dataset, and is a top variant.
Warning: 'rs10542952' is missing from the main dataset, and is a top variant.
Warning: 'rs66874610' is missing from the main dataset, and is a top variant.
Warning: 'rs114860125' is missing from the main dataset, and is a top variant.
Warning: 'rs112321295' is missing from the main dataset, and is a top variant.
Warning: 'rs139236560' is missing from the main dataset, and is a top variant.
Warning: 'rs35564298' is missing from the main dataset, and is a top variant.
Warning: 'rs11167518' is missing from the main dataset, and is a top variant.
Warning: 'rs114244137' is missing from the main dataset, and is a top variant.
Warning: 'rs115823027' is missing from the main dataset, and is a top variant.
Warning: 'rs146911522' is missing from the main dataset, and is a top variant.
Warning: 'rs199922348' is missing from the main dataset, and is a top variant.
Warning: 'rs34716763' is missing from the main dataset, and is a top variant.
Warning: 'rs59139331' is missing from the main dataset, and is a top variant.
Warning: 'rs202020996' is missing from the main dataset, and is a top variant.
Warning: 'rs11350707' is missing from the main dataset, and is a top variant.
Warning: 'rs200010314' is missing from the main dataset, and is a top variant.
Warning: 'rs367687005' is missing from the main dataset, and is a top variant.
Warning: 'rs201950123' is missing from the main dataset, and is a top variant.
Warning: '9:139302777' is missing from the main dataset, and is a top variant.
Warning: 'rs33993564' is missing from the main dataset, and is a top variant.
Warning: '5:131809757' is missing from the main dataset, and is a top variant.
Warning: 'rs200763879' is missing from the main dataset, and is a top variant.
Warning: 'rs112483869' is missing from the main dataset, and is a top variant.
Warning: 'rs199943607' is missing from the main dataset, and is a top variant.
Warning: 'rs150795581' is missing from the main dataset, and is a top variant.
Warning: 'rs150574014' is missing from the main dataset, and is a top variant.
Warning: 'rs201655125' is missing from the main dataset, and is a top variant.
Warning: 'rs11448328' is missing from the main dataset, and is a top variant.
Warning: 'rs8047910' is missing from the main dataset, and is a top variant.
Warning: 'rs71040008' is missing from the main dataset, and is a top variant.
Warning: 'rs7090073' is missing from the main dataset, and is a top variant.
Warning: 'rs140810052' is missing from the main dataset, and is a top variant.
Warning: 'rs116129874' is missing from the main dataset, and is a top variant.
Warning: 'rs113823697' is missing from the main dataset, and is a top variant.
Warning: 'rs148999797' is missing from the main dataset, and is a top variant.
Warning: 'rs61488614' is missing from the main dataset, and is a top variant.
Warning: 'rs56276983' is missing from the main dataset, and is a top variant.
Warning: 'rs116209788' is missing from the main dataset, and is a top variant.
Warning: 'rs200829235' is missing from the main dataset, and is a top variant.
Warning: 'rs34385629' is missing from the main dataset, and is a top variant.
Warning: 'rs55763835' is missing from the main dataset, and is a top variant.
Warning: 'rs139840232' is missing from the main dataset, and is a top variant.
Warning: 'rs139730399' is missing from the main dataset, and is a top variant.
Warning: 'rs59621402' is missing from the main dataset, and is a top variant.
Warning: 'rs3057121' is missing from the main dataset, and is a top variant.
Warning: 'rs148517336' is missing from the main dataset, and is a top variant.
Warning: 'rs77948998' is missing from the main dataset, and is a top variant.
Warning: 'rs35826682' is missing from the main dataset, and is a top variant.
Warning: 'rs11361434' is missing from the main dataset, and is a top variant.
Warning: 'rs34906849' is missing from the main dataset, and is a top variant.
Warning: 'rs76963826' is missing from the main dataset, and is a top variant.
Warning: 'rs143024396' is missing from the main dataset, and is a top variant.
Warning: 'rs75675171' is missing from the main dataset, and is a top variant.
Warning: 'rs75240993' is missing from the main dataset, and is a top variant.
Warning: 'rs59321715' is missing from the main dataset, and is a top variant.
Warning: 'rs71022162' is missing from the main dataset, and is a top variant.
Warning: 'rs3214098' is missing from the main dataset, and is a top variant.
Warning: 'rs61349126' is missing from the main dataset, and is a top variant.
Warning: 'rs5785543' is missing from the main dataset, and is a top variant.
Warning: 'rs116749111' is missing from the main dataset, and is a top variant.
Warning: 'rs224130' is missing from the main dataset, and is a top variant.
Warning: 'rs74993771' is missing from the main dataset, and is a top variant.
Warning: 'rs140334022' is missing from the main dataset, and is a top variant.
Warning: 'rs185018757' is missing from the main dataset, and is a top variant.
Warning: 'rs59527031' is missing from the main dataset, and is a top variant.
Warning: 'rs146759849' is missing from the main dataset, and is a top variant.
Warning: 'rs66492049' is missing from the main dataset, and is a top variant.
Warning: 'rs77208729' is missing from the main dataset, and is a top variant.
Warning: 'rs192004' is missing from the main dataset, and is a top variant.
Warning: 'rs34713587' is missing from the main dataset, and is a top variant.
Warning: 'rs113917286' is missing from the main dataset, and is a top variant.
Warning: 'rs71473316' is missing from the main dataset, and is a top variant.
Warning: 'rs146588733' is missing from the main dataset, and is a top variant.
Warning: 'rs12423774' is missing from the main dataset, and is a top variant.
Warning: 'rs35388762' is missing from the main dataset, and is a top variant.
Warning: 'rs199855171' is missing from the main dataset, and is a top variant.
Warning: 'rs34455012' is missing from the main dataset, and is a top variant.
Warning: 'rs11275149' is missing from the main dataset, and is a top variant.
Warning: 'rs57164274' is missing from the main dataset, and is a top variant.
Warning: 'rs138210844' is missing from the main dataset, and is a top variant.
Warning: '12:40592628' is missing from the main dataset, and is a top variant.
Warning: 'rs11389441' is missing from the main dataset, and is a top variant.
Warning: 'rs34039576' is missing from the main dataset, and is a top variant.
Warning: 'rs150801876' is missing from the main dataset, and is a top variant.
Warning: 'rs35451560' is missing from the main dataset, and is a top variant.
Warning: 'rs368336092' is missing from the main dataset, and is a top variant.
Warning: 'rs111614933' is missing from the main dataset, and is a top variant.
Warning: 'rs35904956' is missing from the main dataset, and is a top variant.
Warning: 'rs75337113' is missing from the main dataset, and is a top variant.
Warning: 'rs199541433' is missing from the main dataset, and is a top variant.
Warning: 'rs11418306' is missing from the main dataset, and is a top variant.
Warning: 'rs67948571' is missing from the main dataset, and is a top variant.
Warning: 'rs6792911' is missing from the main dataset, and is a top variant.
Warning: 'rs147141470' is missing from the main dataset, and is a top variant.
Warning: 'rs141623331' is missing from the main dataset, and is a top variant.
Warning: 'rs35153695' is missing from the main dataset, and is a top variant.
Warning: 'rs186367692' is missing from the main dataset, and is a top variant.
Warning: 'rs33999608' is missing from the main dataset, and is a top variant.
Warning: 'rs201580148' is missing from the main dataset, and is a top variant.
Warning: 'rs11711485' is missing from the main dataset, and is a top variant.
Warning: 'rs68002978' is missing from the main dataset, and is a top variant.
Warning: 'rs58627699' is missing from the main dataset, and is a top variant.
Warning: 'rs34240317' is missing from the main dataset, and is a top variant.
Warning: 'rs10582618' is missing from the main dataset, and is a top variant.
Warning: 'rs200738161' is missing from the main dataset, and is a top variant.
Warning: 'rs199550191' is missing from the main dataset, and is a top variant.
Warning: 'rs149952891' is missing from the main dataset, and is a top variant.
Warning: 'rs11347983' is missing from the main dataset, and is a top variant.
Warning: 'rs11307261' is missing from the main dataset, and is a top variant.
Warning: 'rs140523972' is missing from the main dataset, and is a top variant.
Warning: 'rs60933862' is missing from the main dataset, and is a top variant.
Warning: 'rs138638118' is missing from the main dataset, and is a top variant.
Warning: 'rs148019450' is missing from the main dataset, and is a top variant.
Warning: 'rs11399450' is missing from the main dataset, and is a top variant.
Warning: 'rs1990624' is missing from the main dataset, and is a top variant.
Warning: 'rs56997939' is missing from the main dataset, and is a top variant.
Warning: 'rs202148073' is missing from the main dataset, and is a top variant.
Warning: 'rs3836862' is missing from the main dataset, and is a top variant.
Warning: 'rs34962665' is missing from the main dataset, and is a top variant.
Warning: 'rs140752' is missing from the main dataset, and is a top variant.
Warning: 'rs139114020' is missing from the main dataset, and is a top variant.
Warning: 'rs35401781' is missing from the main dataset, and is a top variant.
Warning: 'rs140748' is missing from the main dataset, and is a top variant.
Warning: 'rs149077972' is missing from the main dataset, and is a top variant.
Warning: 'rs60482815' is missing from the main dataset, and is a top variant.
Warning: 'rs56761706' is missing from the main dataset, and is a top variant.
Warning: 'rs59712977' is missing from the main dataset, and is a top variant.
Warning: 'rs61710173' is missing from the main dataset, and is a top variant.
Warning: 'rs13306750' is missing from the main dataset, and is a top variant.
Warning: 'rs2307725' is missing from the main dataset, and is a top variant.
Warning: 'rs71080530' is missing from the main dataset, and is a top variant.
Warning: 'rs34028025' is missing from the main dataset, and is a top variant.
Warning: 'rs34458103' is missing from the main dataset, and is a top variant.
Warning: 'rs140753' is missing from the main dataset, and is a top variant.
Warning: 'rs149400131' is missing from the main dataset, and is a top variant.
Warning: 'rs5839475' is missing from the main dataset, and is a top variant.
Warning: 'rs200055140' is missing from the main dataset, and is a top variant.
Warning: 'rs71174151' is missing from the main dataset, and is a top variant.
Warning: 'rs60401173' is missing from the main dataset, and is a top variant.
Warning: 'rs113329669' is missing from the main dataset, and is a top variant.
Warning: 'rs71627385' is missing from the main dataset, and is a top variant.
Warning: 'rs71032891' is missing from the main dataset, and is a top variant.
Warning: 'rs200606107' is missing from the main dataset, and is a top variant.
Warning: 'rs76908010' is missing from the main dataset, and is a top variant.
Warning: 'rs35200461' is missing from the main dataset, and is a top variant.
Warning: 'rs35304156' is missing from the main dataset, and is a top variant.
Warning: 'rs10566969' is missing from the main dataset, and is a top variant.
Warning: 'rs199832313' is missing from the main dataset, and is a top variant.
Warning: 'rs5869740' is missing from the main dataset, and is a top variant.
Warning: 'rs138073019' is missing from the main dataset, and is a top variant.
Warning: 'rs118038814' is missing from the main dataset, and is a top variant.
Warning: 'rs3044248' is missing from the main dataset, and is a top variant.
Warning: 'rs1160962' is missing from the main dataset, and is a top variant.
Warning: 'rs34967686' is missing from the main dataset, and is a top variant.
Warning: 'rs142342883' is missing from the main dataset, and is a top variant.
Warning: 'rs150189585' is missing from the main dataset, and is a top variant.
Warning: 'rs59158058' is missing from the main dataset, and is a top variant.
Warning: 'rs34368382' is missing from the main dataset, and is a top variant.
Warning: 'rs140336797' is missing from the main dataset, and is a top variant.
Warning: 'rs142804409' is missing from the main dataset, and is a top variant.
Warning: 'rs117238785' is missing from the main dataset, and is a top variant.
Warning: 'rs35396782' is missing from the main dataset, and is a top variant.
Warning: 'rs144385606' is missing from the main dataset, and is a top variant.
Warning: 'rs60341666' is missing from the main dataset, and is a top variant.
Warning: 'rs11378157' is missing from the main dataset, and is a top variant.
Warning: 'rs114330951' is missing from the main dataset, and is a top variant.
Warning: 'rs116716000' is missing from the main dataset, and is a top variant.
Warning: 'rs56046298' is missing from the main dataset, and is a top variant.
Warning: 'rs200773058' is missing from the main dataset, and is a top variant.
Warning: 'rs5833017' is missing from the main dataset, and is a top variant.
Warning: 'rs61267628' is missing from the main dataset, and is a top variant.
Warning: 'rs148230547' is missing from the main dataset, and is a top variant.
Warning: 'rs71226974' is missing from the main dataset, and is a top variant.
Warning: 'rs5839481' is missing from the main dataset, and is a top variant.
Warning: 'rs35735363' is missing from the main dataset, and is a top variant.
Warning: 'rs66481324' is missing from the main dataset, and is a top variant.
Warning: 'rs5881724' is missing from the main dataset, and is a top variant.
Warning: 'rs4710171' is missing from the main dataset, and is a top variant.
Warning: 'rs2075185' is missing from the main dataset, and is a top variant.
Warning: 'rs10606840' is missing from the main dataset, and is a top variant.
Warning: 'rs11398183' is missing from the main dataset, and is a top variant.
Warning: 'rs5833015' is missing from the main dataset, and is a top variant.
Warning: '8:126533955' is missing from the main dataset, and is a top variant.
Warning: 'rs11376832' is missing from the main dataset, and is a top variant.
Warning: 'rs79566524' is missing from the main dataset, and is a top variant.
Warning: 'rs35711445' is missing from the main dataset, and is a top variant.
Warning: 'rs147305561' is missing from the main dataset, and is a top variant.
Warning: 'rs34735114' is missing from the main dataset, and is a top variant.
Warning: 'rs10556150' is missing from the main dataset, and is a top variant.
Warning: 'rs201555224' is missing from the main dataset, and is a top variant.
Warning: 'rs6149247' is missing from the main dataset, and is a top variant.
Warning: 'rs200494307' is missing from the main dataset, and is a top variant.
Warning: 'rs3842058' is missing from the main dataset, and is a top variant.
Warning: 'rs142483589' is missing from the main dataset, and is a top variant.
Warning: 'rs112643993' is missing from the main dataset, and is a top variant.
Warning: 'rs4551060' is missing from the main dataset, and is a top variant.
Warning: 'rs10714791' is missing from the main dataset, and is a top variant.
Warning: 'rs34729961' is missing from the main dataset, and is a top variant.
Warning: 'rs35413727' is missing from the main dataset, and is a top variant.
Warning: 'rs147837667' is missing from the main dataset, and is a top variant.
Warning: 'rs3838001' is missing from the main dataset, and is a top variant.
Warning: 'rs201212381' is missing from the main dataset, and is a top variant.
Warning: 'rs5787350' is missing from the main dataset, and is a top variant.
Warning: 'rs77594484' is missing from the main dataset, and is a top variant.
Warning: 'rs2257437' is missing from the main dataset, and is a top variant.
Warning: 'rs11375466' is missing from the main dataset, and is a top variant.
Warning: 'rs186583788' is missing from the main dataset, and is a top variant.
Warning: 'rs202120629' is missing from the main dataset, and is a top variant.
Warning: 'rs8137950' is missing from the main dataset, and is a top variant.
Warning: 'rs374497353' is missing from the main dataset, and is a top variant.
Warning: 'rs148317090' is missing from the main dataset, and is a top variant.
Warning: 'rs71183480' is missing from the main dataset, and is a top variant.
Warning: 'rs59415374' is missing from the main dataset, and is a top variant.
Warning: 'rs142151964' is missing from the main dataset, and is a top variant.
Warning: 'rs116825503' is missing from the main dataset, and is a top variant.
Warning: 'rs34297856' is missing from the main dataset, and is a top variant.
Warning: 'rs146710035' is missing from the main dataset, and is a top variant.
Warning: 'rs199809769' is missing from the main dataset, and is a top variant.
Warning: 'rs112111529' is missing from the main dataset, and is a top variant.
Warning: 'rs139615886' is missing from the main dataset, and is a top variant.
Warning: 'rs142326702' is missing from the main dataset, and is a top variant.
Warning: 'rs62541541' is missing from the main dataset, and is a top variant.
Warning: 'rs201017113' is missing from the main dataset, and is a top variant.
Warning: 'rs2236507' is missing from the main dataset, and is a top variant.
Warning: 'rs71297581' is missing from the main dataset, and is a top variant.
Warning: 'rs11592404' is missing from the main dataset, and is a top variant.
Warning: 'rs71080526' is missing from the main dataset, and is a top variant.
Warning: 'rs72107567' is missing from the main dataset, and is a top variant.
Warning: 'rs9299717' is missing from the main dataset, and is a top variant.
Warning: 'rs71355426' is missing from the main dataset, and is a top variant.
Warning: 'rs199766562' is missing from the main dataset, and is a top variant.
Warning: 'rs36124097' is missing from the main dataset, and is a top variant.
Warning: 'rs11476558' is missing from the main dataset, and is a top variant.
Warning: 'rs73166630' is missing from the main dataset, and is a top variant.
Warning: 'rs34560559' is missing from the main dataset, and is a top variant.
Warning: 'rs35825980' is missing from the main dataset, and is a top variant.
Warning: 'rs71631027' is missing from the main dataset, and is a top variant.
Warning: 'rs707473' is missing from the main dataset, and is a top variant.
Warning: 'rs200553463' is missing from the main dataset, and is a top variant.
Warning: 'rs61515295' is missing from the main dataset, and is a top variant.
Warning: 'rs111666761' is missing from the main dataset, and is a top variant.
Warning: 'rs34496083' is missing from the main dataset, and is a top variant.
Warning: 'rs35463922' is missing from the main dataset, and is a top variant.
Warning: 'rs34977452' is missing from the main dataset, and is a top variant.
Warning: 'rs34261514' is missing from the main dataset, and is a top variant.
Warning: 'rs185789577' is missing from the main dataset, and is a top variant.
Warning: 'rs148525863' is missing from the main dataset, and is a top variant.
Warning: 'rs142426224' is missing from the main dataset, and is a top variant.
Warning: 'rs71033380' is missing from the main dataset, and is a top variant.
Warning: 'rs10671397' is missing from the main dataset, and is a top variant.
Warning: 'rs113659315' is missing from the main dataset, and is a top variant.
Warning: 'rs60823264' is missing from the main dataset, and is a top variant.
Warning: 'rs72255857' is missing from the main dataset, and is a top variant.
Warning: 'rs11377261' is missing from the main dataset, and is a top variant.
Warning: 'rs141123331' is missing from the main dataset, and is a top variant.
Warning: 'rs11458970' is missing from the main dataset, and is a top variant.
Warning: 'rs34320503' is missing from the main dataset, and is a top variant.
Warning: 'rs34002832' is missing from the main dataset, and is a top variant.
Warning: 'rs2112974' is missing from the main dataset, and is a top variant.
Warning: 'rs150965253' is missing from the main dataset, and is a top variant.
Warning: 'rs71032899' is missing from the main dataset, and is a top variant.
Warning: 'rs72546835' is missing from the main dataset, and is a top variant.
Warning: 'rs114784610' is missing from the main dataset, and is a top variant.
Warning: 'rs34303523' is missing from the main dataset, and is a top variant.
Warning: 'rs79477792' is missing from the main dataset, and is a top variant.
Warning: 'rs141681863' is missing from the main dataset, and is a top variant.
Warning: 'rs66940113' is missing from the main dataset, and is a top variant.
Warning: 'rs75294107' is missing from the main dataset, and is a top variant.
Warning: 'rs148405881' is missing from the main dataset, and is a top variant.
Warning: 'rs67163745' is missing from the main dataset, and is a top variant.
Warning: 'rs34701361' is missing from the main dataset, and is a top variant.
Warning: 'rs150640139' is missing from the main dataset, and is a top variant.
Warning: 'rs76960049' is missing from the main dataset, and is a top variant.
Warning: 'rs66744711' is missing from the main dataset, and is a top variant.
Warning: 'rs112538722' is missing from the main dataset, and is a top variant.
Warning: 'rs141403616' is missing from the main dataset, and is a top variant.
Warning: 'rs146701896' is missing from the main dataset, and is a top variant.
Warning: 'rs9619386' is missing from the main dataset, and is a top variant.
Warning: 'rs35196450' is missing from the main dataset, and is a top variant.
Warning: 'rs112552729' is missing from the main dataset, and is a top variant.
Warning: 'rs5816477' is missing from the main dataset, and is a top variant.
Warning: 'rs10707238' is missing from the main dataset, and is a top variant.
Warning: 'rs34598673' is missing from the main dataset, and is a top variant.
Warning: 'rs58077207' is missing from the main dataset, and is a top variant.
Warning: 'rs35781383' is missing from the main dataset, and is a top variant.
Warning: 'rs141592022' is missing from the main dataset, and is a top variant.
Warning: 'rs36084703' is missing from the main dataset, and is a top variant.
Warning: 'rs5867525' is missing from the main dataset, and is a top variant.
Warning: 'rs11322081' is missing from the main dataset, and is a top variant.
Warning: 'rs10570889' is missing from the main dataset, and is a top variant.
Warning: 'rs56241661' is missing from the main dataset, and is a top variant.
Warning: 'rs10548450' is missing from the main dataset, and is a top variant.
Warning: 'rs34378540' is missing from the main dataset, and is a top variant.
Warning: 'rs149505060' is missing from the main dataset, and is a top variant.
Warning: 'rs56321917' is missing from the main dataset, and is a top variant.
Warning: 'rs131655' is missing from the main dataset, and is a top variant.
Warning: 'rs200760231' is missing from the main dataset, and is a top variant.
Warning: 'rs143299878' is missing from the main dataset, and is a top variant.
Warning: 'rs142885957' is missing from the main dataset, and is a top variant.
Warning: 'rs5869736' is missing from the main dataset, and is a top variant.
Warning: 'rs67472625' is missing from the main dataset, and is a top variant.
Warning: 'rs61579260' is missing from the main dataset, and is a top variant.
Warning: 'rs148391392' is missing from the main dataset, and is a top variant.
Warning: 'rs182550937' is missing from the main dataset, and is a top variant.
Warning: 'rs200928817' is missing from the main dataset, and is a top variant.
Warning: 'rs145319498' is missing from the main dataset, and is a top variant.
Warning: 'rs141854295' is missing from the main dataset, and is a top variant.
Warning: 'rs35291016' is missing from the main dataset, and is a top variant.
Warning: 'rs200751746' is missing from the main dataset, and is a top variant.
Warning: 'rs34656575' is missing from the main dataset, and is a top variant.
Warning: 'rs112479807' is missing from the main dataset, and is a top variant.
Warning: 'rs149527856' is missing from the main dataset, and is a top variant.
Warning: 'rs11339073' is missing from the main dataset, and is a top variant.
Warning: 'rs35294604' is missing from the main dataset, and is a top variant.
Warning: 'rs10658897' is missing from the main dataset, and is a top variant.
Warning: 'rs35666001' is missing from the main dataset, and is a top variant.
Warning: 'rs201107789' is missing from the main dataset, and is a top variant.
Warning: 'rs149390964' is missing from the main dataset, and is a top variant.
Warning: 'rs142262776' is missing from the main dataset, and is a top variant.
Warning: 'rs148608282' is missing from the main dataset, and is a top variant.
Warning: 'rs10539398' is missing from the main dataset, and is a top variant.
Warning: 'rs56936511' is missing from the main dataset, and is a top variant.
Warning: 'rs202200390' is missing from the main dataset, and is a top variant.
Warning: 'rs141876325' is missing from the main dataset, and is a top variant.
Warning: 'rs34976365' is missing from the main dataset, and is a top variant.
Warning: 'rs138159013' is missing from the main dataset, and is a top variant.
Warning: 'rs34233420' is missing from the main dataset, and is a top variant.
Warning: 'rs71152614' is missing from the main dataset, and is a top variant.
Warning: 'rs142518917' is missing from the main dataset, and is a top variant.
Warning: 'rs111857492' is missing from the main dataset, and is a top variant.
Warning: 'rs70988807' is missing from the main dataset, and is a top variant.
Warning: 'rs145580704' is missing from the main dataset, and is a top variant.
Warning: 'rs74968873' is missing from the main dataset, and is a top variant.
Warning: 'rs3840527' is missing from the main dataset, and is a top variant.
Warning: 'rs67449148' is missing from the main dataset, and is a top variant.
Warning: 'rs60773944' is missing from the main dataset, and is a top variant.
Warning: 'rs148018691' is missing from the main dataset, and is a top variant.
Warning: 'rs367998020' is missing from the main dataset, and is a top variant.
Warning: 'rs40833' is missing from the main dataset, and is a top variant.
Warning: 'rs3991391' is missing from the main dataset, and is a top variant.
Warning: 'rs111813824' is missing from the main dataset, and is a top variant.
Warning: 'rs5830763' is missing from the main dataset, and is a top variant.
Warning: 'rs11400401' is missing from the main dataset, and is a top variant.
Warning: 'rs71004105' is missing from the main dataset, and is a top variant.
Warning: 'rs9316059' is missing from the main dataset, and is a top variant.
Warning: 'rs13167902' is missing from the main dataset, and is a top variant.
Warning: 'rs71152620' is missing from the main dataset, and is a top variant.
Warning: 'rs58392855' is missing from the main dataset, and is a top variant.
Warning: 'rs138638683' is missing from the main dataset, and is a top variant.
Warning: 'rs35365539' is missing from the main dataset, and is a top variant.
Warning: 'rs139107804' is missing from the main dataset, and is a top variant.
Warning: 'rs142473864' is missing from the main dataset, and is a top variant.
Warning: 'rs140495' is missing from the main dataset, and is a top variant.
Warning: 'rs138779218' is missing from the main dataset, and is a top variant.
Warning: 'rs201191362' is missing from the main dataset, and is a top variant.
Warning: 'rs12257782' is missing from the main dataset, and is a top variant.
Warning: 'rs150105389' is missing from the main dataset, and is a top variant.
Warning: 'rs139684109' is missing from the main dataset, and is a top variant.
Warning: 'rs117896567' is missing from the main dataset, and is a top variant.
Warning: 'rs10546363' is missing from the main dataset, and is a top variant.
Warning: 'rs200216139' is missing from the main dataset, and is a top variant.
Warning: 'rs201131521' is missing from the main dataset, and is a top variant.
Warning: 'rs200811208' is missing from the main dataset, and is a top variant.
Warning: 'rs138952652' is missing from the main dataset, and is a top variant.
Warning: 'rs138936090' is missing from the main dataset, and is a top variant.
--clump: 99 clumps formed from 5077 top variants.
Results written to
genie_clump/all2/all2ld_from_1kg.eur.biallele.snps.maf0.01/CD.gwas.sumstats.clumped
.

End time: Thu Sep  6 05:45:35 2018
