PLINK v1.90b3.35 64-bit (25 Mar 2016)
Options in effect:
  --bfile 1kg.eur.biallele.snps.maf0.01
  --clump /sc/orga/projects/va-biobank/Veera/downloads/CMC/modules/wen_gwas_files/cIMT.gwas.sumstats
  --clump-kb 250
  --clump-p1 0.00000005
  --clump-p2 0.00000005
  --clump-r2 0.1
  --out genie_clump/all2/all2ld_from_1kg.eur.biallele.snps.maf0.01/cIMT.gwas.sumstats

Hostname: node24-14
Working directory: /sc/orga/projects/va-biobank/Veera/genie/modules/predixcan/novel/temp
Start time: Thu Sep  6 05:48:28 2018

Random number seed: 1536227308
64399 MB RAM detected; reserving 32199 MB for main workspace.
8783349 variants loaded from .bim file.
503 people (0 males, 0 females, 503 ambiguous) loaded from .fam.
Ambiguous sex IDs written to
genie_clump/all2/all2ld_from_1kg.eur.biallele.snps.maf0.01/cIMT.gwas.sumstats.nosex
.
Using 1 thread (no multithreaded calculations invoked).
Before main variant filters, 503 founders and 0 nonfounders present.
Calculating allele frequencies... done.
8783349 variants and 503 people pass filters and QC.
Note: No phenotypes present.
Warning: 'rs146330915' is missing from the main dataset, and is a top variant.
Warning: 'rs7008161' is missing from the main dataset, and is a top variant.
Warning: 'rs11419631' is missing from the main dataset, and is a top variant.
Warning: 'rs36005423' is missing from the main dataset, and is a top variant.
Warning: 'rs35840532' is missing from the main dataset, and is a top variant.
Warning: 'rs36080074' is missing from the main dataset, and is a top variant.
Warning: 'rs5894618' is missing from the main dataset, and is a top variant.
Warning: 'rs4840512' is missing from the main dataset, and is a top variant.
Warning: 'rs34919965' is missing from the main dataset, and is a top variant.
Warning: 'rs34794885' is missing from the main dataset, and is a top variant.
Warning: 'rs35789991' is missing from the main dataset, and is a top variant.
Warning: 'rs113320517' is missing from the main dataset, and is a top variant.
Warning: 'rs34355014' is missing from the main dataset, and is a top variant.
Warning: 'rs36206870' is missing from the main dataset, and is a top variant.
Warning: 'rs35739911' is missing from the main dataset, and is a top variant.
Warning: 'rs113442811' is missing from the main dataset, and is a top variant.
Warning: 'rs199576024' is missing from the main dataset, and is a top variant.
Warning: 'rs529900' is missing from the main dataset, and is a top variant.
--clump: 9 clumps formed from 242 top variants.
Results written to
genie_clump/all2/all2ld_from_1kg.eur.biallele.snps.maf0.01/cIMT.gwas.sumstats.clumped
.

End time: Thu Sep  6 05:48:35 2018
