PLINK v1.90b3.35 64-bit (25 Mar 2016)
Options in effect:
  --bfile 1kg.eur.biallele.snps.maf0.01
  --clump /sc/orga/projects/va-biobank/Veera/downloads/CMC/modules/wen_gwas_files/FEMORAL_BMD.gwas.sumstats
  --clump-kb 250
  --clump-p1 0.00000005
  --clump-p2 0.00000005
  --clump-r2 0.1
  --out genie_clump/all2/all2ld_from_1kg.eur.biallele.snps.maf0.01/FEMORAL_BMD.gwas.sumstats

Hostname: node22-12
Working directory: /sc/orga/projects/va-biobank/Veera/genie/modules/predixcan/novel/temp
Start time: Thu Sep  6 05:41:48 2018

Random number seed: 1536226908
64398 MB RAM detected; reserving 32199 MB for main workspace.
8783349 variants loaded from .bim file.
503 people (0 males, 0 females, 503 ambiguous) loaded from .fam.
Ambiguous sex IDs written to
genie_clump/all2/all2ld_from_1kg.eur.biallele.snps.maf0.01/FEMORAL_BMD.gwas.sumstats.nosex
.
Using 1 thread (no multithreaded calculations invoked).
Before main variant filters, 503 founders and 0 nonfounders present.
Calculating allele frequencies... done.
8783349 variants and 503 people pass filters and QC.
Note: No phenotypes present.
Warning: 'rs401349' is missing from the main dataset, and is a top variant.
Warning: 'rs13260214' is missing from the main dataset, and is a top variant.
Warning: 'rs141595065' is missing from the main dataset, and is a top variant.
Warning: 'rs4355801' is missing from the main dataset, and is a top variant.
Warning: 'rs78317345' is missing from the main dataset, and is a top variant.
Warning: 'rs146792181' is missing from the main dataset, and is a top variant.
Warning: 'rs141979501' is missing from the main dataset, and is a top variant.
Warning: 'rs112918742' is missing from the main dataset, and is a top variant.
Warning: 'rs140234466' is missing from the main dataset, and is a top variant.
Warning: 'rs138902425' is missing from the main dataset, and is a top variant.
--clump: 28 clumps formed from 915 top variants.
Results written to
genie_clump/all2/all2ld_from_1kg.eur.biallele.snps.maf0.01/FEMORAL_BMD.gwas.sumstats.clumped
.

End time: Thu Sep  6 05:41:59 2018
