PLINK v1.90b3.35 64-bit (25 Mar 2016)
Options in effect:
  --bfile 1kg.eur.biallele.snps.maf0.01
  --clump /sc/orga/projects/va-biobank/Veera/downloads/CMC/modules/wen_gwas_files/IBD.gwas.sumstats
  --clump-kb 250
  --clump-p1 0.00000005
  --clump-p2 0.00000005
  --clump-r2 0.1
  --out genie_clump/all2/all2ld_from_1kg.eur.biallele.snps.maf0.01/IBD.gwas.sumstats

Hostname: node26-58
Working directory: /sc/orga/projects/va-biobank/Veera/genie/modules/predixcan/novel/temp
Start time: Thu Sep  6 05:48:28 2018

Random number seed: 1536227308
64450 MB RAM detected; reserving 32225 MB for main workspace.
8783349 variants loaded from .bim file.
503 people (0 males, 0 females, 503 ambiguous) loaded from .fam.
Ambiguous sex IDs written to
genie_clump/all2/all2ld_from_1kg.eur.biallele.snps.maf0.01/IBD.gwas.sumstats.nosex
.
Using 1 thread (no multithreaded calculations invoked).
Before main variant filters, 503 founders and 0 nonfounders present.
Calculating allele frequencies... done.
8783349 variants and 503 people pass filters and QC.
Note: No phenotypes present.
Warning: 'rs143913286' is missing from the main dataset, and is a top variant.
Warning: '1:67740171' is missing from the main dataset, and is a top variant.
Warning: 'rs144434064' is missing from the main dataset, and is a top variant.
Warning: 'rs11410147' is missing from the main dataset, and is a top variant.
Warning: 'rs116238258' is missing from the main dataset, and is a top variant.
Warning: 'rs369088646' is missing from the main dataset, and is a top variant.
Warning: 'rs114173254' is missing from the main dataset, and is a top variant.
Warning: 'rs28696118' is missing from the main dataset, and is a top variant.
Warning: 'rs56982680' is missing from the main dataset, and is a top variant.
Warning: 'rs11313807' is missing from the main dataset, and is a top variant.
Warning: 'rs11209040' is missing from the main dataset, and is a top variant.
Warning: 'rs114407826' is missing from the main dataset, and is a top variant.
Warning: 'rs6865484' is missing from the main dataset, and is a top variant.
Warning: 'rs56344733' is missing from the main dataset, and is a top variant.
Warning: 'rs11403745' is missing from the main dataset, and is a top variant.
Warning: 'rs11364607' is missing from the main dataset, and is a top variant.
Warning: 'rs5867512' is missing from the main dataset, and is a top variant.
Warning: 'rs149200362' is missing from the main dataset, and is a top variant.
Warning: 'rs202154124' is missing from the main dataset, and is a top variant.
Warning: 'rs138182176' is missing from the main dataset, and is a top variant.
Warning: 'rs5867513' is missing from the main dataset, and is a top variant.
Warning: 'rs5743289' is missing from the main dataset, and is a top variant.
Warning: 'rs140597306' is missing from the main dataset, and is a top variant.
Warning: 'rs115948982' is missing from the main dataset, and is a top variant.
Warning: 'rs55803432' is missing from the main dataset, and is a top variant.
Warning: 'rs116286871' is missing from the main dataset, and is a top variant.
Warning: 'rs114616683' is missing from the main dataset, and is a top variant.
Warning: 'rs200451533' is missing from the main dataset, and is a top variant.
Warning: 'rs140935661' is missing from the main dataset, and is a top variant.
Warning: 'rs146646093' is missing from the main dataset, and is a top variant.
Warning: 'rs143543980' is missing from the main dataset, and is a top variant.
Warning: 'rs148237128' is missing from the main dataset, and is a top variant.
Warning: 'rs150685428' is missing from the main dataset, and is a top variant.
Warning: 'rs71184661' is missing from the main dataset, and is a top variant.
Warning: 'rs147141470' is missing from the main dataset, and is a top variant.
Warning: 'rs11361434' is missing from the main dataset, and is a top variant.
Warning: 'rs67210967' is missing from the main dataset, and is a top variant.
Warning: 'rs33999608' is missing from the main dataset, and is a top variant.
Warning: 'rs10582618' is missing from the main dataset, and is a top variant.
Warning: 'rs5743266' is missing from the main dataset, and is a top variant.
Warning: 'rs35475565' is missing from the main dataset, and is a top variant.
Warning: 'rs11711485' is missing from the main dataset, and is a top variant.
Warning: 'rs71040008' is missing from the main dataset, and is a top variant.
Warning: 'rs140523972' is missing from the main dataset, and is a top variant.
Warning: 'rs5774863' is missing from the main dataset, and is a top variant.
Warning: 'rs138073019' is missing from the main dataset, and is a top variant.
Warning: 'rs60933862' is missing from the main dataset, and is a top variant.
Warning: 'rs35200461' is missing from the main dataset, and is a top variant.
Warning: 'rs76908010' is missing from the main dataset, and is a top variant.
Warning: 'rs201061693' is missing from the main dataset, and is a top variant.
Warning: 'rs71627385' is missing from the main dataset, and is a top variant.
Warning: 'rs200418763' is missing from the main dataset, and is a top variant.
Warning: 'rs200494307' is missing from the main dataset, and is a top variant.
Warning: 'rs35300242' is missing from the main dataset, and is a top variant.
Warning: '9:139302777' is missing from the main dataset, and is a top variant.
Warning: 'rs71355426' is missing from the main dataset, and is a top variant.
Warning: 'rs34233420' is missing from the main dataset, and is a top variant.
Warning: 'rs77594484' is missing from the main dataset, and is a top variant.
Warning: 'rs34455012' is missing from the main dataset, and is a top variant.
Warning: 'rs36019553' is missing from the main dataset, and is a top variant.
Warning: 'rs35174053' is missing from the main dataset, and is a top variant.
Warning: 'rs148015174' is missing from the main dataset, and is a top variant.
Warning: 'rs35196450' is missing from the main dataset, and is a top variant.
Warning: 'rs141262009' is missing from the main dataset, and is a top variant.
Warning: 'rs61422440' is missing from the main dataset, and is a top variant.
Warning: 'rs71473316' is missing from the main dataset, and is a top variant.
Warning: 'rs2066847' is missing from the main dataset, and is a top variant.
Warning: 'rs36084703' is missing from the main dataset, and is a top variant.
Warning: 'rs5787350' is missing from the main dataset, and is a top variant.
Warning: 'rs35609673' is missing from the main dataset, and is a top variant.
Warning: 'rs4654925' is missing from the main dataset, and is a top variant.
Warning: 'rs367998020' is missing from the main dataset, and is a top variant.
Warning: 'rs151062294' is missing from the main dataset, and is a top variant.
Warning: 'rs71152614' is missing from the main dataset, and is a top variant.
Warning: 'rs74873173' is missing from the main dataset, and is a top variant.
Warning: 'rs147386065' is missing from the main dataset, and is a top variant.
Warning: 'rs35451560' is missing from the main dataset, and is a top variant.
Warning: 'rs146604341' is missing from the main dataset, and is a top variant.
Warning: 'rs200216139' is missing from the main dataset, and is a top variant.
Warning: 'rs62541541' is missing from the main dataset, and is a top variant.
Warning: 'rs200907986' is missing from the main dataset, and is a top variant.
Warning: 'rs199855171' is missing from the main dataset, and is a top variant.
Warning: 'rs71152620' is missing from the main dataset, and is a top variant.
Warning: 'rs138210844' is missing from the main dataset, and is a top variant.
Warning: 'rs143228478' is missing from the main dataset, and is a top variant.
Warning: 'rs146015937' is missing from the main dataset, and is a top variant.
Warning: 'rs150783999' is missing from the main dataset, and is a top variant.
Warning: 'rs370895221' is missing from the main dataset, and is a top variant.
Warning: 'rs141623331' is missing from the main dataset, and is a top variant.
Warning: 'rs142614989' is missing from the main dataset, and is a top variant.
Warning: 'rs201355543' is missing from the main dataset, and is a top variant.
Warning: 'rs113659315' is missing from the main dataset, and is a top variant.
Warning: 'rs35463922' is missing from the main dataset, and is a top variant.
Warning: 'rs11418306' is missing from the main dataset, and is a top variant.
Warning: 'rs76960049' is missing from the main dataset, and is a top variant.
Warning: 'rs56046298' is missing from the main dataset, and is a top variant.
Warning: 'rs201448645' is missing from the main dataset, and is a top variant.
Warning: 'rs3838001' is missing from the main dataset, and is a top variant.
Warning: 'rs72422619' is missing from the main dataset, and is a top variant.
Warning: 'rs112538722' is missing from the main dataset, and is a top variant.
Warning: 'rs139236560' is missing from the main dataset, and is a top variant.
Warning: 'rs201714398' is missing from the main dataset, and is a top variant.
Warning: 'rs200610116' is missing from the main dataset, and is a top variant.
Warning: 'rs374497353' is missing from the main dataset, and is a top variant.
Warning: 'rs199703399' is missing from the main dataset, and is a top variant.
Warning: 'rs68002978' is missing from the main dataset, and is a top variant.
Warning: 'rs144214850' is missing from the main dataset, and is a top variant.
Warning: 'rs142326702' is missing from the main dataset, and is a top variant.
Warning: 'rs2066845' is missing from the main dataset, and is a top variant.
Warning: 'rs56241661' is missing from the main dataset, and is a top variant.
Warning: 'rs148144443' is missing from the main dataset, and is a top variant.
Warning: 'rs201555224' is missing from the main dataset, and is a top variant.
Warning: 'rs56276983' is missing from the main dataset, and is a top variant.
Warning: 'rs34486397' is missing from the main dataset, and is a top variant.
Warning: 'rs201950123' is missing from the main dataset, and is a top variant.
Warning: 'rs200903764' is missing from the main dataset, and is a top variant.
Warning: 'rs2236507' is missing from the main dataset, and is a top variant.
Warning: 'rs143377635' is missing from the main dataset, and is a top variant.
Warning: 'rs143846462' is missing from the main dataset, and is a top variant.
Warning: '1:206955408' is missing from the main dataset, and is a top variant.
Warning: 'rs201098338' is missing from the main dataset, and is a top variant.
Warning: 'rs201655125' is missing from the main dataset, and is a top variant.
Warning: 'rs11350707' is missing from the main dataset, and is a top variant.
Warning: 'rs199922348' is missing from the main dataset, and is a top variant.
Warning: 'rs67948571' is missing from the main dataset, and is a top variant.
Warning: 'rs6882977' is missing from the main dataset, and is a top variant.
Warning: 'rs59158058' is missing from the main dataset, and is a top variant.
Warning: 'rs2257437' is missing from the main dataset, and is a top variant.
Warning: 'rs34181452' is missing from the main dataset, and is a top variant.
Warning: 'rs59415374' is missing from the main dataset, and is a top variant.
Warning: 'rs146710035' is missing from the main dataset, and is a top variant.
Warning: 'rs149390964' is missing from the main dataset, and is a top variant.
Warning: 'rs199943607' is missing from the main dataset, and is a top variant.
Warning: 'rs112111529' is missing from the main dataset, and is a top variant.
Warning: 'rs139615886' is missing from the main dataset, and is a top variant.
Warning: 'rs77948998' is missing from the main dataset, and is a top variant.
Warning: 'rs150574014' is missing from the main dataset, and is a top variant.
Warning: 'rs139840232' is missing from the main dataset, and is a top variant.
Warning: 'rs5798894' is missing from the main dataset, and is a top variant.
Warning: '2:61197794' is missing from the main dataset, and is a top variant.
Warning: 'rs72538185' is missing from the main dataset, and is a top variant.
Warning: 'rs200773058' is missing from the main dataset, and is a top variant.
Warning: 'rs200010314' is missing from the main dataset, and is a top variant.
Warning: 'rs201580148' is missing from the main dataset, and is a top variant.
Warning: 'rs71152606' is missing from the main dataset, and is a top variant.
Warning: 'rs199550191' is missing from the main dataset, and is a top variant.
Warning: 'rs75421289' is missing from the main dataset, and is a top variant.
Warning: 'rs35564481' is missing from the main dataset, and is a top variant.
Warning: 'rs60482815' is missing from the main dataset, and is a top variant.
Warning: 'rs138638118' is missing from the main dataset, and is a top variant.
Warning: 'rs57164274' is missing from the main dataset, and is a top variant.
Warning: 'rs35826682' is missing from the main dataset, and is a top variant.
Warning: 'rs202148073' is missing from the main dataset, and is a top variant.
Warning: 'rs7090073' is missing from the main dataset, and is a top variant.
Warning: 'rs11476531' is missing from the main dataset, and is a top variant.
Warning: 'rs139114020' is missing from the main dataset, and is a top variant.
Warning: 'rs71022162' is missing from the main dataset, and is a top variant.
Warning: '12:40592628' is missing from the main dataset, and is a top variant.
Warning: 'rs35396782' is missing from the main dataset, and is a top variant.
Warning: 'rs11177057' is missing from the main dataset, and is a top variant.
Warning: 'rs113307843' is missing from the main dataset, and is a top variant.
Warning: 'rs11376272' is missing from the main dataset, and is a top variant.
Warning: 'rs200829235' is missing from the main dataset, and is a top variant.
Warning: 'rs10714791' is missing from the main dataset, and is a top variant.
Warning: 'rs202120629' is missing from the main dataset, and is a top variant.
Warning: 'rs11347983' is missing from the main dataset, and is a top variant.
Warning: 'rs148405881' is missing from the main dataset, and is a top variant.
Warning: 'rs9299717' is missing from the main dataset, and is a top variant.
Warning: 'rs4957310' is missing from the main dataset, and is a top variant.
Warning: 'rs35904956' is missing from the main dataset, and is a top variant.
Warning: 'rs35106698' is missing from the main dataset, and is a top variant.
Warning: 'rs186583788' is missing from the main dataset, and is a top variant.
Warning: 'rs11309936' is missing from the main dataset, and is a top variant.
Warning: 'rs147305561' is missing from the main dataset, and is a top variant.
Warning: 'rs34039576' is missing from the main dataset, and is a top variant.
Warning: 'rs142483589' is missing from the main dataset, and is a top variant.
Warning: 'rs142751566' is missing from the main dataset, and is a top variant.
Warning: 'rs6792911' is missing from the main dataset, and is a top variant.
Warning: 'rs117896567' is missing from the main dataset, and is a top variant.
Warning: 'rs150105389' is missing from the main dataset, and is a top variant.
Warning: 'rs146385350' is missing from the main dataset, and is a top variant.
Warning: 'rs150926910' is missing from the main dataset, and is a top variant.
Warning: 'rs35735363' is missing from the main dataset, and is a top variant.
Warning: 'rs182158507' is missing from the main dataset, and is a top variant.
Warning: 'rs58627699' is missing from the main dataset, and is a top variant.
Warning: 'rs71080530' is missing from the main dataset, and is a top variant.
Warning: 'rs6874549' is missing from the main dataset, and is a top variant.
Warning: 'rs34240317' is missing from the main dataset, and is a top variant.
Warning: 'rs148230547' is missing from the main dataset, and is a top variant.
Warning: 'rs149389628' is missing from the main dataset, and is a top variant.
Warning: 'rs5785543' is missing from the main dataset, and is a top variant.
Warning: 'rs148999797' is missing from the main dataset, and is a top variant.
Warning: 'rs116129874' is missing from the main dataset, and is a top variant.
Warning: 'rs10556150' is missing from the main dataset, and is a top variant.
Warning: 'rs224130' is missing from the main dataset, and is a top variant.
Warning: 'rs35455295' is missing from the main dataset, and is a top variant.
Warning: 'rs114860125' is missing from the main dataset, and is a top variant.
Warning: 'rs35008389' is missing from the main dataset, and is a top variant.
Warning: 'rs200738161' is missing from the main dataset, and is a top variant.
Warning: 'rs143737533' is missing from the main dataset, and is a top variant.
Warning: 'rs199541433' is missing from the main dataset, and is a top variant.
Warning: 'rs11400401' is missing from the main dataset, and is a top variant.
Warning: 'rs17884075' is missing from the main dataset, and is a top variant.
Warning: 'rs61349126' is missing from the main dataset, and is a top variant.
Warning: 'rs34772339' is missing from the main dataset, and is a top variant.
Warning: 'rs35365539' is missing from the main dataset, and is a top variant.
Warning: 'rs34385629' is missing from the main dataset, and is a top variant.
Warning: 'rs55763835' is missing from the main dataset, and is a top variant.
Warning: 'rs4957312' is missing from the main dataset, and is a top variant.
Warning: 'rs34297856' is missing from the main dataset, and is a top variant.
Warning: 'rs148317090' is missing from the main dataset, and is a top variant.
Warning: 'rs183905856' is missing from the main dataset, and is a top variant.
Warning: 'rs141403616' is missing from the main dataset, and is a top variant.
Warning: '5:131809757' is missing from the main dataset, and is a top variant.
Warning: 'rs7786761' is missing from the main dataset, and is a top variant.
Warning: 'rs3214098' is missing from the main dataset, and is a top variant.
Warning: 'rs35146492' is missing from the main dataset, and is a top variant.
Warning: 'rs10671397' is missing from the main dataset, and is a top variant.
Warning: 'rs185789577' is missing from the main dataset, and is a top variant.
Warning: 'rs111666761' is missing from the main dataset, and is a top variant.
Warning: 'rs67050643' is missing from the main dataset, and is a top variant.
Warning: 'rs36124097' is missing from the main dataset, and is a top variant.
Warning: 'rs192004' is missing from the main dataset, and is a top variant.
Warning: 'rs35036287' is missing from the main dataset, and is a top variant.
Warning: 'rs34527733' is missing from the main dataset, and is a top variant.
Warning: 'rs11275149' is missing from the main dataset, and is a top variant.
Warning: 'rs200181388' is missing from the main dataset, and is a top variant.
Warning: 'rs71080526' is missing from the main dataset, and is a top variant.
Warning: 'rs149077972' is missing from the main dataset, and is a top variant.
Warning: 'rs34713587' is missing from the main dataset, and is a top variant.
Warning: 'rs35153695' is missing from the main dataset, and is a top variant.
Warning: 'rs34976365' is missing from the main dataset, and is a top variant.
Warning: 'rs11592404' is missing from the main dataset, and is a top variant.
Warning: 'rs34496083' is missing from the main dataset, and is a top variant.
Warning: 'rs34249210' is missing from the main dataset, and is a top variant.
Warning: 'rs34320503' is missing from the main dataset, and is a top variant.
Warning: 'rs71183480' is missing from the main dataset, and is a top variant.
Warning: 'rs10632976' is missing from the main dataset, and is a top variant.
Warning: 'rs111813824' is missing from the main dataset, and is a top variant.
Warning: 'rs10974984' is missing from the main dataset, and is a top variant.
Warning: 'rs5867518' is missing from the main dataset, and is a top variant.
Warning: 'rs66492049' is missing from the main dataset, and is a top variant.
Warning: 'rs10542952' is missing from the main dataset, and is a top variant.
Warning: 'rs10758674' is missing from the main dataset, and is a top variant.
Warning: 'rs59527031' is missing from the main dataset, and is a top variant.
Warning: 'rs35006957' is missing from the main dataset, and is a top variant.
Warning: 'rs3838004' is missing from the main dataset, and is a top variant.
Warning: 'rs72676041' is missing from the main dataset, and is a top variant.
Warning: 'rs146911522' is missing from the main dataset, and is a top variant.
Warning: 'rs116749111' is missing from the main dataset, and is a top variant.
Warning: 'rs10628250' is missing from the main dataset, and is a top variant.
Warning: 'rs58456759' is missing from the main dataset, and is a top variant.
Warning: 'rs60001190' is missing from the main dataset, and is a top variant.
Warning: 'rs74993771' is missing from the main dataset, and is a top variant.
Warning: 'rs11476558' is missing from the main dataset, and is a top variant.
Warning: 'rs66874610' is missing from the main dataset, and is a top variant.
Warning: 'rs35571054' is missing from the main dataset, and is a top variant.
Warning: 'rs71033380' is missing from the main dataset, and is a top variant.
Warning: 'rs138638683' is missing from the main dataset, and is a top variant.
Warning: 'rs201191362' is missing from the main dataset, and is a top variant.
Warning: 'rs111396397' is missing from the main dataset, and is a top variant.
Warning: 'rs114784610' is missing from the main dataset, and is a top variant.
Warning: 'rs111238454' is missing from the main dataset, and is a top variant.
Warning: 'rs58848917' is missing from the main dataset, and is a top variant.
Warning: 'rs34906849' is missing from the main dataset, and is a top variant.
Warning: 'rs34034547' is missing from the main dataset, and is a top variant.
Warning: 'rs142342883' is missing from the main dataset, and is a top variant.
Warning: 'rs112321295' is missing from the main dataset, and is a top variant.
Warning: 'rs112483869' is missing from the main dataset, and is a top variant.
Warning: 'rs142885957' is missing from the main dataset, and is a top variant.
Warning: 'rs34303523' is missing from the main dataset, and is a top variant.
Warning: 'rs77208729' is missing from the main dataset, and is a top variant.
Warning: 'rs71839713' is missing from the main dataset, and is a top variant.
Warning: 'rs11399450' is missing from the main dataset, and is a top variant.
Warning: 'rs11167518' is missing from the main dataset, and is a top variant.
Warning: 'rs111614933' is missing from the main dataset, and is a top variant.
Warning: 'rs114244137' is missing from the main dataset, and is a top variant.
Warning: 'rs115823027' is missing from the main dataset, and is a top variant.
Warning: 'rs35564298' is missing from the main dataset, and is a top variant.
Warning: 'rs113238356' is missing from the main dataset, and is a top variant.
Warning: 'rs33993564' is missing from the main dataset, and is a top variant.
Warning: 'rs34716763' is missing from the main dataset, and is a top variant.
Warning: 'rs146759849' is missing from the main dataset, and is a top variant.
Warning: 'rs35320969' is missing from the main dataset, and is a top variant.
Warning: 'rs11378157' is missing from the main dataset, and is a top variant.
Warning: 'rs140683487' is missing from the main dataset, and is a top variant.
Warning: 'rs76236214' is missing from the main dataset, and is a top variant.
Warning: 'rs11389441' is missing from the main dataset, and is a top variant.
Warning: 'rs112552729' is missing from the main dataset, and is a top variant.
Warning: 'rs11374168' is missing from the main dataset, and is a top variant.
Warning: 'rs200763879' is missing from the main dataset, and is a top variant.
Warning: 'rs66481324' is missing from the main dataset, and is a top variant.
Warning: 'rs59139331' is missing from the main dataset, and is a top variant.
Warning: 'rs144754472' is missing from the main dataset, and is a top variant.
Warning: 'rs149619730' is missing from the main dataset, and is a top variant.
Warning: 'rs35289634' is missing from the main dataset, and is a top variant.
Warning: 'rs12257782' is missing from the main dataset, and is a top variant.
Warning: 'rs10539398' is missing from the main dataset, and is a top variant.
Warning: 'rs79073119' is missing from the main dataset, and is a top variant.
Warning: 'rs73166630' is missing from the main dataset, and is a top variant.
Warning: 'rs57062854' is missing from the main dataset, and is a top variant.
Warning: 'rs34051806' is missing from the main dataset, and is a top variant.
Warning: 'rs145273598' is missing from the main dataset, and is a top variant.
Warning: 'rs145319498' is missing from the main dataset, and is a top variant.
Warning: 'rs199832313' is missing from the main dataset, and is a top variant.
Warning: 'rs34458103' is missing from the main dataset, and is a top variant.
Warning: 'rs9619386' is missing from the main dataset, and is a top variant.
Warning: 'rs71074265' is missing from the main dataset, and is a top variant.
Warning: 'rs146669325' is missing from the main dataset, and is a top variant.
Warning: 'rs3042335' is missing from the main dataset, and is a top variant.
Warning: 'rs202020996' is missing from the main dataset, and is a top variant.
Warning: 'rs67163745' is missing from the main dataset, and is a top variant.
Warning: 'rs117533141' is missing from the main dataset, and is a top variant.
Warning: 'rs10235019' is missing from the main dataset, and is a top variant.
Warning: 'rs8137950' is missing from the main dataset, and is a top variant.
Warning: '20:62240417' is missing from the main dataset, and is a top variant.
Warning: 'rs117074859' is missing from the main dataset, and is a top variant.
Warning: 'rs10709842' is missing from the main dataset, and is a top variant.
Warning: 'rs200527746' is missing from the main dataset, and is a top variant.
Warning: 'rs34967686' is missing from the main dataset, and is a top variant.
Warning: 'rs61710173' is missing from the main dataset, and is a top variant.
Warning: 'rs140495' is missing from the main dataset, and is a top variant.
Warning: 'rs35756002' is missing from the main dataset, and is a top variant.
Warning: 'rs118038814' is missing from the main dataset, and is a top variant.
Warning: 'rs35388762' is missing from the main dataset, and is a top variant.
Warning: 'rs149400131' is missing from the main dataset, and is a top variant.
Warning: 'rs200055140' is missing from the main dataset, and is a top variant.
Warning: 'rs131655' is missing from the main dataset, and is a top variant.
Warning: 'rs34560559' is missing from the main dataset, and is a top variant.
Warning: 'rs5780052' is missing from the main dataset, and is a top variant.
Warning: 'rs36076520' is missing from the main dataset, and is a top variant.
Warning: 'rs164765' is missing from the main dataset, and is a top variant.
Warning: 'rs142473864' is missing from the main dataset, and is a top variant.
Warning: 'rs146809685' is missing from the main dataset, and is a top variant.
Warning: 'rs143986990' is missing from the main dataset, and is a top variant.
Warning: 'rs200606107' is missing from the main dataset, and is a top variant.
Warning: 'rs150718663' is missing from the main dataset, and is a top variant.
Warning: 'rs199994093' is missing from the main dataset, and is a top variant.
Warning: 'rs149671902' is missing from the main dataset, and is a top variant.
Warning: 'rs11417299' is missing from the main dataset, and is a top variant.
Warning: 'rs143523391' is missing from the main dataset, and is a top variant.
Warning: 'rs3834652' is missing from the main dataset, and is a top variant.
Warning: 'rs59321715' is missing from the main dataset, and is a top variant.
Warning: 'rs141072066' is missing from the main dataset, and is a top variant.
Warning: 'rs2307725' is missing from the main dataset, and is a top variant.
Warning: 'rs199766562' is missing from the main dataset, and is a top variant.
Warning: 'rs34660653' is missing from the main dataset, and is a top variant.
Warning: 'rs34083427' is missing from the main dataset, and is a top variant.
Warning: 'rs58077207' is missing from the main dataset, and is a top variant.
Warning: 'rs5833015' is missing from the main dataset, and is a top variant.
Warning: 'rs202245860' is missing from the main dataset, and is a top variant.
Warning: 'rs11307261' is missing from the main dataset, and is a top variant.
Warning: 'rs35711445' is missing from the main dataset, and is a top variant.
Warning: 'rs111857492' is missing from the main dataset, and is a top variant.
Warning: 'rs201212381' is missing from the main dataset, and is a top variant.
Warning: 'rs146701896' is missing from the main dataset, and is a top variant.
Warning: 'rs111650503' is missing from the main dataset, and is a top variant.
Warning: 'rs5833017' is missing from the main dataset, and is a top variant.
Warning: 'rs71522853' is missing from the main dataset, and is a top variant.
Warning: 'rs201017113' is missing from the main dataset, and is a top variant.
Warning: 'rs2075185' is missing from the main dataset, and is a top variant.
Warning: 'rs138636798' is missing from the main dataset, and is a top variant.
Warning: 'rs35533149' is missing from the main dataset, and is a top variant.
Warning: 'rs140249833' is missing from the main dataset, and is a top variant.
Warning: 'rs182550937' is missing from the main dataset, and is a top variant.
Warning: 'rs11467632' is missing from the main dataset, and is a top variant.
Warning: 'rs117225137' is missing from the main dataset, and is a top variant.
Warning: 'rs147147231' is missing from the main dataset, and is a top variant.
Warning: '3:49840525' is missing from the main dataset, and is a top variant.
Warning: 'rs138616994' is missing from the main dataset, and is a top variant.
Warning: 'rs35825980' is missing from the main dataset, and is a top variant.
Warning: 'rs59712977' is missing from the main dataset, and is a top variant.
Warning: 'rs372063574' is missing from the main dataset, and is a top variant.
Warning: 'rs200327710' is missing from the main dataset, and is a top variant.
Warning: 'rs66654038' is missing from the main dataset, and is a top variant.
Warning: 'rs60550754' is missing from the main dataset, and is a top variant.
Warning: 'rs35995366' is missing from the main dataset, and is a top variant.
Warning: 'rs141239313' is missing from the main dataset, and is a top variant.
Warning: 'rs200554474' is missing from the main dataset, and is a top variant.
Warning: 'rs11477510' is missing from the main dataset, and is a top variant.
Warning: 'rs60594529' is missing from the main dataset, and is a top variant.
Warning: 'rs142126510' is missing from the main dataset, and is a top variant.
Warning: 'rs3923475' is missing from the main dataset, and is a top variant.
Warning: 'rs11295167' is missing from the main dataset, and is a top variant.
Warning: 'rs202153204' is missing from the main dataset, and is a top variant.
Warning: 'rs116716000' is missing from the main dataset, and is a top variant.
Warning: 'rs114330951' is missing from the main dataset, and is a top variant.
Warning: 'rs140748' is missing from the main dataset, and is a top variant.
Warning: 'rs138754768' is missing from the main dataset, and is a top variant.
Warning: 'rs140760957' is missing from the main dataset, and is a top variant.
Warning: 'rs200928817' is missing from the main dataset, and is a top variant.
Warning: 'rs34303588' is missing from the main dataset, and is a top variant.
Warning: 'rs140752' is missing from the main dataset, and is a top variant.
Warning: 'rs35401781' is missing from the main dataset, and is a top variant.
Warning: 'rs35926736' is missing from the main dataset, and is a top variant.
Warning: 'rs139730399' is missing from the main dataset, and is a top variant.
Warning: 'rs76211404' is missing from the main dataset, and is a top variant.
Warning: 'rs100382' is missing from the main dataset, and is a top variant.
Warning: 'rs34358774' is missing from the main dataset, and is a top variant.
Warning: 'rs60341666' is missing from the main dataset, and is a top variant.
Warning: 'rs138384476' is missing from the main dataset, and is a top variant.
Warning: '3:49234113' is missing from the main dataset, and is a top variant.
Warning: 'rs200836087' is missing from the main dataset, and is a top variant.
Warning: 'rs34261514' is missing from the main dataset, and is a top variant.
Warning: 'rs71032891' is missing from the main dataset, and is a top variant.
Warning: 'rs34178035' is missing from the main dataset, and is a top variant.
Warning: 'rs139882214' is missing from the main dataset, and is a top variant.
Warning: 'rs200493644' is missing from the main dataset, and is a top variant.
Warning: 'rs34930159' is missing from the main dataset, and is a top variant.
Warning: 'rs11119570' is missing from the main dataset, and is a top variant.
Warning: 'rs10606840' is missing from the main dataset, and is a top variant.
Warning: 'rs34021504' is missing from the main dataset, and is a top variant.
Warning: 'rs5816477' is missing from the main dataset, and is a top variant.
Warning: 'rs71631027' is missing from the main dataset, and is a top variant.
Warning: 'rs35727090' is missing from the main dataset, and is a top variant.
Warning: 'rs112643993' is missing from the main dataset, and is a top variant.
Warning: 'rs56761706' is missing from the main dataset, and is a top variant.
Warning: 'rs56997939' is missing from the main dataset, and is a top variant.
Warning: 'rs192234288' is missing from the main dataset, and is a top variant.
Warning: '6:14734341' is missing from the main dataset, and is a top variant.
Warning: 'rs143626010' is missing from the main dataset, and is a top variant.
Warning: 'rs75337113' is missing from the main dataset, and is a top variant.
Warning: 'rs147084794' is missing from the main dataset, and is a top variant.
Warning: 'rs141681863' is missing from the main dataset, and is a top variant.
Warning: 'rs147750632' is missing from the main dataset, and is a top variant.
Warning: 'rs200968609' is missing from the main dataset, and is a top variant.
Warning: 'rs34006532' is missing from the main dataset, and is a top variant.
Warning: 'rs11452963' is missing from the main dataset, and is a top variant.
Warning: 'rs3215549' is missing from the main dataset, and is a top variant.
Warning: 'rs13306750' is missing from the main dataset, and is a top variant.
Warning: 'rs116842526' is missing from the main dataset, and is a top variant.
Warning: 'rs117430091' is missing from the main dataset, and is a top variant.
Warning: 'rs138198313' is missing from the main dataset, and is a top variant.
Warning: 'rs34842917' is missing from the main dataset, and is a top variant.
Warning: 'rs201107789' is missing from the main dataset, and is a top variant.
Warning: 'rs55681053' is missing from the main dataset, and is a top variant.
Warning: 'rs3830585' is missing from the main dataset, and is a top variant.
Warning: 'rs34729961' is missing from the main dataset, and is a top variant.
Warning: 'rs4710171' is missing from the main dataset, and is a top variant.
Warning: 'rs35476284' is missing from the main dataset, and is a top variant.
Warning: 'rs34368382' is missing from the main dataset, and is a top variant.
Warning: 'rs34598673' is missing from the main dataset, and is a top variant.
Warning: 'rs71174151' is missing from the main dataset, and is a top variant.
Warning: 'rs148404542' is missing from the main dataset, and is a top variant.
Warning: 'rs5784445' is missing from the main dataset, and is a top variant.
Warning: 'rs151309334' is missing from the main dataset, and is a top variant.
Warning: 'rs60354137' is missing from the main dataset, and is a top variant.
Warning: 'rs61802764' is missing from the main dataset, and is a top variant.
Warning: 'rs67744948' is missing from the main dataset, and is a top variant.
Warning: '22:21966804' is missing from the main dataset, and is a top variant.
Warning: 'rs148019450' is missing from the main dataset, and is a top variant.
Warning: 'rs112479807' is missing from the main dataset, and is a top variant.
Warning: 'rs11377261' is missing from the main dataset, and is a top variant.
Warning: 'rs142804409' is missing from the main dataset, and is a top variant.
Warning: 'rs6476956' is missing from the main dataset, and is a top variant.
Warning: 'rs35155896' is missing from the main dataset, and is a top variant.
Warning: 'rs5881724' is missing from the main dataset, and is a top variant.
Warning: 'rs72546835' is missing from the main dataset, and is a top variant.
Warning: 'rs35933605' is missing from the main dataset, and is a top variant.
Warning: 'rs6149247' is missing from the main dataset, and is a top variant.
Warning: 'rs60773944' is missing from the main dataset, and is a top variant.
Warning: 'rs35876947' is missing from the main dataset, and is a top variant.
Warning: 'rs113823697' is missing from the main dataset, and is a top variant.
Warning: 'rs141876325' is missing from the main dataset, and is a top variant.
Warning: 'rs35638858' is missing from the main dataset, and is a top variant.
Warning: 'rs4551060' is missing from the main dataset, and is a top variant.
Warning: 'rs55752354' is missing from the main dataset, and is a top variant.
Warning: 'rs140753' is missing from the main dataset, and is a top variant.
Warning: 'rs35503688' is missing from the main dataset, and is a top variant.
Warning: 'rs35577370' is missing from the main dataset, and is a top variant.
Warning: 'rs34539212' is missing from the main dataset, and is a top variant.
Warning: 'rs59360371' is missing from the main dataset, and is a top variant.
Warning: 'rs140591640' is missing from the main dataset, and is a top variant.
Warning: 'rs67464089' is missing from the main dataset, and is a top variant.
Warning: 'rs201389301' is missing from the main dataset, and is a top variant.
Warning: 'rs10658897' is missing from the main dataset, and is a top variant.
Warning: 'rs35731981' is missing from the main dataset, and is a top variant.
Warning: 'rs3836862' is missing from the main dataset, and is a top variant.
Warning: 'rs199657529' is missing from the main dataset, and is a top variant.
Warning: 'rs61488614' is missing from the main dataset, and is a top variant.
Warning: 'rs34516922' is missing from the main dataset, and is a top variant.
Warning: 'rs367687005' is missing from the main dataset, and is a top variant.
Warning: 'rs11294975' is missing from the main dataset, and is a top variant.
Warning: 'rs147881598' is missing from the main dataset, and is a top variant.
Warning: 'rs11458970' is missing from the main dataset, and is a top variant.
Warning: 'rs149505060' is missing from the main dataset, and is a top variant.
Warning: 'rs115529120' is missing from the main dataset, and is a top variant.
Warning: 'rs144007425' is missing from the main dataset, and is a top variant.
Warning: 'rs11306691' is missing from the main dataset, and is a top variant.
Warning: 'rs3841348' is missing from the main dataset, and is a top variant.
Warning: 'rs372456422' is missing from the main dataset, and is a top variant.
Warning: 'rs145998192' is missing from the main dataset, and is a top variant.
Warning: 'rs138159013' is missing from the main dataset, and is a top variant.
Warning: 'rs201076194' is missing from the main dataset, and is a top variant.
Warning: 'rs57952915' is missing from the main dataset, and is a top variant.
Warning: 'rs148525863' is missing from the main dataset, and is a top variant.
Warning: 'rs71297581' is missing from the main dataset, and is a top variant.
Warning: 'rs148517336' is missing from the main dataset, and is a top variant.
Warning: 'rs71552794' is missing from the main dataset, and is a top variant.
Warning: 'rs145177144' is missing from the main dataset, and is a top variant.
Warning: 'rs140810052' is missing from the main dataset, and is a top variant.
Warning: 'rs149952891' is missing from the main dataset, and is a top variant.
Warning: 'rs60522531' is missing from the main dataset, and is a top variant.
Warning: 'rs35574157' is missing from the main dataset, and is a top variant.
Warning: 'rs35342564' is missing from the main dataset, and is a top variant.
Warning: 'rs3057121' is missing from the main dataset, and is a top variant.
Warning: 'rs199950879' is missing from the main dataset, and is a top variant.
Warning: 'rs11333504' is missing from the main dataset, and is a top variant.
Warning: 'rs186229295' is missing from the main dataset, and is a top variant.
Warning: 'rs7280199' is missing from the main dataset, and is a top variant.
Warning: 'rs77815052' is missing from the main dataset, and is a top variant.
Warning: 'rs61267628' is missing from the main dataset, and is a top variant.
Warning: 'rs10566969' is missing from the main dataset, and is a top variant.
Warning: 'rs140001625' is missing from the main dataset, and is a top variant.
Warning: 'rs59621402' is missing from the main dataset, and is a top variant.
Warning: 'rs200180031' is missing from the main dataset, and is a top variant.
Warning: 'rs77077766' is missing from the main dataset, and is a top variant.
Warning: 'rs148022887' is missing from the main dataset, and is a top variant.
--clump: 114 clumps formed from 5988 top variants.
Results written to
genie_clump/all2/all2ld_from_1kg.eur.biallele.snps.maf0.01/IBD.gwas.sumstats.clumped
.

End time: Thu Sep  6 05:48:40 2018
