PLINK v1.90b3.35 64-bit (25 Mar 2016)
Options in effect:
  --bfile 1kg.eur.biallele.snps.maf0.01
  --clump /sc/orga/projects/va-biobank/Veera/downloads/CMC/modules/wen_gwas_files/iPSYCH_ASD.gwas.sumstats
  --clump-kb 250
  --clump-p1 0.00000005
  --clump-p2 0.00000005
  --clump-r2 0.1
  --out genie_clump/all2/all2ld_from_1kg.eur.biallele.snps.maf0.01/iPSYCH_ASD.gwas.sumstats

Hostname: node26-4
Working directory: /sc/orga/projects/va-biobank/Veera/genie/modules/predixcan/novel/temp
Start time: Thu Sep  6 05:43:06 2018

Random number seed: 1536226986
64450 MB RAM detected; reserving 32225 MB for main workspace.
8783349 variants loaded from .bim file.
503 people (0 males, 0 females, 503 ambiguous) loaded from .fam.
Ambiguous sex IDs written to
genie_clump/all2/all2ld_from_1kg.eur.biallele.snps.maf0.01/iPSYCH_ASD.gwas.sumstats.nosex
.
Using 1 thread (no multithreaded calculations invoked).
Before main variant filters, 503 founders and 0 nonfounders present.
Calculating allele frequencies... done.
8783349 variants and 503 people pass filters and QC.
Note: No phenotypes present.
Warning: '20:21411615' is missing from the main dataset, and is a top variant.
Warning: '20:21199826' is missing from the main dataset, and is a top variant.
Warning: '20:21117240' is missing from the main dataset, and is a top variant.
Warning: 'rs57976745' is missing from the main dataset, and is a top variant.
Warning: 'rs113644583' is missing from the main dataset, and is a top variant.
Warning: 'rs200418446' is missing from the main dataset, and is a top variant.
Warning: 'rs11476840' is missing from the main dataset, and is a top variant.
Warning: 'rs11473331' is missing from the main dataset, and is a top variant.
Warning: 'rs11475262' is missing from the main dataset, and is a top variant.
Warning: 'rs71190156' is missing from the main dataset, and is a top variant.
Warning: 'rs139520783' is missing from the main dataset, and is a top variant.
Warning: '20:21199831' is missing from the main dataset, and is a top variant.
Warning: '20:21199827' is missing from the main dataset, and is a top variant.
Warning: '20:21199830' is missing from the main dataset, and is a top variant.
Warning: 'rs61279078' is missing from the main dataset, and is a top variant.
Warning: 'rs6035790' is missing from the main dataset, and is a top variant.
Warning: 'rs68145616' is missing from the main dataset, and is a top variant.
--clump: 2 clumps formed from 74 top variants.
Results written to
genie_clump/all2/all2ld_from_1kg.eur.biallele.snps.maf0.01/iPSYCH_ASD.gwas.sumstats.clumped
.

End time: Thu Sep  6 05:43:17 2018
