PLINK v1.90b3.35 64-bit (25 Mar 2016)
Options in effect:
  --bfile 1kg.eur.biallele.snps.maf0.01
  --clump /sc/orga/projects/va-biobank/Veera/downloads/CMC/modules/wen_gwas_files/LIPIDS_LDL.gwas.sumstats
  --clump-kb 250
  --clump-p1 0.00000005
  --clump-p2 0.00000005
  --clump-r2 0.1
  --out genie_clump/all2/all2ld_from_1kg.eur.biallele.snps.maf0.01/LIPIDS_LDL.gwas.sumstats

Hostname: node22-12
Working directory: /sc/orga/projects/va-biobank/Veera/genie/modules/predixcan/novel/temp
Start time: Thu Sep  6 05:44:28 2018

Random number seed: 1536227068
64398 MB RAM detected; reserving 32199 MB for main workspace.
8783349 variants loaded from .bim file.
503 people (0 males, 0 females, 503 ambiguous) loaded from .fam.
Ambiguous sex IDs written to
genie_clump/all2/all2ld_from_1kg.eur.biallele.snps.maf0.01/LIPIDS_LDL.gwas.sumstats.nosex
.
Using 1 thread (no multithreaded calculations invoked).
Before main variant filters, 503 founders and 0 nonfounders present.
Calculating allele frequencies... done.
8783349 variants and 503 people pass filters and QC.
Note: No phenotypes present.
Warning: 'rs480787' is missing from the main dataset, and is a top variant.
Warning: 'rs57677983' is missing from the main dataset, and is a top variant.
Warning: 'rs8110695' is missing from the main dataset, and is a top variant.
Warning: 'rs1998013' is missing from the main dataset, and is a top variant.
Warning: 'rs34416543' is missing from the main dataset, and is a top variant.
Warning: 'rs312029' is missing from the main dataset, and is a top variant.
Warning: 'rs529396' is missing from the main dataset, and is a top variant.
Warning: 'rs522761' is missing from the main dataset, and is a top variant.
Warning: 'rs1168045' is missing from the main dataset, and is a top variant.
Warning: '9:136141870' is missing from the main dataset, and is a top variant.
Warning: '9:136149399' is missing from the main dataset, and is a top variant.
Warning: 'rs28641195' is missing from the main dataset, and is a top variant.
Warning: '9:136143442' is missing from the main dataset, and is a top variant.
Warning: '9:136149229' is missing from the main dataset, and is a top variant.
Warning: '9:136142203' is missing from the main dataset, and is a top variant.
Warning: '9:136143372' is missing from the main dataset, and is a top variant.
Warning: '9:136149500' is missing from the main dataset, and is a top variant.
Warning: 'rs1553318' is missing from the main dataset, and is a top variant.
Warning: 'rs1800478' is missing from the main dataset, and is a top variant.
Warning: '9:136142355' is missing from the main dataset, and is a top variant.
Warning: '9:136142217' is missing from the main dataset, and is a top variant.
Warning: 'rs2738459' is missing from the main dataset, and is a top variant.
Warning: 'rs1600073' is missing from the main dataset, and is a top variant.
Warning: 'rs12279373' is missing from the main dataset, and is a top variant.
Warning: '9:136139265' is missing from the main dataset, and is a top variant.
Warning: 'rs7250368' is missing from the main dataset, and is a top variant.
Warning: 'rs1169313' is missing from the main dataset, and is a top variant.
Warning: 'rs6129778' is missing from the main dataset, and is a top variant.
Warning: 'rs77218814' is missing from the main dataset, and is a top variant.
Warning: '5:74817594' is missing from the main dataset, and is a top variant.
Warning: 'rs2980878' is missing from the main dataset, and is a top variant.
Warning: '9:136146664' is missing from the main dataset, and is a top variant.
Warning: 'rs58418518' is missing from the main dataset, and is a top variant.
Warning: 'rs374077976' is missing from the main dataset, and is a top variant.
Warning: 'rs12720804' is missing from the main dataset, and is a top variant.
Warning: 'rs10776807' is missing from the main dataset, and is a top variant.
Warning: 'rs6124331' is missing from the main dataset, and is a top variant.
Warning: 'rs174585' is missing from the main dataset, and is a top variant.
Warning: 'rs602705' is missing from the main dataset, and is a top variant.
Warning: '1:109836381' is missing from the main dataset, and is a top variant.
Warning: 'rs2074550' is missing from the main dataset, and is a top variant.
Warning: 'rs3124765' is missing from the main dataset, and is a top variant.
Warning: 'rs2878521' is missing from the main dataset, and is a top variant.
Warning: 'rs12713843' is missing from the main dataset, and is a top variant.
Warning: 'rs3798220' is missing from the main dataset, and is a top variant.
Warning: 'rs12714221' is missing from the main dataset, and is a top variant.
Warning: 'rs478691' is missing from the main dataset, and is a top variant.
Warning: 'rs10640109' is missing from the main dataset, and is a top variant.
Warning: 'rs117791490' is missing from the main dataset, and is a top variant.
Warning: 'rs204541' is missing from the main dataset, and is a top variant.
Warning: '9:136145974' is missing from the main dataset, and is a top variant.
Warning: 'rs17320616' is missing from the main dataset, and is a top variant.
Warning: '9:136139754' is missing from the main dataset, and is a top variant.
Warning: 'rs7714420' is missing from the main dataset, and is a top variant.
Warning: 'rs35586191' is missing from the main dataset, and is a top variant.
Warning: 'rs6722374' is missing from the main dataset, and is a top variant.
Warning: 'rs1510224' is missing from the main dataset, and is a top variant.
Warning: 'rs5894757' is missing from the main dataset, and is a top variant.
Warning: 'rs34499871' is missing from the main dataset, and is a top variant.
Warning: 'rs3918291' is missing from the main dataset, and is a top variant.
Warning: 'rs67803720' is missing from the main dataset, and is a top variant.
Warning: 'rs77370416' is missing from the main dataset, and is a top variant.
Warning: 'rs2339941' is missing from the main dataset, and is a top variant.
Warning: '9:136146310' is missing from the main dataset, and is a top variant.
Warning: '9:136145471' is missing from the main dataset, and is a top variant.
Warning: '9:136149150' is missing from the main dataset, and is a top variant.
Warning: '9:136142313' is missing from the main dataset, and is a top variant.
Warning: '9:136144454' is missing from the main dataset, and is a top variant.
Warning: '9:136139297' is missing from the main dataset, and is a top variant.
--clump: 206 clumps formed from 2879 top variants.
Results written to
genie_clump/all2/all2ld_from_1kg.eur.biallele.snps.maf0.01/LIPIDS_LDL.gwas.sumstats.clumped
.

End time: Thu Sep  6 05:44:32 2018
