PLINK v1.90b3.35 64-bit (25 Mar 2016)
Options in effect:
  --bfile 1kg.eur.biallele.snps.maf0.01
  --clump /sc/orga/projects/va-biobank/Veera/downloads/CMC/modules/wen_gwas_files/PGC2_BD.gwas.sumstats
  --clump-kb 250
  --clump-p1 0.00000005
  --clump-p2 0.00000005
  --clump-r2 0.1
  --out genie_clump/all2/all2ld_from_1kg.eur.biallele.snps.maf0.01/PGC2_BD.gwas.sumstats

Hostname: node26-55
Working directory: /sc/orga/projects/va-biobank/Veera/genie/modules/predixcan/novel/temp
Start time: Thu Sep  6 05:41:03 2018

Random number seed: 1536226863
64316 MB RAM detected; reserving 32158 MB for main workspace.
8783349 variants loaded from .bim file.
503 people (0 males, 0 females, 503 ambiguous) loaded from .fam.
Ambiguous sex IDs written to
genie_clump/all2/all2ld_from_1kg.eur.biallele.snps.maf0.01/PGC2_BD.gwas.sumstats.nosex
.
Using 1 thread (no multithreaded calculations invoked).
Before main variant filters, 503 founders and 0 nonfounders present.
Calculating allele frequencies... done.
8783349 variants and 503 people pass filters and QC.
Note: No phenotypes present.
Warning: 'rs71947865' is missing from the main dataset, and is a top variant.
Warning: 'rs113956823' is missing from the main dataset, and is a top variant.
Warning: 'rs57195239' is missing from the main dataset, and is a top variant.
Warning: 'rs139221256' is missing from the main dataset, and is a top variant.
Warning: 'rs111834969' is missing from the main dataset, and is a top variant.
Warning: 'rs77227525' is missing from the main dataset, and is a top variant.
Warning: 'rs76841823' is missing from the main dataset, and is a top variant.
Warning: 'rs11364903' is missing from the main dataset, and is a top variant.
Warning: 'rs78383399' is missing from the main dataset, and is a top variant.
Warning: 'rs371519428' is missing from the main dataset, and is a top variant.
Warning: 'rs111492959' is missing from the main dataset, and is a top variant.
Warning: 'rs61332983' is missing from the main dataset, and is a top variant.
Warning: 'rs35494426' is missing from the main dataset, and is a top variant.
Warning: 'rs57228349' is missing from the main dataset, and is a top variant.
Warning: 'rs149009306' is missing from the main dataset, and is a top variant.
Warning: 'rs200039736' is missing from the main dataset, and is a top variant.
Warning: 'rs111762799' is missing from the main dataset, and is a top variant.
Warning: 'rs142175758' is missing from the main dataset, and is a top variant.
Warning: 'rs11296069' is missing from the main dataset, and is a top variant.
Warning: 'rs751857' is missing from the main dataset, and is a top variant.
Warning: 'rs151065367' is missing from the main dataset, and is a top variant.
Warning: 'rs59134449' is missing from the main dataset, and is a top variant.
Warning: 'rs149369954' is missing from the main dataset, and is a top variant.
--clump: 18 clumps formed from 238 top variants.
Results written to
genie_clump/all2/all2ld_from_1kg.eur.biallele.snps.maf0.01/PGC2_BD.gwas.sumstats.clumped
.

End time: Thu Sep  6 05:41:14 2018
