PLINK v1.90b3.35 64-bit (25 Mar 2016)
Options in effect:
  --bfile 1kg.eur.biallele.snps.maf0.01
  --clump /sc/orga/projects/va-biobank/Veera/downloads/CMC/modules/wen_gwas_files/PGC2_SCZ.gwas.sumstats
  --clump-kb 250
  --clump-p1 0.00000005
  --clump-p2 0.00000005
  --clump-r2 0.1
  --out genie_clump/all2/all2ld_from_1kg.eur.biallele.snps.maf0.01/PGC2_SCZ.gwas.sumstats

Hostname: node26-4
Working directory: /sc/orga/projects/va-biobank/Veera/genie/modules/predixcan/novel/temp
Start time: Thu Sep  6 05:43:06 2018

Random number seed: 1536226986
64450 MB RAM detected; reserving 32225 MB for main workspace.
8783349 variants loaded from .bim file.
503 people (0 males, 0 females, 503 ambiguous) loaded from .fam.
Ambiguous sex IDs written to
genie_clump/all2/all2ld_from_1kg.eur.biallele.snps.maf0.01/PGC2_SCZ.gwas.sumstats.nosex
.
Using 1 thread (no multithreaded calculations invoked).
Before main variant filters, 503 founders and 0 nonfounders present.
Calculating allele frequencies... done.
8783349 variants and 503 people pass filters and QC.
Note: No phenotypes present.
Warning: 'rs58294881' is missing from the main dataset, and is a top variant.
Warning: 'rs66815818' is missing from the main dataset, and is a top variant.
Warning: 'rs138172222' is missing from the main dataset, and is a top variant.
Warning: 'rs3832685' is missing from the main dataset, and is a top variant.
Warning: 'rs147687891' is missing from the main dataset, and is a top variant.
Warning: 'rs146748241' is missing from the main dataset, and is a top variant.
Warning: 'rs144441152' is missing from the main dataset, and is a top variant.
Warning: 'rs150582683' is missing from the main dataset, and is a top variant.
Warning: 'rs3215816' is missing from the main dataset, and is a top variant.
Warning: 'rs141481503' is missing from the main dataset, and is a top variant.
Warning: 'rs12773892' is missing from the main dataset, and is a top variant.
Warning: 'rs11296588' is missing from the main dataset, and is a top variant.
Warning: 'rs11375439' is missing from the main dataset, and is a top variant.
Warning: 'rs201985906' is missing from the main dataset, and is a top variant.
Warning: 'rs34957371' is missing from the main dataset, and is a top variant.
Warning: 'rs145010450' is missing from the main dataset, and is a top variant.
Warning: 'rs61381274' is missing from the main dataset, and is a top variant.
Warning: 'rs111594762' is missing from the main dataset, and is a top variant.
Warning: 'rs10681156' is missing from the main dataset, and is a top variant.
Warning: 'rs17884001' is missing from the main dataset, and is a top variant.
Warning: 'rs141251091' is missing from the main dataset, and is a top variant.
Warning: 'rs144662567' is missing from the main dataset, and is a top variant.
Warning: 'rs147246031' is missing from the main dataset, and is a top variant.
Warning: 'rs145535890' is missing from the main dataset, and is a top variant.
Warning: 'rs34270954' is missing from the main dataset, and is a top variant.
Warning: 'rs10650434' is missing from the main dataset, and is a top variant.
Warning: 'rs34167706' is missing from the main dataset, and is a top variant.
Warning: 'rs41285694' is missing from the main dataset, and is a top variant.
Warning: 'rs11286412' is missing from the main dataset, and is a top variant.
Warning: 'rs3834416' is missing from the main dataset, and is a top variant.
Warning: 'rs139758774' is missing from the main dataset, and is a top variant.
Warning: 'rs55960641' is missing from the main dataset, and is a top variant.
Warning: 'rs35443788' is missing from the main dataset, and is a top variant.
Warning: '12:2339249' is missing from the main dataset, and is a top variant.
Warning: 'rs79706174' is missing from the main dataset, and is a top variant.
Warning: 'rs35556097' is missing from the main dataset, and is a top variant.
Warning: 'rs35848523' is missing from the main dataset, and is a top variant.
Warning: 'rs146118900' is missing from the main dataset, and is a top variant.
Warning: 'rs5776389' is missing from the main dataset, and is a top variant.
Warning: 'rs71441679' is missing from the main dataset, and is a top variant.
Warning: 'rs10883845' is missing from the main dataset, and is a top variant.
Warning: 'rs34555186' is missing from the main dataset, and is a top variant.
Warning: 'rs199777374' is missing from the main dataset, and is a top variant.
Warning: 'rs74203511' is missing from the main dataset, and is a top variant.
Warning: 'rs60033413' is missing from the main dataset, and is a top variant.
Warning: 'rs146239222' is missing from the main dataset, and is a top variant.
Warning: 'rs11404556' is missing from the main dataset, and is a top variant.
Warning: 'rs12069474' is missing from the main dataset, and is a top variant.
Warning: 'rs113397625' is missing from the main dataset, and is a top variant.
Warning: 'rs57948882' is missing from the main dataset, and is a top variant.
Warning: 'rs5837713' is missing from the main dataset, and is a top variant.
Warning: 'rs5776390' is missing from the main dataset, and is a top variant.
Warning: 'rs11418931' is missing from the main dataset, and is a top variant.
Warning: 'rs58033671' is missing from the main dataset, and is a top variant.
Warning: 'rs71855536' is missing from the main dataset, and is a top variant.
Warning: 'rs80347690' is missing from the main dataset, and is a top variant.
Warning: 'rs143989762' is missing from the main dataset, and is a top variant.
Warning: 'rs79594522' is missing from the main dataset, and is a top variant.
Warning: 'rs34529622' is missing from the main dataset, and is a top variant.
Warning: 'rs138992374' is missing from the main dataset, and is a top variant.
Warning: 'rs78070661' is missing from the main dataset, and is a top variant.
Warning: 'rs61170869' is missing from the main dataset, and is a top variant.
Warning: 'rs138337185' is missing from the main dataset, and is a top variant.
Warning: 'rs200626410' is missing from the main dataset, and is a top variant.
Warning: 'rs778341' is missing from the main dataset, and is a top variant.
Warning: 'rs72420186' is missing from the main dataset, and is a top variant.
Warning: 'rs78336652' is missing from the main dataset, and is a top variant.
Warning: 'rs12616905' is missing from the main dataset, and is a top variant.
Warning: 'rs71947865' is missing from the main dataset, and is a top variant.
Warning: 'rs199520438' is missing from the main dataset, and is a top variant.
Warning: 'rs1727312' is missing from the main dataset, and is a top variant.
Warning: 'rs185708975' is missing from the main dataset, and is a top variant.
Warning: 'rs5825114' is missing from the main dataset, and is a top variant.
Warning: 'rs61126341' is missing from the main dataset, and is a top variant.
Warning: 'rs35583523' is missing from the main dataset, and is a top variant.
Warning: 'rs150866558' is missing from the main dataset, and is a top variant.
Warning: 'rs373646693' is missing from the main dataset, and is a top variant.
Warning: 'rs10037643' is missing from the main dataset, and is a top variant.
Warning: 'rs141446174' is missing from the main dataset, and is a top variant.
Warning: 'rs71398751' is missing from the main dataset, and is a top variant.
Warning: 'rs136804' is missing from the main dataset, and is a top variant.
Warning: 'rs61435928' is missing from the main dataset, and is a top variant.
Warning: 'rs35030185' is missing from the main dataset, and is a top variant.
Warning: 'rs34651571' is missing from the main dataset, and is a top variant.
Warning: 'rs11289726' is missing from the main dataset, and is a top variant.
Warning: 'rs59092643' is missing from the main dataset, and is a top variant.
Warning: 'rs34565995' is missing from the main dataset, and is a top variant.
Warning: 'rs72342654' is missing from the main dataset, and is a top variant.
Warning: 'rs3831093' is missing from the main dataset, and is a top variant.
Warning: 'rs11223648' is missing from the main dataset, and is a top variant.
Warning: 'rs56400896' is missing from the main dataset, and is a top variant.
Warning: 'rs10533339' is missing from the main dataset, and is a top variant.
Warning: 'rs4246515' is missing from the main dataset, and is a top variant.
Warning: 'rs35091028' is missing from the main dataset, and is a top variant.
Warning: 'rs113956823' is missing from the main dataset, and is a top variant.
Warning: 'rs11411529' is missing from the main dataset, and is a top variant.
Warning: 'rs34627' is missing from the main dataset, and is a top variant.
Warning: 'rs71695442' is missing from the main dataset, and is a top variant.
Warning: 'rs35261191' is missing from the main dataset, and is a top variant.
Warning: 'rs5776384' is missing from the main dataset, and is a top variant.
Warning: 'rs56309313' is missing from the main dataset, and is a top variant.
Warning: 'rs28362583' is missing from the main dataset, and is a top variant.
Warning: 'rs3217350' is missing from the main dataset, and is a top variant.
Warning: 'rs3788568' is missing from the main dataset, and is a top variant.
Warning: '22:39987024' is missing from the main dataset, and is a top variant.
Warning: 'rs10637216' is missing from the main dataset, and is a top variant.
Warning: 'rs55980138' is missing from the main dataset, and is a top variant.
Warning: 'rs149216751' is missing from the main dataset, and is a top variant.
Warning: 'rs57228349' is missing from the main dataset, and is a top variant.
Warning: 'rs62688761' is missing from the main dataset, and is a top variant.
Warning: 'rs149889908' is missing from the main dataset, and is a top variant.
Warning: 'rs55798212' is missing from the main dataset, and is a top variant.
Warning: 'rs75419127' is missing from the main dataset, and is a top variant.
Warning: 'rs34314224' is missing from the main dataset, and is a top variant.
Warning: 'rs35525985' is missing from the main dataset, and is a top variant.
Warning: 'rs3838584' is missing from the main dataset, and is a top variant.
Warning: 'rs201836683' is missing from the main dataset, and is a top variant.
Warning: 'rs2176546' is missing from the main dataset, and is a top variant.
Warning: 'rs34117339' is missing from the main dataset, and is a top variant.
Warning: 'rs34842645' is missing from the main dataset, and is a top variant.
Warning: 'rs140119503' is missing from the main dataset, and is a top variant.
Warning: 'rs35837712' is missing from the main dataset, and is a top variant.
Warning: 'rs35771578' is missing from the main dataset, and is a top variant.
Warning: 'rs57925200' is missing from the main dataset, and is a top variant.
Warning: 'rs111979702' is missing from the main dataset, and is a top variant.
Warning: 'rs11625740' is missing from the main dataset, and is a top variant.
Warning: 'rs10256077' is missing from the main dataset, and is a top variant.
Warning: 'rs10611414' is missing from the main dataset, and is a top variant.
Warning: 'rs138459511' is missing from the main dataset, and is a top variant.
Warning: 'rs34484704' is missing from the main dataset, and is a top variant.
Warning: 'rs7465202' is missing from the main dataset, and is a top variant.
Warning: 'rs35280893' is missing from the main dataset, and is a top variant.
Warning: 'rs5811119' is missing from the main dataset, and is a top variant.
Warning: '14:104251571' is missing from the main dataset, and is a top variant.
Warning: 'rs140415451' is missing from the main dataset, and is a top variant.
Warning: 'rs11295713' is missing from the main dataset, and is a top variant.
Warning: 'rs2171667' is missing from the main dataset, and is a top variant.
Warning: 'rs111337444' is missing from the main dataset, and is a top variant.
Warning: 'rs35771435' is missing from the main dataset, and is a top variant.
Warning: 'rs34181808' is missing from the main dataset, and is a top variant.
Warning: 'rs148430890' is missing from the main dataset, and is a top variant.
Warning: 'rs36138307' is missing from the main dataset, and is a top variant.
Warning: 'rs5854884' is missing from the main dataset, and is a top variant.
Warning: 'rs374315834' is missing from the main dataset, and is a top variant.
Warning: 'rs72366880' is missing from the main dataset, and is a top variant.
Warning: 'rs5831479' is missing from the main dataset, and is a top variant.
Warning: 'rs11372849' is missing from the main dataset, and is a top variant.
Warning: 'rs140672132' is missing from the main dataset, and is a top variant.
Warning: 'rs34967784' is missing from the main dataset, and is a top variant.
Warning: 'rs140895940' is missing from the main dataset, and is a top variant.
Warning: 'rs11410659' is missing from the main dataset, and is a top variant.
Warning: 'rs34134431' is missing from the main dataset, and is a top variant.
Warning: 'rs34155397' is missing from the main dataset, and is a top variant.
Warning: 'rs141111552' is missing from the main dataset, and is a top variant.
Warning: 'rs79494146' is missing from the main dataset, and is a top variant.
Warning: 'rs10680247' is missing from the main dataset, and is a top variant.
Warning: 'rs3831404' is missing from the main dataset, and is a top variant.
Warning: 'rs11390586' is missing from the main dataset, and is a top variant.
Warning: 'rs35265908' is missing from the main dataset, and is a top variant.
Warning: 'rs147542864' is missing from the main dataset, and is a top variant.
Warning: '8:143318520' is missing from the main dataset, and is a top variant.
Warning: 'rs57443949' is missing from the main dataset, and is a top variant.
Warning: 'rs35093759' is missing from the main dataset, and is a top variant.
Warning: 'rs2600' is missing from the main dataset, and is a top variant.
Warning: 'rs5775180' is missing from the main dataset, and is a top variant.
Warning: 'rs148570361' is missing from the main dataset, and is a top variant.
Warning: '6:84280274' is missing from the main dataset, and is a top variant.
Warning: 'rs139943284' is missing from the main dataset, and is a top variant.
Warning: 'rs5775178' is missing from the main dataset, and is a top variant.
Warning: 'rs202103962' is missing from the main dataset, and is a top variant.
Warning: 'rs34013550' is missing from the main dataset, and is a top variant.
Warning: 'rs35754447' is missing from the main dataset, and is a top variant.
Warning: 'rs5811117' is missing from the main dataset, and is a top variant.
Warning: 'rs35124052' is missing from the main dataset, and is a top variant.
Warning: 'rs35468799' is missing from the main dataset, and is a top variant.
Warning: 'rs3070527' is missing from the main dataset, and is a top variant.
Warning: 'rs149369954' is missing from the main dataset, and is a top variant.
Warning: 'rs34841007' is missing from the main dataset, and is a top variant.
Warning: 'rs10617327' is missing from the main dataset, and is a top variant.
Warning: 'rs114072976' is missing from the main dataset, and is a top variant.
Warning: 'rs68034392' is missing from the main dataset, and is a top variant.
Warning: 'rs181195832' is missing from the main dataset, and is a top variant.
Warning: 'rs35008854' is missing from the main dataset, and is a top variant.
Warning: 'rs150672950' is missing from the main dataset, and is a top variant.
Warning: 'rs12144370' is missing from the main dataset, and is a top variant.
Warning: 'rs11398401' is missing from the main dataset, and is a top variant.
Warning: 'rs140685034' is missing from the main dataset, and is a top variant.
Warning: 'rs7543202' is missing from the main dataset, and is a top variant.
Warning: 'rs607296' is missing from the main dataset, and is a top variant.
Warning: 'rs35072205' is missing from the main dataset, and is a top variant.
Warning: 'rs138282792' is missing from the main dataset, and is a top variant.
Warning: 'rs142230318' is missing from the main dataset, and is a top variant.
Warning: 'rs28457688' is missing from the main dataset, and is a top variant.
Warning: 'rs58112308' is missing from the main dataset, and is a top variant.
Warning: 'rs373981904' is missing from the main dataset, and is a top variant.
Warning: 'rs63042761' is missing from the main dataset, and is a top variant.
Warning: 'rs151335218' is missing from the main dataset, and is a top variant.
Warning: 'rs3216318' is missing from the main dataset, and is a top variant.
Warning: 'rs140459644' is missing from the main dataset, and is a top variant.
Warning: 'rs57257864' is missing from the main dataset, and is a top variant.
Warning: 'rs143734333' is missing from the main dataset, and is a top variant.
Warning: 'rs142135636' is missing from the main dataset, and is a top variant.
Warning: 'rs72419030' is missing from the main dataset, and is a top variant.
Warning: 'rs149465751' is missing from the main dataset, and is a top variant.
Warning: 'rs140930533' is missing from the main dataset, and is a top variant.
Warning: 'rs34269918' is missing from the main dataset, and is a top variant.
Warning: 'rs67962856' is missing from the main dataset, and is a top variant.
Warning: 'rs147806986' is missing from the main dataset, and is a top variant.
Warning: 'rs142593529' is missing from the main dataset, and is a top variant.
Warning: 'rs35850955' is missing from the main dataset, and is a top variant.
Warning: 'rs35206421' is missing from the main dataset, and is a top variant.
Warning: 'rs35913332' is missing from the main dataset, and is a top variant.
Warning: 'rs144435796' is missing from the main dataset, and is a top variant.
Warning: 'rs138609970' is missing from the main dataset, and is a top variant.
Warning: 'rs57301971' is missing from the main dataset, and is a top variant.
Warning: 'rs10718885' is missing from the main dataset, and is a top variant.
Warning: 'rs11355400' is missing from the main dataset, and is a top variant.
Warning: 'rs34933783' is missing from the main dataset, and is a top variant.
Warning: 'rs72232149' is missing from the main dataset, and is a top variant.
Warning: 'rs71298598' is missing from the main dataset, and is a top variant.
Warning: 'rs34592089' is missing from the main dataset, and is a top variant.
Warning: 'rs145498160' is missing from the main dataset, and is a top variant.
Warning: 'rs59751220' is missing from the main dataset, and is a top variant.
Warning: 'rs142069507' is missing from the main dataset, and is a top variant.
Warning: 'rs201481492' is missing from the main dataset, and is a top variant.
Warning: 'rs114056059' is missing from the main dataset, and is a top variant.
Warning: '15:85226652' is missing from the main dataset, and is a top variant.
Warning: '2:58149557' is missing from the main dataset, and is a top variant.
Warning: 'rs34484071' is missing from the main dataset, and is a top variant.
Warning: 'rs34203426' is missing from the main dataset, and is a top variant.
Warning: 'rs150802333' is missing from the main dataset, and is a top variant.
Warning: '3:180816983' is missing from the main dataset, and is a top variant.
Warning: 'rs34882657' is missing from the main dataset, and is a top variant.
Warning: 'rs113937442' is missing from the main dataset, and is a top variant.
Warning: 'rs139630280' is missing from the main dataset, and is a top variant.
Warning: 'rs200039736' is missing from the main dataset, and is a top variant.
Warning: 'rs201677370' is missing from the main dataset, and is a top variant.
Warning: 'rs35232294' is missing from the main dataset, and is a top variant.
Warning: 'rs143120096' is missing from the main dataset, and is a top variant.
Warning: 'rs11306594' is missing from the main dataset, and is a top variant.
Warning: 'rs35478939' is missing from the main dataset, and is a top variant.
Warning: 'rs76764384' is missing from the main dataset, and is a top variant.
Warning: 'rs139438768' is missing from the main dataset, and is a top variant.
Warning: 'rs201108408' is missing from the main dataset, and is a top variant.
Warning: 'rs35795459' is missing from the main dataset, and is a top variant.
Warning: 'rs7463315' is missing from the main dataset, and is a top variant.
Warning: 'rs35175513' is missing from the main dataset, and is a top variant.
Warning: 'rs10694743' is missing from the main dataset, and is a top variant.
Warning: 'rs3077738' is missing from the main dataset, and is a top variant.
Warning: 'rs34375909' is missing from the main dataset, and is a top variant.
Warning: 'rs71453236' is missing from the main dataset, and is a top variant.
Warning: 'rs59744075' is missing from the main dataset, and is a top variant.
Warning: 'rs34077407' is missing from the main dataset, and is a top variant.
Warning: 'rs146364394' is missing from the main dataset, and is a top variant.
Warning: 'rs1353210' is missing from the main dataset, and is a top variant.
Warning: 'rs34866842' is missing from the main dataset, and is a top variant.
Warning: 'rs140492025' is missing from the main dataset, and is a top variant.
Warning: 'rs139206064' is missing from the main dataset, and is a top variant.
Warning: 'rs3055453' is missing from the main dataset, and is a top variant.
Warning: 'rs35733323' is missing from the main dataset, and is a top variant.
Warning: 'rs35407434' is missing from the main dataset, and is a top variant.
Warning: 'rs71252835' is missing from the main dataset, and is a top variant.
Warning: 'rs34773166' is missing from the main dataset, and is a top variant.
Warning: 'rs139221256' is missing from the main dataset, and is a top variant.
Warning: 'rs35504679' is missing from the main dataset, and is a top variant.
Warning: 'rs34944099' is missing from the main dataset, and is a top variant.
Warning: 'rs10883763' is missing from the main dataset, and is a top variant.
Warning: 'rs66584792' is missing from the main dataset, and is a top variant.
Warning: 'rs10708380' is missing from the main dataset, and is a top variant.
Warning: 'rs67728250' is missing from the main dataset, and is a top variant.
Warning: 'rs34092621' is missing from the main dataset, and is a top variant.
Warning: 'rs35190901' is missing from the main dataset, and is a top variant.
Warning: 'rs76307997' is missing from the main dataset, and is a top variant.
Warning: 'rs34539613' is missing from the main dataset, and is a top variant.
Warning: 'rs146399873' is missing from the main dataset, and is a top variant.
Warning: 'rs10595283' is missing from the main dataset, and is a top variant.
Warning: 'rs76661674' is missing from the main dataset, and is a top variant.
Warning: 'rs56019088' is missing from the main dataset, and is a top variant.
Warning: 'rs10580077' is missing from the main dataset, and is a top variant.
Warning: 'rs10894267' is missing from the main dataset, and is a top variant.
Warning: 'rs144777765' is missing from the main dataset, and is a top variant.
Warning: 'rs79946025' is missing from the main dataset, and is a top variant.
Warning: 'rs201497608' is missing from the main dataset, and is a top variant.
Warning: 'rs79483453' is missing from the main dataset, and is a top variant.
Warning: 'rs75838545' is missing from the main dataset, and is a top variant.
Warning: 'rs74613522' is missing from the main dataset, and is a top variant.
Warning: 'rs143475480' is missing from the main dataset, and is a top variant.
Warning: 'rs11423505' is missing from the main dataset, and is a top variant.
Warning: 'rs150279471' is missing from the main dataset, and is a top variant.
Warning: 'rs34064516' is missing from the main dataset, and is a top variant.
Warning: 'rs11333159' is missing from the main dataset, and is a top variant.
Warning: 'rs3050831' is missing from the main dataset, and is a top variant.
Warning: 'rs151203241' is missing from the main dataset, and is a top variant.
Warning: 'rs147425366' is missing from the main dataset, and is a top variant.
Warning: 'rs36113369' is missing from the main dataset, and is a top variant.
Warning: 'rs11373485' is missing from the main dataset, and is a top variant.
Warning: 'rs150399050' is missing from the main dataset, and is a top variant.
Warning: 'rs35191349' is missing from the main dataset, and is a top variant.
Warning: 'rs36073162' is missing from the main dataset, and is a top variant.
Warning: '11:46624218' is missing from the main dataset, and is a top variant.
Warning: 'rs148105659' is missing from the main dataset, and is a top variant.
Warning: 'rs3215741' is missing from the main dataset, and is a top variant.
Warning: 'rs61373214' is missing from the main dataset, and is a top variant.
Warning: 'rs80011541' is missing from the main dataset, and is a top variant.
Warning: 'rs35291719' is missing from the main dataset, and is a top variant.
Warning: 'rs67958905' is missing from the main dataset, and is a top variant.
Warning: 'rs35909727' is missing from the main dataset, and is a top variant.
Warning: 'rs56380946' is missing from the main dataset, and is a top variant.
Warning: 'rs134892' is missing from the main dataset, and is a top variant.
Warning: 'rs143570918' is missing from the main dataset, and is a top variant.
Warning: 'rs113560881' is missing from the main dataset, and is a top variant.
Warning: 'rs34310848' is missing from the main dataset, and is a top variant.
Warning: 'rs142488586' is missing from the main dataset, and is a top variant.
Warning: 'rs36113266' is missing from the main dataset, and is a top variant.
Warning: 'rs145192635' is missing from the main dataset, and is a top variant.
Warning: 'rs11398958' is missing from the main dataset, and is a top variant.
Warning: 'rs35607230' is missing from the main dataset, and is a top variant.
Warning: 'rs1338655' is missing from the main dataset, and is a top variant.
Warning: 'rs147076863' is missing from the main dataset, and is a top variant.
Warning: 'rs36122059' is missing from the main dataset, and is a top variant.
Warning: 'rs144840092' is missing from the main dataset, and is a top variant.
Warning: 'rs56807175' is missing from the main dataset, and is a top variant.
Warning: 'rs147680581' is missing from the main dataset, and is a top variant.
Warning: 'rs139951538' is missing from the main dataset, and is a top variant.
Warning: 'rs141811478' is missing from the main dataset, and is a top variant.
Warning: 'rs5816505' is missing from the main dataset, and is a top variant.
Warning: 'rs200266974' is missing from the main dataset, and is a top variant.
Warning: 'rs3838801' is missing from the main dataset, and is a top variant.
Warning: 'rs35393166' is missing from the main dataset, and is a top variant.
Warning: 'rs34896933' is missing from the main dataset, and is a top variant.
Warning: 'rs35610500' is missing from the main dataset, and is a top variant.
Warning: 'rs3832249' is missing from the main dataset, and is a top variant.
Warning: 'rs139504533' is missing from the main dataset, and is a top variant.
Warning: 'rs138095735' is missing from the main dataset, and is a top variant.
Warning: 'rs35333608' is missing from the main dataset, and is a top variant.
Warning: 'rs145485461' is missing from the main dataset, and is a top variant.
Warning: 'rs140073511' is missing from the main dataset, and is a top variant.
Warning: 'rs67992834' is missing from the main dataset, and is a top variant.
Warning: 'rs148925598' is missing from the main dataset, and is a top variant.
Warning: 'rs113551626' is missing from the main dataset, and is a top variant.
Warning: 'rs373234813' is missing from the main dataset, and is a top variant.
Warning: 'rs3052105' is missing from the main dataset, and is a top variant.
Warning: 'rs34029266' is missing from the main dataset, and is a top variant.
Warning: '2:233551085' is missing from the main dataset, and is a top variant.
Warning: 'rs11310019' is missing from the main dataset, and is a top variant.
Warning: 'rs75078446' is missing from the main dataset, and is a top variant.
Warning: 'rs11315910' is missing from the main dataset, and is a top variant.
Warning: 'rs35106965' is missing from the main dataset, and is a top variant.
Warning: 'rs141314037' is missing from the main dataset, and is a top variant.
Warning: 'rs75558045' is missing from the main dataset, and is a top variant.
Warning: 'rs201439887' is missing from the main dataset, and is a top variant.
Warning: 'rs58076005' is missing from the main dataset, and is a top variant.
Warning: 'rs3050759' is missing from the main dataset, and is a top variant.
Warning: 'rs66801162' is missing from the main dataset, and is a top variant.
Warning: 'rs115900205' is missing from the main dataset, and is a top variant.
Warning: 'rs4099847' is missing from the main dataset, and is a top variant.
Warning: 'rs71406730' is missing from the main dataset, and is a top variant.
Warning: 'rs58365097' is missing from the main dataset, and is a top variant.
Warning: 'rs34519174' is missing from the main dataset, and is a top variant.
Warning: 'rs36029464' is missing from the main dataset, and is a top variant.
Warning: 'rs34529177' is missing from the main dataset, and is a top variant.
Warning: 'rs134865' is missing from the main dataset, and is a top variant.
Warning: 'rs34027746' is missing from the main dataset, and is a top variant.
Warning: 'rs57489559' is missing from the main dataset, and is a top variant.
Warning: 'rs36085291' is missing from the main dataset, and is a top variant.
Warning: 'rs35608644' is missing from the main dataset, and is a top variant.
Warning: 'rs77589374' is missing from the main dataset, and is a top variant.
Warning: 'rs1896854' is missing from the main dataset, and is a top variant.
Warning: 'rs34383235' is missing from the main dataset, and is a top variant.
Warning: 'rs145859535' is missing from the main dataset, and is a top variant.
Warning: 'rs35545192' is missing from the main dataset, and is a top variant.
Warning: 'rs11412280' is missing from the main dataset, and is a top variant.
Warning: 'rs78292485' is missing from the main dataset, and is a top variant.
Warning: 'rs200846081' is missing from the main dataset, and is a top variant.
Warning: 'rs200647567' is missing from the main dataset, and is a top variant.
Warning: '5:152610286' is missing from the main dataset, and is a top variant.
Warning: 'rs10711250' is missing from the main dataset, and is a top variant.
Warning: 'rs3034742' is missing from the main dataset, and is a top variant.
Warning: 'rs34632468' is missing from the main dataset, and is a top variant.
Warning: 'rs16373' is missing from the main dataset, and is a top variant.
Warning: 'rs370280874' is missing from the main dataset, and is a top variant.
Warning: 'rs35073362' is missing from the main dataset, and is a top variant.
Warning: 'rs145818850' is missing from the main dataset, and is a top variant.
Warning: 'rs112583237' is missing from the main dataset, and is a top variant.
Warning: 'rs11310073' is missing from the main dataset, and is a top variant.
Warning: 'rs200277771' is missing from the main dataset, and is a top variant.
Warning: 'rs1790089' is missing from the main dataset, and is a top variant.
Warning: 'rs375256423' is missing from the main dataset, and is a top variant.
Warning: 'rs200327371' is missing from the main dataset, and is a top variant.
Warning: 'rs142913791' is missing from the main dataset, and is a top variant.
Warning: 'rs143155650' is missing from the main dataset, and is a top variant.
Warning: 'rs34133482' is missing from the main dataset, and is a top variant.
Warning: 'rs139434539' is missing from the main dataset, and is a top variant.
Warning: 'rs147962806' is missing from the main dataset, and is a top variant.
Warning: 'rs35890652' is missing from the main dataset, and is a top variant.
Warning: 'rs71668729' is missing from the main dataset, and is a top variant.
Warning: 'rs10103330' is missing from the main dataset, and is a top variant.
Warning: 'rs139425113' is missing from the main dataset, and is a top variant.
Warning: 'rs34047404' is missing from the main dataset, and is a top variant.
Warning: 'rs145172584' is missing from the main dataset, and is a top variant.
Warning: 'rs1790086' is missing from the main dataset, and is a top variant.
Warning: 'rs58922053' is missing from the main dataset, and is a top variant.
Warning: 'rs34504888' is missing from the main dataset, and is a top variant.
Warning: 'rs139146144' is missing from the main dataset, and is a top variant.
Warning: 'rs140501340' is missing from the main dataset, and is a top variant.
Warning: 'rs35175482' is missing from the main dataset, and is a top variant.
Warning: 'rs5782266' is missing from the main dataset, and is a top variant.
Warning: 'rs147010373' is missing from the main dataset, and is a top variant.
Warning: 'rs61291572' is missing from the main dataset, and is a top variant.
Warning: 'rs11330240' is missing from the main dataset, and is a top variant.
Warning: 'rs114604770' is missing from the main dataset, and is a top variant.
Warning: 'rs140616768' is missing from the main dataset, and is a top variant.
Warning: 'rs71586987' is missing from the main dataset, and is a top variant.
Warning: 'rs56950593' is missing from the main dataset, and is a top variant.
Warning: 'rs78968418' is missing from the main dataset, and is a top variant.
Warning: 'rs138429979' is missing from the main dataset, and is a top variant.
Warning: 'rs56087261' is missing from the main dataset, and is a top variant.
Warning: 'rs3832992' is missing from the main dataset, and is a top variant.
Warning: 'rs3215742' is missing from the main dataset, and is a top variant.
Warning: 'rs371479815' is missing from the main dataset, and is a top variant.
Warning: 'rs10713007' is missing from the main dataset, and is a top variant.
Warning: 'rs77791607' is missing from the main dataset, and is a top variant.
Warning: 'rs149578619' is missing from the main dataset, and is a top variant.
Warning: 'rs146729428' is missing from the main dataset, and is a top variant.
Warning: 'rs10710291' is missing from the main dataset, and is a top variant.
Warning: 'rs34133814' is missing from the main dataset, and is a top variant.
Warning: 'rs148380806' is missing from the main dataset, and is a top variant.
Warning: 'rs71405306' is missing from the main dataset, and is a top variant.
Warning: 'rs145212788' is missing from the main dataset, and is a top variant.
Warning: 'rs3136476' is missing from the main dataset, and is a top variant.
Warning: 'rs34349730' is missing from the main dataset, and is a top variant.
Warning: 'rs138061496' is missing from the main dataset, and is a top variant.
Warning: 'rs35829011' is missing from the main dataset, and is a top variant.
Warning: 'rs67778183' is missing from the main dataset, and is a top variant.
Warning: 'rs56043020' is missing from the main dataset, and is a top variant.
Warning: 'rs144239365' is missing from the main dataset, and is a top variant.
Warning: 'rs34156061' is missing from the main dataset, and is a top variant.
Warning: 'rs148744989' is missing from the main dataset, and is a top variant.
Warning: 'rs5775172' is missing from the main dataset, and is a top variant.
Warning: 'rs78788984' is missing from the main dataset, and is a top variant.
Warning: 'rs8062085' is missing from the main dataset, and is a top variant.
Warning: 'rs148332930' is missing from the main dataset, and is a top variant.
Warning: 'rs200697998' is missing from the main dataset, and is a top variant.
Warning: 'rs375165446' is missing from the main dataset, and is a top variant.
Warning: 'rs67938119' is missing from the main dataset, and is a top variant.
Warning: 'rs35132383' is missing from the main dataset, and is a top variant.
Warning: 'rs58578058' is missing from the main dataset, and is a top variant.
Warning: 'rs80069695' is missing from the main dataset, and is a top variant.
Warning: 'rs34005534' is missing from the main dataset, and is a top variant.
Warning: 'rs35640835' is missing from the main dataset, and is a top variant.
Warning: 'rs35029801' is missing from the main dataset, and is a top variant.
Warning: 'rs11284369' is missing from the main dataset, and is a top variant.
Warning: 'rs199505184' is missing from the main dataset, and is a top variant.
Warning: 'rs138050288' is missing from the main dataset, and is a top variant.
Warning: 'rs143277243' is missing from the main dataset, and is a top variant.
Warning: 'rs34339938' is missing from the main dataset, and is a top variant.
--clump: 133 clumps formed from 5505 top variants.
Results written to
genie_clump/all2/all2ld_from_1kg.eur.biallele.snps.maf0.01/PGC2_SCZ.gwas.sumstats.clumped
.

End time: Thu Sep  6 05:43:17 2018
