PLINK v1.90b3.35 64-bit (25 Mar 2016)
Options in effect:
  --bfile 1kg.eur.biallele.snps.maf0.01
  --clump /sc/orga/projects/va-biobank/Veera/downloads/CMC/modules/wen_gwas_files/SCZ_PGC2.gwas.sumstats
  --clump-kb 250
  --clump-p1 0.00000005
  --clump-p2 0.00000005
  --clump-r2 0.1
  --out genie_clump/all2/all2ld_from_1kg.eur.biallele.snps.maf0.01/SCZ_PGC2.gwas.sumstats

Hostname: node24-18
Working directory: /sc/orga/projects/va-biobank/Veera/genie/modules/predixcan/novel/temp
Start time: Thu Sep  6 05:40:40 2018

Random number seed: 1536226840
64399 MB RAM detected; reserving 32199 MB for main workspace.
Allocated 10187 MB successfully, after larger attempt(s) failed.
8783349 variants loaded from .bim file.
503 people (0 males, 0 females, 503 ambiguous) loaded from .fam.
Ambiguous sex IDs written to
genie_clump/all2/all2ld_from_1kg.eur.biallele.snps.maf0.01/SCZ_PGC2.gwas.sumstats.nosex
.
Using 1 thread (no multithreaded calculations invoked).
Before main variant filters, 503 founders and 0 nonfounders present.
Calculating allele frequencies... done.
8783349 variants and 503 people pass filters and QC.
Note: No phenotypes present.
Warning: 'rs148082388' is missing from the main dataset, and is a top variant.
Warning: 'rs138792987' is missing from the main dataset, and is a top variant.
Warning: 'rs138024639' is missing from the main dataset, and is a top variant.
Warning: '6:28833866' is missing from the main dataset, and is a top variant.
Warning: '6:28833101' is missing from the main dataset, and is a top variant.
Warning: 'rs9278063' is missing from the main dataset, and is a top variant.
Warning: 'rs9257271' is missing from the main dataset, and is a top variant.
Warning: 'rs34592554' is missing from the main dataset, and is a top variant.
Warning: 'rs138286553' is missing from the main dataset, and is a top variant.
Warning: 'rs35608874' is missing from the main dataset, and is a top variant.
Warning: 'rs3131094' is missing from the main dataset, and is a top variant.
Warning: '6:28828393' is missing from the main dataset, and is a top variant.
Warning: 'rs9278145' is missing from the main dataset, and is a top variant.
Warning: '6:28957480' is missing from the main dataset, and is a top variant.
Warning: '6:28958399' is missing from the main dataset, and is a top variant.
Warning: 'rs3130888' is missing from the main dataset, and is a top variant.
Warning: '6:29020721' is missing from the main dataset, and is a top variant.
Warning: 'rs34119086' is missing from the main dataset, and is a top variant.
Warning: '6:28709151' is missing from the main dataset, and is a top variant.
Warning: '6:29005678' is missing from the main dataset, and is a top variant.
Warning: '6:29108773' is missing from the main dataset, and is a top variant.
Warning: 'rs71548333' is missing from the main dataset, and is a top variant.
Warning: 'rs3130825' is missing from the main dataset, and is a top variant.
Warning: 'rs35064234' is missing from the main dataset, and is a top variant.
Warning: 'rs142808087' is missing from the main dataset, and is a top variant.
Warning: 'rs66886492' is missing from the main dataset, and is a top variant.
Warning: 'rs138278759' is missing from the main dataset, and is a top variant.
Warning: 'rs71546598' is missing from the main dataset, and is a top variant.
Warning: 'rs34349668' is missing from the main dataset, and is a top variant.
Warning: 'rs143618681' is missing from the main dataset, and is a top variant.
Warning: 'rs71559050' is missing from the main dataset, and is a top variant.
Warning: 'rs35491132' is missing from the main dataset, and is a top variant.
Warning: 'rs138887541' is missing from the main dataset, and is a top variant.
Warning: 'rs149665610' is missing from the main dataset, and is a top variant.
Warning: 'rs67297533' is missing from the main dataset, and is a top variant.
Warning: 'rs67652222' is missing from the main dataset, and is a top variant.
Warning: 'rs34452876' is missing from the main dataset, and is a top variant.
Warning: 'rs139624725' is missing from the main dataset, and is a top variant.
Warning: 'rs71546588' is missing from the main dataset, and is a top variant.
Warning: 'rs36005309' is missing from the main dataset, and is a top variant.
Warning: 'rs35337219' is missing from the main dataset, and is a top variant.
Warning: 'rs142766897' is missing from the main dataset, and is a top variant.
Warning: 'rs144022448' is missing from the main dataset, and is a top variant.
Warning: 'rs429479' is missing from the main dataset, and is a top variant.
Warning: '6:28832788' is missing from the main dataset, and is a top variant.
Warning: 'rs192536350' is missing from the main dataset, and is a top variant.
Warning: 'rs147184587' is missing from the main dataset, and is a top variant.
Warning: 'rs139871222' is missing from the main dataset, and is a top variant.
Warning: 'rs3116813' is missing from the main dataset, and is a top variant.
Warning: 'rs150092096' is missing from the main dataset, and is a top variant.
Warning: 'rs189422886' is missing from the main dataset, and is a top variant.
Warning: 'rs72164066' is missing from the main dataset, and is a top variant.
Warning: 'rs34969311' is missing from the main dataset, and is a top variant.
Warning: 'rs146064119' is missing from the main dataset, and is a top variant.
Warning: 'rs35620003' is missing from the main dataset, and is a top variant.
Warning: '6:28707153' is missing from the main dataset, and is a top variant.
Warning: 'rs9378144' is missing from the main dataset, and is a top variant.
Warning: 'rs7752608' is missing from the main dataset, and is a top variant.
Warning: 'rs202065757' is missing from the main dataset, and is a top variant.
Warning: 'rs147662640' is missing from the main dataset, and is a top variant.
Warning: 'rs192899231' is missing from the main dataset, and is a top variant.
Warning: 'rs146434214' is missing from the main dataset, and is a top variant.
Warning: 'rs143421983' is missing from the main dataset, and is a top variant.
Warning: '6:30181567' is missing from the main dataset, and is a top variant.
Warning: 'rs34446162' is missing from the main dataset, and is a top variant.
Warning: '6:30348458' is missing from the main dataset, and is a top variant.
Warning: '6:30207360' is missing from the main dataset, and is a top variant.
Warning: 'rs2022083' is missing from the main dataset, and is a top variant.
Warning: 'rs9257744' is missing from the main dataset, and is a top variant.
Warning: 'rs145557701' is missing from the main dataset, and is a top variant.
Warning: '6:30833951' is missing from the main dataset, and is a top variant.
Warning: 'rs141748163' is missing from the main dataset, and is a top variant.
Warning: 'rs7766107' is missing from the main dataset, and is a top variant.
Warning: 'rs58562544' is missing from the main dataset, and is a top variant.
Warning: 'rs182272294' is missing from the main dataset, and is a top variant.
Warning: '6:30169932' is missing from the main dataset, and is a top variant.
Warning: 'rs56856699' is missing from the main dataset, and is a top variant.
Warning: 'rs9379900' is missing from the main dataset, and is a top variant.
Warning: '6:30170628' is missing from the main dataset, and is a top variant.
Warning: 'rs9278783' is missing from the main dataset, and is a top variant.
Warning: '6:30208791' is missing from the main dataset, and is a top variant.
Warning: 'rs34471161' is missing from the main dataset, and is a top variant.
Warning: 'rs9280935' is missing from the main dataset, and is a top variant.
Warning: 'rs56722471' is missing from the main dataset, and is a top variant.
Warning: 'rs70981105' is missing from the main dataset, and is a top variant.
Warning: 'rs370516808' is missing from the main dataset, and is a top variant.
Warning: 'rs114200269' is missing from the main dataset, and is a top variant.
Warning: 'rs35815698' is missing from the main dataset, and is a top variant.
Warning: 'rs141083567' is missing from the main dataset, and is a top variant.
Warning: 'rs144443573' is missing from the main dataset, and is a top variant.
Warning: 'rs9281044' is missing from the main dataset, and is a top variant.
Warning: 'rs3129696' is missing from the main dataset, and is a top variant.
Warning: '6:30322931' is missing from the main dataset, and is a top variant.
Warning: 'rs76217799' is missing from the main dataset, and is a top variant.
Warning: 'rs71548310' is missing from the main dataset, and is a top variant.
Warning: 'rs35366602' is missing from the main dataset, and is a top variant.
Warning: 'rs377189555' is missing from the main dataset, and is a top variant.
Warning: 'rs199700573' is missing from the main dataset, and is a top variant.
Warning: 'rs1264357' is missing from the main dataset, and is a top variant.
Warning: 'rs372197694' is missing from the main dataset, and is a top variant.
Warning: 'rs36123694' is missing from the main dataset, and is a top variant.
Warning: '6:30760850' is missing from the main dataset, and is a top variant.
Warning: 'rs72841509' is missing from the main dataset, and is a top variant.
Warning: 'rs71544650' is missing from the main dataset, and is a top variant.
Warning: '6:31323500' is missing from the main dataset, and is a top variant.
Warning: 'rs11432622' is missing from the main dataset, and is a top variant.
Warning: 'rs11432623' is missing from the main dataset, and is a top variant.
Warning: 'rs74201448' is missing from the main dataset, and is a top variant.
Warning: 'rs10591593' is missing from the main dataset, and is a top variant.
Warning: 'rs201471471' is missing from the main dataset, and is a top variant.
Warning: 'rs140136728' is missing from the main dataset, and is a top variant.
Warning: 'rs59074088' is missing from the main dataset, and is a top variant.
Warning: '6:31733950' is missing from the main dataset, and is a top variant.
Warning: '6:30371118' is missing from the main dataset, and is a top variant.
Warning: '6:30418966' is missing from the main dataset, and is a top variant.
Warning: '6:30783284' is missing from the main dataset, and is a top variant.
Warning: 'rs144929896' is missing from the main dataset, and is a top variant.
Warning: 'rs142883404' is missing from the main dataset, and is a top variant.
Warning: 'rs144767380' is missing from the main dataset, and is a top variant.
Warning: 'rs140504225' is missing from the main dataset, and is a top variant.
Warning: 'rs138738957' is missing from the main dataset, and is a top variant.
Warning: '6:31414051' is missing from the main dataset, and is a top variant.
Warning: 'rs147637345' is missing from the main dataset, and is a top variant.
Warning: 'rs9279532' is missing from the main dataset, and is a top variant.
Warning: 'rs140077985' is missing from the main dataset, and is a top variant.
Warning: 'rs9281671' is missing from the main dataset, and is a top variant.
Warning: 'rs9263610' is missing from the main dataset, and is a top variant.
Warning: '6:30323976' is missing from the main dataset, and is a top variant.
Warning: 'rs56897577' is missing from the main dataset, and is a top variant.
Warning: 'rs376437559' is missing from the main dataset, and is a top variant.
Warning: 'rs373067406' is missing from the main dataset, and is a top variant.
Warning: 'rs371606222' is missing from the main dataset, and is a top variant.
Warning: 'rs70983953' is missing from the main dataset, and is a top variant.
Warning: 'rs1793893' is missing from the main dataset, and is a top variant.
Warning: '6:32391192' is missing from the main dataset, and is a top variant.
Warning: '6:32416983' is missing from the main dataset, and is a top variant.
Warning: 'rs150353632' is missing from the main dataset, and is a top variant.
Warning: 'rs200411589' is missing from the main dataset, and is a top variant.
Warning: 'rs71674967' is missing from the main dataset, and is a top variant.
Warning: '6:32206374' is missing from the main dataset, and is a top variant.
Warning: 'rs68141011' is missing from the main dataset, and is a top variant.
Warning: 'rs35106887' is missing from the main dataset, and is a top variant.
Warning: 'rs367749396' is missing from the main dataset, and is a top variant.
Warning: '6:31767673' is missing from the main dataset, and is a top variant.
Warning: 'rs200692485' is missing from the main dataset, and is a top variant.
Warning: 'rs9280468' is missing from the main dataset, and is a top variant.
Warning: '6:32205572' is missing from the main dataset, and is a top variant.
Warning: 'rs200032555' is missing from the main dataset, and is a top variant.
Warning: 'rs57390839' is missing from the main dataset, and is a top variant.
Warning: 'rs34770320' is missing from the main dataset, and is a top variant.
Warning: 'rs72324954' is missing from the main dataset, and is a top variant.
Warning: 'rs11464297' is missing from the main dataset, and is a top variant.
Warning: 'rs66983783' is missing from the main dataset, and is a top variant.
Warning: '6:32302103' is missing from the main dataset, and is a top variant.
Warning: '6:32219898' is missing from the main dataset, and is a top variant.
Warning: 'rs146576271' is missing from the main dataset, and is a top variant.
Warning: 'rs36013569' is missing from the main dataset, and is a top variant.
Warning: 'rs376734644' is missing from the main dataset, and is a top variant.
Warning: 'rs76036733' is missing from the main dataset, and is a top variant.
Warning: '6:32218120' is missing from the main dataset, and is a top variant.
Warning: 'rs68045865' is missing from the main dataset, and is a top variant.
Warning: 'rs187696124' is missing from the main dataset, and is a top variant.
Warning: 'rs79158921' is missing from the main dataset, and is a top variant.
Warning: 'rs144373461' is missing from the main dataset, and is a top variant.
Warning: 'rs200293592' is missing from the main dataset, and is a top variant.
Warning: 'rs9279646' is missing from the main dataset, and is a top variant.
Warning: '6:31214354' is missing from the main dataset, and is a top variant.
Warning: 'rs145940815' is missing from the main dataset, and is a top variant.
Warning: 'rs377750331' is missing from the main dataset, and is a top variant.
Warning: 'rs145247936' is missing from the main dataset, and is a top variant.
Warning: 'rs34491374' is missing from the main dataset, and is a top variant.
Warning: 'rs202228322' is missing from the main dataset, and is a top variant.
Warning: 'rs70981103' is missing from the main dataset, and is a top variant.
Warning: '6:32432689' is missing from the main dataset, and is a top variant.
Warning: 'rs9280183' is missing from the main dataset, and is a top variant.
Warning: 'rs9281523' is missing from the main dataset, and is a top variant.
Warning: 'rs71909458' is missing from the main dataset, and is a top variant.
Warning: '6:32445145' is missing from the main dataset, and is a top variant.
Warning: 'rs58294881' is missing from the main dataset, and is a top variant.
Warning: 'rs147834246' is missing from the main dataset, and is a top variant.
Warning: 'rs66815818' is missing from the main dataset, and is a top variant.
Warning: 'rs368814012' is missing from the main dataset, and is a top variant.
Warning: '6:31198275' is missing from the main dataset, and is a top variant.
Warning: 'rs71775322' is missing from the main dataset, and is a top variant.
Warning: 'rs113489946' is missing from the main dataset, and is a top variant.
Warning: 'rs138172222' is missing from the main dataset, and is a top variant.
Warning: '6:29884539' is missing from the main dataset, and is a top variant.
Warning: 'rs9368443' is missing from the main dataset, and is a top variant.
Warning: 'rs10649173' is missing from the main dataset, and is a top variant.
Warning: 'rs1611749' is missing from the main dataset, and is a top variant.
Warning: 'rs376442058' is missing from the main dataset, and is a top variant.
Warning: 'rs201049089' is missing from the main dataset, and is a top variant.
Warning: 'rs36092170' is missing from the main dataset, and is a top variant.
Warning: 'rs3832685' is missing from the main dataset, and is a top variant.
Warning: 'rs35582652' is missing from the main dataset, and is a top variant.
Warning: 'rs34428217' is missing from the main dataset, and is a top variant.
Warning: 'rs143522819' is missing from the main dataset, and is a top variant.
Warning: 'rs3068795' is missing from the main dataset, and is a top variant.
Warning: 'rs371707645' is missing from the main dataset, and is a top variant.
Warning: 'rs2066745' is missing from the main dataset, and is a top variant.
Warning: 'rs11332738' is missing from the main dataset, and is a top variant.
Warning: 'rs116747494' is missing from the main dataset, and is a top variant.
Warning: 'rs9273153' is missing from the main dataset, and is a top variant.
Warning: '6:30083968' is missing from the main dataset, and is a top variant.
Warning: '6:32583831' is missing from the main dataset, and is a top variant.
Warning: 'rs147687891' is missing from the main dataset, and is a top variant.
Warning: 'rs70987604' is missing from the main dataset, and is a top variant.
Warning: 'rs146748241' is missing from the main dataset, and is a top variant.
Warning: 'rs144441152' is missing from the main dataset, and is a top variant.
Warning: 'rs147849660' is missing from the main dataset, and is a top variant.
Warning: 'rs374583688' is missing from the main dataset, and is a top variant.
Warning: 'rs151013983' is missing from the main dataset, and is a top variant.
Warning: 'rs150582683' is missing from the main dataset, and is a top variant.
Warning: 'rs9279642' is missing from the main dataset, and is a top variant.
Warning: 'rs3215816' is missing from the main dataset, and is a top variant.
Warning: 'rs369377004' is missing from the main dataset, and is a top variant.
Warning: 'rs9279691' is missing from the main dataset, and is a top variant.
Warning: '6:32946606' is missing from the main dataset, and is a top variant.
Warning: 'rs141481503' is missing from the main dataset, and is a top variant.
Warning: 'rs12773892' is missing from the main dataset, and is a top variant.
Warning: 'rs11296588' is missing from the main dataset, and is a top variant.
Warning: '6:32631256' is missing from the main dataset, and is a top variant.
Warning: 'rs11375439' is missing from the main dataset, and is a top variant.
Warning: 'rs114680116' is missing from the main dataset, and is a top variant.
Warning: 'rs61667231' is missing from the main dataset, and is a top variant.
Warning: 'rs145839828' is missing from the main dataset, and is a top variant.
Warning: 'rs151142594' is missing from the main dataset, and is a top variant.
Warning: 'rs1476435' is missing from the main dataset, and is a top variant.
Warning: 'rs115952312' is missing from the main dataset, and is a top variant.
Warning: 'rs5875221' is missing from the main dataset, and is a top variant.
Warning: 'rs201985906' is missing from the main dataset, and is a top variant.
Warning: 'rs35271228' is missing from the main dataset, and is a top variant.
Warning: 'rs17843707' is missing from the main dataset, and is a top variant.
Warning: 'rs34957371' is missing from the main dataset, and is a top variant.
Warning: 'rs145010450' is missing from the main dataset, and is a top variant.
Warning: 'rs61381274' is missing from the main dataset, and is a top variant.
Warning: 'rs111594762' is missing from the main dataset, and is a top variant.
Warning: 'rs10681156' is missing from the main dataset, and is a top variant.
Warning: '6:31606901' is missing from the main dataset, and is a top variant.
Warning: 'rs34053998' is missing from the main dataset, and is a top variant.
Warning: 'rs200965092' is missing from the main dataset, and is a top variant.
Warning: 'rs35441443' is missing from the main dataset, and is a top variant.
Warning: 'rs200148817' is missing from the main dataset, and is a top variant.
Warning: 'rs180778602' is missing from the main dataset, and is a top variant.
Warning: 'rs11421226' is missing from the main dataset, and is a top variant.
Warning: 'rs17884001' is missing from the main dataset, and is a top variant.
Warning: 'rs1144710' is missing from the main dataset, and is a top variant.
Warning: 'rs149900446' is missing from the main dataset, and is a top variant.
Warning: 'rs111314530' is missing from the main dataset, and is a top variant.
Warning: 'rs141251091' is missing from the main dataset, and is a top variant.
Warning: '6:32631038' is missing from the main dataset, and is a top variant.
Warning: '6:32630996' is missing from the main dataset, and is a top variant.
Warning: 'rs144662567' is missing from the main dataset, and is a top variant.
Warning: 'rs368366261' is missing from the main dataset, and is a top variant.
Warning: 'rs17586553' is missing from the main dataset, and is a top variant.
Warning: '6:32423528' is missing from the main dataset, and is a top variant.
Warning: 'rs147246031' is missing from the main dataset, and is a top variant.
Warning: '6:30923411' is missing from the main dataset, and is a top variant.
Warning: 'rs3039353' is missing from the main dataset, and is a top variant.
Warning: 'rs184945119' is missing from the main dataset, and is a top variant.
Warning: 'rs145535890' is missing from the main dataset, and is a top variant.
Warning: 'rs78827939' is missing from the main dataset, and is a top variant.
Warning: 'rs3131015' is missing from the main dataset, and is a top variant.
Warning: 'rs34270954' is missing from the main dataset, and is a top variant.
Warning: '6:26799828' is missing from the main dataset, and is a top variant.
Warning: '6:32631129' is missing from the main dataset, and is a top variant.
Warning: 'rs138870263' is missing from the main dataset, and is a top variant.
Warning: 'rs10650434' is missing from the main dataset, and is a top variant.
Warning: '6:32631130' is missing from the main dataset, and is a top variant.
Warning: '6:32631122' is missing from the main dataset, and is a top variant.
Warning: 'rs113802668' is missing from the main dataset, and is a top variant.
Warning: 'rs9275659' is missing from the main dataset, and is a top variant.
Warning: 'rs80095283' is missing from the main dataset, and is a top variant.
Warning: '6:31732547' is missing from the main dataset, and is a top variant.
Warning: 'rs9282228' is missing from the main dataset, and is a top variant.
Warning: 'rs9275788' is missing from the main dataset, and is a top variant.
Warning: 'rs9348715' is missing from the main dataset, and is a top variant.
Warning: 'rs150680405' is missing from the main dataset, and is a top variant.
Warning: 'rs6902687' is missing from the main dataset, and is a top variant.
Warning: 'rs34167706' is missing from the main dataset, and is a top variant.
Warning: 'rs72087025' is missing from the main dataset, and is a top variant.
Warning: 'rs34868706' is missing from the main dataset, and is a top variant.
Warning: 'rs9281590' is missing from the main dataset, and is a top variant.
Warning: 'rs41285694' is missing from the main dataset, and is a top variant.
Warning: 'rs147854926' is missing from the main dataset, and is a top variant.
Warning: 'rs55924797' is missing from the main dataset, and is a top variant.
Warning: '6:29230100' is missing from the main dataset, and is a top variant.
Warning: '6:29896724' is missing from the main dataset, and is a top variant.
Warning: 'rs9276075' is missing from the main dataset, and is a top variant.
Warning: '6:29898249' is missing from the main dataset, and is a top variant.
Warning: 'rs11286412' is missing from the main dataset, and is a top variant.
Warning: 'rs369812099' is missing from the main dataset, and is a top variant.
Warning: 'rs150970141' is missing from the main dataset, and is a top variant.
Warning: 'rs369011696' is missing from the main dataset, and is a top variant.
Warning: 'rs3834416' is missing from the main dataset, and is a top variant.
Warning: 'rs139758774' is missing from the main dataset, and is a top variant.
Warning: '6:29854631' is missing from the main dataset, and is a top variant.
Warning: 'rs55960641' is missing from the main dataset, and is a top variant.
Warning: 'rs113076865' is missing from the main dataset, and is a top variant.
Warning: '6:32631086' is missing from the main dataset, and is a top variant.
Warning: 'rs35443788' is missing from the main dataset, and is a top variant.
Warning: '12:2339249' is missing from the main dataset, and is a top variant.
Warning: '6:32453064' is missing from the main dataset, and is a top variant.
Warning: 'rs79706174' is missing from the main dataset, and is a top variant.
Warning: 'rs35556097' is missing from the main dataset, and is a top variant.
Warning: 'rs75826965' is missing from the main dataset, and is a top variant.
Warning: 'rs201376697' is missing from the main dataset, and is a top variant.
Warning: 'rs71544657' is missing from the main dataset, and is a top variant.
Warning: 'rs67014990' is missing from the main dataset, and is a top variant.
Warning: 'rs74985373' is missing from the main dataset, and is a top variant.
Warning: 'rs35848523' is missing from the main dataset, and is a top variant.
Warning: 'rs78644627' is missing from the main dataset, and is a top variant.
Warning: '6:32630700' is missing from the main dataset, and is a top variant.
Warning: 'rs146118900' is missing from the main dataset, and is a top variant.
Warning: '6:32630687' is missing from the main dataset, and is a top variant.
Warning: 'rs5776389' is missing from the main dataset, and is a top variant.
Warning: 'rs67892517' is missing from the main dataset, and is a top variant.
Warning: 'rs140047404' is missing from the main dataset, and is a top variant.
Warning: 'rs34005503' is missing from the main dataset, and is a top variant.
Warning: '6:32435549' is missing from the main dataset, and is a top variant.
Warning: 'rs71441679' is missing from the main dataset, and is a top variant.
Warning: 'rs10883845' is missing from the main dataset, and is a top variant.
Warning: 'rs9281490' is missing from the main dataset, and is a top variant.
Warning: 'rs146594838' is missing from the main dataset, and is a top variant.
Warning: 'rs2523408' is missing from the main dataset, and is a top variant.
Warning: 'rs34555186' is missing from the main dataset, and is a top variant.
Warning: 'rs199777374' is missing from the main dataset, and is a top variant.
Warning: 'rs74203511' is missing from the main dataset, and is a top variant.
Warning: '6:32631418' is missing from the main dataset, and is a top variant.
Warning: 'rs60033413' is missing from the main dataset, and is a top variant.
Warning: 'rs146239222' is missing from the main dataset, and is a top variant.
Warning: 'rs11404556' is missing from the main dataset, and is a top variant.
Warning: 'rs389025' is missing from the main dataset, and is a top variant.
Warning: 'rs12069474' is missing from the main dataset, and is a top variant.
Warning: 'rs1184498' is missing from the main dataset, and is a top variant.
Warning: '6:31182723' is missing from the main dataset, and is a top variant.
Warning: 'rs1611155' is missing from the main dataset, and is a top variant.
Warning: '6:29759679' is missing from the main dataset, and is a top variant.
Warning: '6:32631639' is missing from the main dataset, and is a top variant.
Warning: 'rs34590006' is missing from the main dataset, and is a top variant.
Warning: 'rs35314884' is missing from the main dataset, and is a top variant.
Warning: 'rs140204695' is missing from the main dataset, and is a top variant.
Warning: 'rs145760005' is missing from the main dataset, and is a top variant.
Warning: 'rs113397625' is missing from the main dataset, and is a top variant.
Warning: 'rs9282254' is missing from the main dataset, and is a top variant.
Warning: 'rs3134783' is missing from the main dataset, and is a top variant.
Warning: '6:32630741' is missing from the main dataset, and is a top variant.
Warning: '6:32630707' is missing from the main dataset, and is a top variant.
Warning: '6:28373701' is missing from the main dataset, and is a top variant.
Warning: 'rs67122999' is missing from the main dataset, and is a top variant.
Warning: 'rs147218080' is missing from the main dataset, and is a top variant.
Warning: 'rs57948882' is missing from the main dataset, and is a top variant.
Warning: 'rs35603647' is missing from the main dataset, and is a top variant.
Warning: 'rs377629277' is missing from the main dataset, and is a top variant.
Warning: 'rs143970236' is missing from the main dataset, and is a top variant.
Warning: 'rs139275365' is missing from the main dataset, and is a top variant.
Warning: '6:32630349' is missing from the main dataset, and is a top variant.
Warning: 'rs10680589' is missing from the main dataset, and is a top variant.
Warning: 'rs5837713' is missing from the main dataset, and is a top variant.
Warning: '6:29777624' is missing from the main dataset, and is a top variant.
Warning: 'rs5776390' is missing from the main dataset, and is a top variant.
Warning: 'rs375299492' is missing from the main dataset, and is a top variant.
Warning: 'rs374379566' is missing from the main dataset, and is a top variant.
Warning: 'rs11418931' is missing from the main dataset, and is a top variant.
Warning: 'rs116261538' is missing from the main dataset, and is a top variant.
Warning: 'rs1611426' is missing from the main dataset, and is a top variant.
Warning: 'rs58033671' is missing from the main dataset, and is a top variant.
Warning: '6:29970905' is missing from the main dataset, and is a top variant.
Warning: 'rs71855536' is missing from the main dataset, and is a top variant.
Warning: '6:32452407' is missing from the main dataset, and is a top variant.
Warning: 'rs369826741' is missing from the main dataset, and is a top variant.
Warning: 'rs80347690' is missing from the main dataset, and is a top variant.
Warning: 'rs137861925' is missing from the main dataset, and is a top variant.
Warning: 'rs112133385' is missing from the main dataset, and is a top variant.
Warning: '6:32452501' is missing from the main dataset, and is a top variant.
Warning: 'rs72508425' is missing from the main dataset, and is a top variant.
Warning: 'rs9281724' is missing from the main dataset, and is a top variant.
Warning: 'rs143989762' is missing from the main dataset, and is a top variant.
Warning: 'rs140865985' is missing from the main dataset, and is a top variant.
Warning: 'rs79594522' is missing from the main dataset, and is a top variant.
Warning: 'rs34529622' is missing from the main dataset, and is a top variant.
Warning: 'rs138992374' is missing from the main dataset, and is a top variant.
Warning: 'rs78070661' is missing from the main dataset, and is a top variant.
Warning: 'rs61170869' is missing from the main dataset, and is a top variant.
Warning: 'rs9259843' is missing from the main dataset, and is a top variant.
Warning: 'rs138337185' is missing from the main dataset, and is a top variant.
Warning: 'rs139238973' is missing from the main dataset, and is a top variant.
Warning: 'rs7756177' is missing from the main dataset, and is a top variant.
Warning: 'rs9281038' is missing from the main dataset, and is a top variant.
Warning: 'rs5875357' is missing from the main dataset, and is a top variant.
Warning: 'rs200626410' is missing from the main dataset, and is a top variant.
Warning: 'rs778341' is missing from the main dataset, and is a top variant.
Warning: '6:32020238' is missing from the main dataset, and is a top variant.
Warning: '6:32453000' is missing from the main dataset, and is a top variant.
Warning: 'rs72420186' is missing from the main dataset, and is a top variant.
Warning: 'rs140610567' is missing from the main dataset, and is a top variant.
Warning: 'rs67123064' is missing from the main dataset, and is a top variant.
Warning: 'rs374787445' is missing from the main dataset, and is a top variant.
Warning: '6:32452406' is missing from the main dataset, and is a top variant.
Warning: 'rs9280708' is missing from the main dataset, and is a top variant.
Warning: 'rs71303501' is missing from the main dataset, and is a top variant.
Warning: '6:29761082' is missing from the main dataset, and is a top variant.
Warning: 'rs78336652' is missing from the main dataset, and is a top variant.
Warning: 'rs12616905' is missing from the main dataset, and is a top variant.
Warning: 'rs138894902' is missing from the main dataset, and is a top variant.
Warning: 'rs71947865' is missing from the main dataset, and is a top variant.
Warning: 'rs149367683' is missing from the main dataset, and is a top variant.
Warning: '6:29996734' is missing from the main dataset, and is a top variant.
Warning: 'rs113670680' is missing from the main dataset, and is a top variant.
Warning: '6:32007063' is missing from the main dataset, and is a top variant.
Warning: '6:32453563' is missing from the main dataset, and is a top variant.
Warning: 'rs112515372' is missing from the main dataset, and is a top variant.
Warning: 'rs116791690' is missing from the main dataset, and is a top variant.
Warning: 'rs199520438' is missing from the main dataset, and is a top variant.
Warning: 'rs17843601' is missing from the main dataset, and is a top variant.
Warning: 'rs35323664' is missing from the main dataset, and is a top variant.
Warning: 'rs116287854' is missing from the main dataset, and is a top variant.
Warning: 'rs58472542' is missing from the main dataset, and is a top variant.
Warning: 'rs1727312' is missing from the main dataset, and is a top variant.
Warning: 'rs185708975' is missing from the main dataset, and is a top variant.
Warning: 'rs34841551' is missing from the main dataset, and is a top variant.
Warning: 'rs5825114' is missing from the main dataset, and is a top variant.
Warning: 'rs9281706' is missing from the main dataset, and is a top variant.
Warning: '6:32709965' is missing from the main dataset, and is a top variant.
Warning: 'rs61126341' is missing from the main dataset, and is a top variant.
Warning: 'rs144690858' is missing from the main dataset, and is a top variant.
Warning: 'rs35583523' is missing from the main dataset, and is a top variant.
Warning: 'rs150866558' is missing from the main dataset, and is a top variant.
Warning: 'rs373646693' is missing from the main dataset, and is a top variant.
Warning: 'rs11302092' is missing from the main dataset, and is a top variant.
Warning: 'rs113600112' is missing from the main dataset, and is a top variant.
Warning: 'rs10037643' is missing from the main dataset, and is a top variant.
Warning: 'rs141446174' is missing from the main dataset, and is a top variant.
Warning: 'rs35482715' is missing from the main dataset, and is a top variant.
Warning: 'rs71398751' is missing from the main dataset, and is a top variant.
Warning: 'rs9258377' is missing from the main dataset, and is a top variant.
Warning: 'rs136804' is missing from the main dataset, and is a top variant.
Warning: 'rs61435928' is missing from the main dataset, and is a top variant.
Warning: 'rs35030185' is missing from the main dataset, and is a top variant.
Warning: 'rs368743388' is missing from the main dataset, and is a top variant.
Warning: 'rs34651571' is missing from the main dataset, and is a top variant.
Warning: 'rs11289726' is missing from the main dataset, and is a top variant.
Warning: 'rs59092643' is missing from the main dataset, and is a top variant.
Warning: 'rs28570051' is missing from the main dataset, and is a top variant.
Warning: '6:29950258' is missing from the main dataset, and is a top variant.
Warning: 'rs143312186' is missing from the main dataset, and is a top variant.
Warning: 'rs34565995' is missing from the main dataset, and is a top variant.
Warning: 'rs9280509' is missing from the main dataset, and is a top variant.
Warning: 'rs72342654' is missing from the main dataset, and is a top variant.
Warning: 'rs35559309' is missing from the main dataset, and is a top variant.
Warning: 'rs200192471' is missing from the main dataset, and is a top variant.
Warning: 'rs3831093' is missing from the main dataset, and is a top variant.
Warning: 'rs11223648' is missing from the main dataset, and is a top variant.
Warning: '6:28884890' is missing from the main dataset, and is a top variant.
Warning: 'rs141397554' is missing from the main dataset, and is a top variant.
Warning: 'rs56400896' is missing from the main dataset, and is a top variant.
Warning: 'rs77631260' is missing from the main dataset, and is a top variant.
Warning: 'rs377723602' is missing from the main dataset, and is a top variant.
Warning: 'rs9280667' is missing from the main dataset, and is a top variant.
Warning: 'rs9279904' is missing from the main dataset, and is a top variant.
Warning: 'rs113233375' is missing from the main dataset, and is a top variant.
Warning: 'rs28673849' is missing from the main dataset, and is a top variant.
Warning: 'rs10533339' is missing from the main dataset, and is a top variant.
Warning: 'rs112917638' is missing from the main dataset, and is a top variant.
Warning: 'rs4246515' is missing from the main dataset, and is a top variant.
Warning: 'rs67734300' is missing from the main dataset, and is a top variant.
Warning: 'rs35091028' is missing from the main dataset, and is a top variant.
Warning: 'rs113956823' is missing from the main dataset, and is a top variant.
Warning: 'rs1632981' is missing from the main dataset, and is a top variant.
Warning: 'rs11411529' is missing from the main dataset, and is a top variant.
Warning: 'rs368149669' is missing from the main dataset, and is a top variant.
Warning: 'rs34627' is missing from the main dataset, and is a top variant.
Warning: 'rs116537703' is missing from the main dataset, and is a top variant.
Warning: 'rs71695442' is missing from the main dataset, and is a top variant.
Warning: '6:32632872' is missing from the main dataset, and is a top variant.
Warning: 'rs35261191' is missing from the main dataset, and is a top variant.
Warning: 'rs9280888' is missing from the main dataset, and is a top variant.
Warning: 'rs141629325' is missing from the main dataset, and is a top variant.
Warning: 'rs2893928' is missing from the main dataset, and is a top variant.
Warning: 'rs5776384' is missing from the main dataset, and is a top variant.
Warning: '6:29666664' is missing from the main dataset, and is a top variant.
Warning: 'rs141581275' is missing from the main dataset, and is a top variant.
Warning: 'rs56309313' is missing from the main dataset, and is a top variant.
Warning: 'rs148564564' is missing from the main dataset, and is a top variant.
Warning: 'rs143863264' is missing from the main dataset, and is a top variant.
Warning: 'rs28362583' is missing from the main dataset, and is a top variant.
Warning: 'rs3217350' is missing from the main dataset, and is a top variant.
Warning: 'rs3788568' is missing from the main dataset, and is a top variant.
Warning: '6:29766678' is missing from the main dataset, and is a top variant.
Warning: 'rs150351941' is missing from the main dataset, and is a top variant.
Warning: 'rs17612824' is missing from the main dataset, and is a top variant.
Warning: '22:39987024' is missing from the main dataset, and is a top variant.
Warning: 'rs1610753' is missing from the main dataset, and is a top variant.
Warning: 'rs137922831' is missing from the main dataset, and is a top variant.
Warning: 'rs142315165' is missing from the main dataset, and is a top variant.
Warning: 'rs10637216' is missing from the main dataset, and is a top variant.
Warning: 'rs200366480' is missing from the main dataset, and is a top variant.
Warning: 'rs55980138' is missing from the main dataset, and is a top variant.
Warning: 'rs149216751' is missing from the main dataset, and is a top variant.
Warning: 'rs70983927' is missing from the main dataset, and is a top variant.
Warning: 'rs11344221' is missing from the main dataset, and is a top variant.
Warning: 'rs57228349' is missing from the main dataset, and is a top variant.
Warning: 'rs62688761' is missing from the main dataset, and is a top variant.
Warning: 'rs149889908' is missing from the main dataset, and is a top variant.
Warning: 'rs147669239' is missing from the main dataset, and is a top variant.
Warning: 'rs145872254' is missing from the main dataset, and is a top variant.
Warning: 'rs13716' is missing from the main dataset, and is a top variant.
Warning: 'rs55798212' is missing from the main dataset, and is a top variant.
Warning: 'rs17612762' is missing from the main dataset, and is a top variant.
Warning: 'rs376376813' is missing from the main dataset, and is a top variant.
Warning: 'rs75419127' is missing from the main dataset, and is a top variant.
Warning: 'rs9279554' is missing from the main dataset, and is a top variant.
Warning: 'rs17843698' is missing from the main dataset, and is a top variant.
Warning: 'rs78847255' is missing from the main dataset, and is a top variant.
Warning: 'rs115629113' is missing from the main dataset, and is a top variant.
Warning: 'rs1048643' is missing from the main dataset, and is a top variant.
Warning: 'rs1233621' is missing from the main dataset, and is a top variant.
Warning: 'rs1142326' is missing from the main dataset, and is a top variant.
Warning: 'rs17843602' is missing from the main dataset, and is a top variant.
Warning: 'rs34314224' is missing from the main dataset, and is a top variant.
Warning: 'rs35525985' is missing from the main dataset, and is a top variant.
Warning: 'rs3838584' is missing from the main dataset, and is a top variant.
Warning: 'rs201836683' is missing from the main dataset, and is a top variant.
Warning: 'rs9393813' is missing from the main dataset, and is a top variant.
Warning: 'rs9280700' is missing from the main dataset, and is a top variant.
Warning: 'rs140352307' is missing from the main dataset, and is a top variant.
Warning: 'rs2176546' is missing from the main dataset, and is a top variant.
Warning: 'rs34117339' is missing from the main dataset, and is a top variant.
Warning: 'rs116153975' is missing from the main dataset, and is a top variant.
Warning: 'rs5875252' is missing from the main dataset, and is a top variant.
Warning: 'rs374614019' is missing from the main dataset, and is a top variant.
Warning: 'rs17612768' is missing from the main dataset, and is a top variant.
Warning: '6:32281823' is missing from the main dataset, and is a top variant.
Warning: 'rs139480376' is missing from the main dataset, and is a top variant.
Warning: 'rs34842645' is missing from the main dataset, and is a top variant.
Warning: 'rs9279575' is missing from the main dataset, and is a top variant.
Warning: 'rs140119503' is missing from the main dataset, and is a top variant.
Warning: 'rs138685660' is missing from the main dataset, and is a top variant.
Warning: '6:29683974' is missing from the main dataset, and is a top variant.
Warning: '6:29683808' is missing from the main dataset, and is a top variant.
Warning: '6:29681293' is missing from the main dataset, and is a top variant.
Warning: '6:29682239' is missing from the main dataset, and is a top variant.
Warning: '6:29682605' is missing from the main dataset, and is a top variant.
Warning: '6:32452562' is missing from the main dataset, and is a top variant.
Warning: 'rs35837712' is missing from the main dataset, and is a top variant.
Warning: 'rs201958431' is missing from the main dataset, and is a top variant.
Warning: 'rs35771578' is missing from the main dataset, and is a top variant.
Warning: 'rs142425863' is missing from the main dataset, and is a top variant.
Warning: '6:29678091' is missing from the main dataset, and is a top variant.
Warning: 'rs57925200' is missing from the main dataset, and is a top variant.
Warning: 'rs146697131' is missing from the main dataset, and is a top variant.
Warning: 'rs35949862' is missing from the main dataset, and is a top variant.
Warning: 'rs143635011' is missing from the main dataset, and is a top variant.
Warning: 'rs111979702' is missing from the main dataset, and is a top variant.
Warning: 'rs138671620' is missing from the main dataset, and is a top variant.
Warning: 'rs11625740' is missing from the main dataset, and is a top variant.
Warning: 'rs10256077' is missing from the main dataset, and is a top variant.
Warning: 'rs3135329' is missing from the main dataset, and is a top variant.
Warning: 'rs10611414' is missing from the main dataset, and is a top variant.
Warning: '6:32252846' is missing from the main dataset, and is a top variant.
Warning: 'rs138459511' is missing from the main dataset, and is a top variant.
Warning: 'rs34484704' is missing from the main dataset, and is a top variant.
Warning: 'rs7465202' is missing from the main dataset, and is a top variant.
Warning: 'rs114771365' is missing from the main dataset, and is a top variant.
Warning: 'rs11431027' is missing from the main dataset, and is a top variant.
Warning: 'rs147646043' is missing from the main dataset, and is a top variant.
Warning: 'rs28986268' is missing from the main dataset, and is a top variant.
Warning: 'rs35280893' is missing from the main dataset, and is a top variant.
Warning: 'rs5811119' is missing from the main dataset, and is a top variant.
Warning: 'rs67106675' is missing from the main dataset, and is a top variant.
Warning: 'rs35249543' is missing from the main dataset, and is a top variant.
Warning: '14:104251571' is missing from the main dataset, and is a top variant.
Warning: 'rs140415451' is missing from the main dataset, and is a top variant.
Warning: 'rs78259251' is missing from the main dataset, and is a top variant.
Warning: 'rs11295713' is missing from the main dataset, and is a top variant.
Warning: 'rs138519350' is missing from the main dataset, and is a top variant.
Warning: 'rs375736454' is missing from the main dataset, and is a top variant.
Warning: '6:29762018' is missing from the main dataset, and is a top variant.
Warning: 'rs201260192' is missing from the main dataset, and is a top variant.
Warning: 'rs2171667' is missing from the main dataset, and is a top variant.
Warning: 'rs144478515' is missing from the main dataset, and is a top variant.
Warning: 'rs111337444' is missing from the main dataset, and is a top variant.
Warning: 'rs35261767' is missing from the main dataset, and is a top variant.
Warning: 'rs34810363' is missing from the main dataset, and is a top variant.
Warning: 'rs35771435' is missing from the main dataset, and is a top variant.
Warning: 'rs34181808' is missing from the main dataset, and is a top variant.
Warning: 'rs74819806' is missing from the main dataset, and is a top variant.
Warning: 'rs148430890' is missing from the main dataset, and is a top variant.
Warning: '6:29721666' is missing from the main dataset, and is a top variant.
Warning: 'rs36138307' is missing from the main dataset, and is a top variant.
Warning: 'rs5854884' is missing from the main dataset, and is a top variant.
Warning: 'rs374315834' is missing from the main dataset, and is a top variant.
Warning: 'rs72366880' is missing from the main dataset, and is a top variant.
Warning: 'rs5831479' is missing from the main dataset, and is a top variant.
Warning: 'rs9281708' is missing from the main dataset, and is a top variant.
Warning: 'rs11372849' is missing from the main dataset, and is a top variant.
Warning: 'rs140672132' is missing from the main dataset, and is a top variant.
Warning: 'rs34967784' is missing from the main dataset, and is a top variant.
Warning: 'rs1611203' is missing from the main dataset, and is a top variant.
Warning: 'rs140895940' is missing from the main dataset, and is a top variant.
Warning: 'rs11410659' is missing from the main dataset, and is a top variant.
Warning: '6:31233074' is missing from the main dataset, and is a top variant.
Warning: 'rs34134431' is missing from the main dataset, and is a top variant.
Warning: '6:31233510' is missing from the main dataset, and is a top variant.
Warning: 'rs377704420' is missing from the main dataset, and is a top variant.
Warning: 'rs34155397' is missing from the main dataset, and is a top variant.
Warning: 'rs141111552' is missing from the main dataset, and is a top variant.
Warning: 'rs79494146' is missing from the main dataset, and is a top variant.
Warning: 'rs10680247' is missing from the main dataset, and is a top variant.
Warning: 'rs3831404' is missing from the main dataset, and is a top variant.
Warning: 'rs78564544' is missing from the main dataset, and is a top variant.
Warning: 'rs11390586' is missing from the main dataset, and is a top variant.
Warning: 'rs35265908' is missing from the main dataset, and is a top variant.
Warning: 'rs147542864' is missing from the main dataset, and is a top variant.
Warning: '6:32258258' is missing from the main dataset, and is a top variant.
Warning: 'rs140754668' is missing from the main dataset, and is a top variant.
Warning: '6:32272621' is missing from the main dataset, and is a top variant.
Warning: '8:143318520' is missing from the main dataset, and is a top variant.
Warning: 'rs57443949' is missing from the main dataset, and is a top variant.
Warning: 'rs35093759' is missing from the main dataset, and is a top variant.
Warning: 'rs9258382' is missing from the main dataset, and is a top variant.
Warning: 'rs2600' is missing from the main dataset, and is a top variant.
Warning: 'rs76890528' is missing from the main dataset, and is a top variant.
Warning: 'rs77108330' is missing from the main dataset, and is a top variant.
Warning: '6:29768425' is missing from the main dataset, and is a top variant.
Warning: '6:29765671' is missing from the main dataset, and is a top variant.
Warning: 'rs67631681' is missing from the main dataset, and is a top variant.
Warning: 'rs5775180' is missing from the main dataset, and is a top variant.
Warning: 'rs112596164' is missing from the main dataset, and is a top variant.
Warning: '6:29766785' is missing from the main dataset, and is a top variant.
Warning: 'rs148570361' is missing from the main dataset, and is a top variant.
Warning: '6:84280274' is missing from the main dataset, and is a top variant.
Warning: 'rs5875151' is missing from the main dataset, and is a top variant.
Warning: 'rs139943284' is missing from the main dataset, and is a top variant.
Warning: 'rs56051927' is missing from the main dataset, and is a top variant.
Warning: 'rs2844838' is missing from the main dataset, and is a top variant.
Warning: 'rs112263711' is missing from the main dataset, and is a top variant.
Warning: 'rs5775178' is missing from the main dataset, and is a top variant.
Warning: 'rs202103962' is missing from the main dataset, and is a top variant.
Warning: 'rs368497712' is missing from the main dataset, and is a top variant.
Warning: 'rs34013550' is missing from the main dataset, and is a top variant.
Warning: 'rs370050925' is missing from the main dataset, and is a top variant.
Warning: 'rs35754447' is missing from the main dataset, and is a top variant.
Warning: 'rs5811117' is missing from the main dataset, and is a top variant.
Warning: 'rs35124052' is missing from the main dataset, and is a top variant.
Warning: 'rs146845557' is missing from the main dataset, and is a top variant.
Warning: 'rs35468799' is missing from the main dataset, and is a top variant.
Warning: 'rs3070527' is missing from the main dataset, and is a top variant.
Warning: 'rs147562250' is missing from the main dataset, and is a top variant.
Warning: 'rs149369954' is missing from the main dataset, and is a top variant.
Warning: 'rs34841007' is missing from the main dataset, and is a top variant.
Warning: 'rs35804790' is missing from the main dataset, and is a top variant.
Warning: 'rs10617327' is missing from the main dataset, and is a top variant.
Warning: 'rs114072976' is missing from the main dataset, and is a top variant.
Warning: 'rs68034392' is missing from the main dataset, and is a top variant.
Warning: 'rs181195832' is missing from the main dataset, and is a top variant.
Warning: 'rs35008854' is missing from the main dataset, and is a top variant.
Warning: 'rs150672950' is missing from the main dataset, and is a top variant.
Warning: 'rs12144370' is missing from the main dataset, and is a top variant.
Warning: 'rs11398401' is missing from the main dataset, and is a top variant.
Warning: 'rs140685034' is missing from the main dataset, and is a top variant.
Warning: 'rs143880108' is missing from the main dataset, and is a top variant.
Warning: 'rs7543202' is missing from the main dataset, and is a top variant.
Warning: 'rs191002062' is missing from the main dataset, and is a top variant.
Warning: 'rs607296' is missing from the main dataset, and is a top variant.
Warning: 'rs67321228' is missing from the main dataset, and is a top variant.
Warning: 'rs11426024' is missing from the main dataset, and is a top variant.
Warning: 'rs73737991' is missing from the main dataset, and is a top variant.
Warning: 'rs35072205' is missing from the main dataset, and is a top variant.
Warning: '6:29923118' is missing from the main dataset, and is a top variant.
Warning: 'rs144729306' is missing from the main dataset, and is a top variant.
Warning: 'rs138282792' is missing from the main dataset, and is a top variant.
Warning: 'rs148064104' is missing from the main dataset, and is a top variant.
Warning: 'rs138839740' is missing from the main dataset, and is a top variant.
Warning: 'rs142230318' is missing from the main dataset, and is a top variant.
Warning: 'rs10718311' is missing from the main dataset, and is a top variant.
Warning: 'rs28457688' is missing from the main dataset, and is a top variant.
Warning: 'rs58112308' is missing from the main dataset, and is a top variant.
Warning: 'rs373981904' is missing from the main dataset, and is a top variant.
Warning: 'rs63042761' is missing from the main dataset, and is a top variant.
Warning: 'rs151335218' is missing from the main dataset, and is a top variant.
Warning: 'rs59521873' is missing from the main dataset, and is a top variant.
Warning: 'rs9280725' is missing from the main dataset, and is a top variant.
Warning: 'rs3216318' is missing from the main dataset, and is a top variant.
Warning: 'rs140459644' is missing from the main dataset, and is a top variant.
Warning: 'rs57257864' is missing from the main dataset, and is a top variant.
Warning: 'rs70977268' is missing from the main dataset, and is a top variant.
Warning: '6:31873384' is missing from the main dataset, and is a top variant.
Warning: 'rs143734333' is missing from the main dataset, and is a top variant.
Warning: 'rs142135636' is missing from the main dataset, and is a top variant.
Warning: 'rs72419030' is missing from the main dataset, and is a top variant.
Warning: 'rs78590109' is missing from the main dataset, and is a top variant.
Warning: 'rs10946871' is missing from the main dataset, and is a top variant.
Warning: 'rs149465751' is missing from the main dataset, and is a top variant.
Warning: 'rs140930533' is missing from the main dataset, and is a top variant.
Warning: 'rs34269918' is missing from the main dataset, and is a top variant.
Warning: 'rs67962856' is missing from the main dataset, and is a top variant.
Warning: 'rs147806986' is missing from the main dataset, and is a top variant.
Warning: 'rs1233603' is missing from the main dataset, and is a top variant.
Warning: 'rs142593529' is missing from the main dataset, and is a top variant.
Warning: 'rs67358832' is missing from the main dataset, and is a top variant.
Warning: '6:31326522' is missing from the main dataset, and is a top variant.
Warning: 'rs371933394' is missing from the main dataset, and is a top variant.
Warning: 'rs75016174' is missing from the main dataset, and is a top variant.
Warning: 'rs75843621' is missing from the main dataset, and is a top variant.
Warning: 'rs35850955' is missing from the main dataset, and is a top variant.
Warning: 'rs370386212' is missing from the main dataset, and is a top variant.
Warning: 'rs35011434' is missing from the main dataset, and is a top variant.
Warning: 'rs35206421' is missing from the main dataset, and is a top variant.
Warning: 'rs35913332' is missing from the main dataset, and is a top variant.
Warning: '6:31252469' is missing from the main dataset, and is a top variant.
Warning: 'rs9281303' is missing from the main dataset, and is a top variant.
Warning: 'rs144435796' is missing from the main dataset, and is a top variant.
Warning: 'rs138609970' is missing from the main dataset, and is a top variant.
Warning: '6:29667592' is missing from the main dataset, and is a top variant.
Warning: 'rs57301971' is missing from the main dataset, and is a top variant.
Warning: 'rs10718885' is missing from the main dataset, and is a top variant.
Warning: 'rs11355400' is missing from the main dataset, and is a top variant.
Warning: 'rs66571709' is missing from the main dataset, and is a top variant.
Warning: '6:28713968' is missing from the main dataset, and is a top variant.
Warning: 'rs2395521' is missing from the main dataset, and is a top variant.
Warning: 'rs34933783' is missing from the main dataset, and is a top variant.
Warning: 'rs72232149' is missing from the main dataset, and is a top variant.
Warning: 'rs203887' is missing from the main dataset, and is a top variant.
Warning: 'rs71298598' is missing from the main dataset, and is a top variant.
Warning: 'rs35993673' is missing from the main dataset, and is a top variant.
Warning: 'rs11393666' is missing from the main dataset, and is a top variant.
Warning: 'rs34592089' is missing from the main dataset, and is a top variant.
Warning: 'rs145498160' is missing from the main dataset, and is a top variant.
Warning: 'rs59751220' is missing from the main dataset, and is a top variant.
Warning: 'rs142069507' is missing from the main dataset, and is a top variant.
Warning: 'rs201481492' is missing from the main dataset, and is a top variant.
Warning: 'rs2247179' is missing from the main dataset, and is a top variant.
Warning: 'rs9264962' is missing from the main dataset, and is a top variant.
Warning: 'rs114056059' is missing from the main dataset, and is a top variant.
Warning: '15:85226652' is missing from the main dataset, and is a top variant.
Warning: 'rs141107931' is missing from the main dataset, and is a top variant.
Warning: 'rs145618402' is missing from the main dataset, and is a top variant.
Warning: 'rs34390897' is missing from the main dataset, and is a top variant.
Warning: '2:58149557' is missing from the main dataset, and is a top variant.
Warning: 'rs372412369' is missing from the main dataset, and is a top variant.
Warning: 'rs34484071' is missing from the main dataset, and is a top variant.
Warning: 'rs34203426' is missing from the main dataset, and is a top variant.
Warning: 'rs150802333' is missing from the main dataset, and is a top variant.
Warning: '3:180816983' is missing from the main dataset, and is a top variant.
Warning: 'rs3998861' is missing from the main dataset, and is a top variant.
Warning: 'rs34882657' is missing from the main dataset, and is a top variant.
Warning: 'rs113937442' is missing from the main dataset, and is a top variant.
Warning: 'rs139630280' is missing from the main dataset, and is a top variant.
Warning: 'rs2428492' is missing from the main dataset, and is a top variant.
Warning: 'rs200039736' is missing from the main dataset, and is a top variant.
Warning: 'rs201677370' is missing from the main dataset, and is a top variant.
Warning: 'rs139537655' is missing from the main dataset, and is a top variant.
Warning: 'rs116812786' is missing from the main dataset, and is a top variant.
Warning: 'rs35232294' is missing from the main dataset, and is a top variant.
Warning: '6:29939221' is missing from the main dataset, and is a top variant.
Warning: 'rs143120096' is missing from the main dataset, and is a top variant.
Warning: 'rs9278253' is missing from the main dataset, and is a top variant.
Warning: 'rs11306594' is missing from the main dataset, and is a top variant.
Warning: 'rs35478939' is missing from the main dataset, and is a top variant.
Warning: 'rs76764384' is missing from the main dataset, and is a top variant.
Warning: 'rs139438768' is missing from the main dataset, and is a top variant.
Warning: 'rs58242821' is missing from the main dataset, and is a top variant.
Warning: 'rs201108408' is missing from the main dataset, and is a top variant.
Warning: 'rs35795459' is missing from the main dataset, and is a top variant.
Warning: '6:30157599' is missing from the main dataset, and is a top variant.
Warning: 'rs7463315' is missing from the main dataset, and is a top variant.
Warning: 'rs35175513' is missing from the main dataset, and is a top variant.
Warning: '6:31250507' is missing from the main dataset, and is a top variant.
Warning: 'rs10694743' is missing from the main dataset, and is a top variant.
Warning: 'rs3077738' is missing from the main dataset, and is a top variant.
Warning: 'rs138569483' is missing from the main dataset, and is a top variant.
Warning: 'rs74626679' is missing from the main dataset, and is a top variant.
Warning: 'rs34375909' is missing from the main dataset, and is a top variant.
Warning: 'rs12174753' is missing from the main dataset, and is a top variant.
Warning: 'rs71453236' is missing from the main dataset, and is a top variant.
Warning: 'rs59744075' is missing from the main dataset, and is a top variant.
Warning: 'rs34077407' is missing from the main dataset, and is a top variant.
Warning: 'rs146364394' is missing from the main dataset, and is a top variant.
Warning: 'rs1353210' is missing from the main dataset, and is a top variant.
Warning: 'rs34866842' is missing from the main dataset, and is a top variant.
Warning: 'rs140492025' is missing from the main dataset, and is a top variant.
Warning: 'rs9282025' is missing from the main dataset, and is a top variant.
Warning: 'rs146130028' is missing from the main dataset, and is a top variant.
Warning: 'rs11423052' is missing from the main dataset, and is a top variant.
Warning: 'rs139206064' is missing from the main dataset, and is a top variant.
Warning: 'rs115354686' is missing from the main dataset, and is a top variant.
Warning: 'rs3055453' is missing from the main dataset, and is a top variant.
Warning: 'rs34887911' is missing from the main dataset, and is a top variant.
Warning: 'rs35733323' is missing from the main dataset, and is a top variant.
Warning: 'rs35407434' is missing from the main dataset, and is a top variant.
Warning: 'rs61128712' is missing from the main dataset, and is a top variant.
Warning: 'rs71252835' is missing from the main dataset, and is a top variant.
Warning: 'rs375345443' is missing from the main dataset, and is a top variant.
Warning: 'rs34773166' is missing from the main dataset, and is a top variant.
Warning: 'rs139221256' is missing from the main dataset, and is a top variant.
Warning: 'rs35015589' is missing from the main dataset, and is a top variant.
Warning: 'rs115242191' is missing from the main dataset, and is a top variant.
Warning: 'rs34152964' is missing from the main dataset, and is a top variant.
Warning: 'rs35504679' is missing from the main dataset, and is a top variant.
Warning: 'rs34944099' is missing from the main dataset, and is a top variant.
Warning: 'rs10883763' is missing from the main dataset, and is a top variant.
Warning: 'rs66584792' is missing from the main dataset, and is a top variant.
Warning: 'rs116212507' is missing from the main dataset, and is a top variant.
Warning: '6:29121562' is missing from the main dataset, and is a top variant.
Warning: 'rs10708380' is missing from the main dataset, and is a top variant.
Warning: 'rs67728250' is missing from the main dataset, and is a top variant.
Warning: 'rs34092621' is missing from the main dataset, and is a top variant.
Warning: 'rs201082139' is missing from the main dataset, and is a top variant.
Warning: 'rs35706476' is missing from the main dataset, and is a top variant.
Warning: 'rs59678548' is missing from the main dataset, and is a top variant.
Warning: 'rs35190901' is missing from the main dataset, and is a top variant.
Warning: 'rs76307997' is missing from the main dataset, and is a top variant.
Warning: 'rs34539613' is missing from the main dataset, and is a top variant.
Warning: 'rs139897235' is missing from the main dataset, and is a top variant.
Warning: 'rs59181828' is missing from the main dataset, and is a top variant.
Warning: 'rs201969496' is missing from the main dataset, and is a top variant.
Warning: '6:28640498' is missing from the main dataset, and is a top variant.
Warning: 'ALU_umary_ALU_5067:32485910' is missing from the main dataset, and is
a top variant.
Warning: 'rs35007230' is missing from the main dataset, and is a top variant.
Warning: 'rs146399873' is missing from the main dataset, and is a top variant.
Warning: 'rs10595283' is missing from the main dataset, and is a top variant.
Warning: 'rs76661674' is missing from the main dataset, and is a top variant.
Warning: 'rs56019088' is missing from the main dataset, and is a top variant.
Warning: 'rs10580077' is missing from the main dataset, and is a top variant.
Warning: 'rs111770007' is missing from the main dataset, and is a top variant.
Warning: 'rs10894267' is missing from the main dataset, and is a top variant.
Warning: 'rs141552776' is missing from the main dataset, and is a top variant.
Warning: 'rs4121091' is missing from the main dataset, and is a top variant.
Warning: 'rs144777765' is missing from the main dataset, and is a top variant.
Warning: 'rs79946025' is missing from the main dataset, and is a top variant.
Warning: 'rs201497608' is missing from the main dataset, and is a top variant.
Warning: 'rs1611272' is missing from the main dataset, and is a top variant.
Warning: 'rs79483453' is missing from the main dataset, and is a top variant.
Warning: 'rs75838545' is missing from the main dataset, and is a top variant.
Warning: 'rs74613522' is missing from the main dataset, and is a top variant.
Warning: 'rs143475480' is missing from the main dataset, and is a top variant.
Warning: 'rs11423505' is missing from the main dataset, and is a top variant.
Warning: 'rs150279471' is missing from the main dataset, and is a top variant.
Warning: 'rs34064516' is missing from the main dataset, and is a top variant.
Warning: 'rs72508470' is missing from the main dataset, and is a top variant.
Warning: 'rs9279897' is missing from the main dataset, and is a top variant.
Warning: 'rs11333159' is missing from the main dataset, and is a top variant.
Warning: 'rs78057728' is missing from the main dataset, and is a top variant.
Warning: 'rs3050831' is missing from the main dataset, and is a top variant.
Warning: 'rs151203241' is missing from the main dataset, and is a top variant.
Warning: 'rs147425366' is missing from the main dataset, and is a top variant.
Warning: '6:32481534' is missing from the main dataset, and is a top variant.
Warning: 'rs9272263' is missing from the main dataset, and is a top variant.
Warning: 'rs36113369' is missing from the main dataset, and is a top variant.
Warning: 'rs11373485' is missing from the main dataset, and is a top variant.
Warning: 'rs150399050' is missing from the main dataset, and is a top variant.
Warning: 'rs35191349' is missing from the main dataset, and is a top variant.
Warning: 'rs3129082' is missing from the main dataset, and is a top variant.
Warning: 'rs36073162' is missing from the main dataset, and is a top variant.
Warning: '11:46624218' is missing from the main dataset, and is a top variant.
Warning: 'rs77311675' is missing from the main dataset, and is a top variant.
Warning: 'rs148105659' is missing from the main dataset, and is a top variant.
Warning: 'rs3215741' is missing from the main dataset, and is a top variant.
Warning: 'rs61373214' is missing from the main dataset, and is a top variant.
Warning: 'rs80011541' is missing from the main dataset, and is a top variant.
Warning: '6:32443515' is missing from the main dataset, and is a top variant.
Warning: 'rs5875066' is missing from the main dataset, and is a top variant.
Warning: 'rs35291719' is missing from the main dataset, and is a top variant.
Warning: 'rs67958905' is missing from the main dataset, and is a top variant.
Warning: 'rs35909727' is missing from the main dataset, and is a top variant.
Warning: 'rs56380946' is missing from the main dataset, and is a top variant.
Warning: 'rs134892' is missing from the main dataset, and is a top variant.
Warning: 'rs143570918' is missing from the main dataset, and is a top variant.
Warning: 'rs2760982' is missing from the main dataset, and is a top variant.
Warning: 'rs113560881' is missing from the main dataset, and is a top variant.
Warning: '6:29662190' is missing from the main dataset, and is a top variant.
Warning: 'rs34310848' is missing from the main dataset, and is a top variant.
Warning: 'rs142488586' is missing from the main dataset, and is a top variant.
Warning: 'rs142233104' is missing from the main dataset, and is a top variant.
Warning: 'rs3116803' is missing from the main dataset, and is a top variant.
Warning: 'rs74592610' is missing from the main dataset, and is a top variant.
Warning: 'rs36113266' is missing from the main dataset, and is a top variant.
Warning: '6:29667503' is missing from the main dataset, and is a top variant.
Warning: 'rs145192635' is missing from the main dataset, and is a top variant.
Warning: 'rs11398958' is missing from the main dataset, and is a top variant.
Warning: 'rs35607230' is missing from the main dataset, and is a top variant.
Warning: 'rs28639584' is missing from the main dataset, and is a top variant.
Warning: 'rs72232222' is missing from the main dataset, and is a top variant.
Warning: 'rs1338655' is missing from the main dataset, and is a top variant.
Warning: 'rs147076863' is missing from the main dataset, and is a top variant.
Warning: 'rs6930589' is missing from the main dataset, and is a top variant.
Warning: 'rs36122059' is missing from the main dataset, and is a top variant.
Warning: '6:32630843' is missing from the main dataset, and is a top variant.
Warning: 'rs144840092' is missing from the main dataset, and is a top variant.
Warning: 'rs56807175' is missing from the main dataset, and is a top variant.
Warning: 'rs145806375' is missing from the main dataset, and is a top variant.
Warning: 'rs147680581' is missing from the main dataset, and is a top variant.
Warning: 'rs9281959' is missing from the main dataset, and is a top variant.
Warning: '6:32565068' is missing from the main dataset, and is a top variant.
Warning: 'rs139951538' is missing from the main dataset, and is a top variant.
Warning: 'rs9280550' is missing from the main dataset, and is a top variant.
Warning: 'rs200583970' is missing from the main dataset, and is a top variant.
Warning: 'rs148320812' is missing from the main dataset, and is a top variant.
Warning: 'rs9259054' is missing from the main dataset, and is a top variant.
Warning: 'rs141811478' is missing from the main dataset, and is a top variant.
Warning: 'rs5816505' is missing from the main dataset, and is a top variant.
Warning: 'rs200266974' is missing from the main dataset, and is a top variant.
Warning: 'rs3838801' is missing from the main dataset, and is a top variant.
Warning: '6:30705031' is missing from the main dataset, and is a top variant.
Warning: 'rs9266057' is missing from the main dataset, and is a top variant.
Warning: 'rs35393166' is missing from the main dataset, and is a top variant.
Warning: 'rs35664602' is missing from the main dataset, and is a top variant.
Warning: 'rs34896933' is missing from the main dataset, and is a top variant.
Warning: 'rs35610500' is missing from the main dataset, and is a top variant.
Warning: 'rs3832249' is missing from the main dataset, and is a top variant.
Warning: 'rs139504533' is missing from the main dataset, and is a top variant.
Warning: 'rs138095735' is missing from the main dataset, and is a top variant.
Warning: '6:32196697' is missing from the main dataset, and is a top variant.
Warning: 'rs35333608' is missing from the main dataset, and is a top variant.
Warning: 'rs145485461' is missing from the main dataset, and is a top variant.
Warning: 'rs140073511' is missing from the main dataset, and is a top variant.
Warning: 'rs67992834' is missing from the main dataset, and is a top variant.
Warning: 'rs36009105' is missing from the main dataset, and is a top variant.
Warning: 'rs3131893' is missing from the main dataset, and is a top variant.
Warning: 'rs148925598' is missing from the main dataset, and is a top variant.
Warning: 'rs113551626' is missing from the main dataset, and is a top variant.
Warning: 'rs150667932' is missing from the main dataset, and is a top variant.
Warning: 'rs9266262' is missing from the main dataset, and is a top variant.
Warning: 'rs373234813' is missing from the main dataset, and is a top variant.
Warning: '6:29913639' is missing from the main dataset, and is a top variant.
Warning: 'rs3052105' is missing from the main dataset, and is a top variant.
Warning: 'rs9279765' is missing from the main dataset, and is a top variant.
Warning: '6:33066323' is missing from the main dataset, and is a top variant.
Warning: 'rs34029266' is missing from the main dataset, and is a top variant.
Warning: '2:233551085' is missing from the main dataset, and is a top variant.
Warning: 'rs11310019' is missing from the main dataset, and is a top variant.
Warning: 'rs144456885' is missing from the main dataset, and is a top variant.
Warning: 'rs374915880' is missing from the main dataset, and is a top variant.
Warning: 'rs199721788' is missing from the main dataset, and is a top variant.
Warning: 'rs75078446' is missing from the main dataset, and is a top variant.
Warning: 'rs11315910' is missing from the main dataset, and is a top variant.
Warning: 'rs35106965' is missing from the main dataset, and is a top variant.
Warning: 'rs141314037' is missing from the main dataset, and is a top variant.
Warning: 'rs75558045' is missing from the main dataset, and is a top variant.
Warning: 'rs201439887' is missing from the main dataset, and is a top variant.
Warning: 'rs58076005' is missing from the main dataset, and is a top variant.
Warning: 'rs3050759' is missing from the main dataset, and is a top variant.
Warning: 'rs66801162' is missing from the main dataset, and is a top variant.
Warning: 'rs115900205' is missing from the main dataset, and is a top variant.
Warning: 'rs34892736' is missing from the main dataset, and is a top variant.
Warning: 'rs4099847' is missing from the main dataset, and is a top variant.
Warning: '6:32609097' is missing from the main dataset, and is a top variant.
Warning: '6:32478524' is missing from the main dataset, and is a top variant.
Warning: 'rs71406730' is missing from the main dataset, and is a top variant.
Warning: 'rs58365097' is missing from the main dataset, and is a top variant.
Warning: 'rs9263945' is missing from the main dataset, and is a top variant.
Warning: '6:29665851' is missing from the main dataset, and is a top variant.
Warning: 'rs34519174' is missing from the main dataset, and is a top variant.
Warning: 'rs368558695' is missing from the main dataset, and is a top variant.
Warning: 'rs111299573' is missing from the main dataset, and is a top variant.
Warning: 'rs200663261' is missing from the main dataset, and is a top variant.
Warning: 'rs36029464' is missing from the main dataset, and is a top variant.
Warning: 'rs34529177' is missing from the main dataset, and is a top variant.
Warning: 'rs9281299' is missing from the main dataset, and is a top variant.
Warning: 'rs134865' is missing from the main dataset, and is a top variant.
Warning: 'rs34027746' is missing from the main dataset, and is a top variant.
Warning: 'rs57489559' is missing from the main dataset, and is a top variant.
Warning: '6:29665852' is missing from the main dataset, and is a top variant.
Warning: 'rs36085291' is missing from the main dataset, and is a top variant.
Warning: 'rs35608644' is missing from the main dataset, and is a top variant.
Warning: 'rs77589374' is missing from the main dataset, and is a top variant.
Warning: 'rs114684093' is missing from the main dataset, and is a top variant.
Warning: 'rs1632877' is missing from the main dataset, and is a top variant.
Warning: 'rs60005721' is missing from the main dataset, and is a top variant.
Warning: 'rs1896854' is missing from the main dataset, and is a top variant.
Warning: 'rs34383235' is missing from the main dataset, and is a top variant.
Warning: 'rs145859535' is missing from the main dataset, and is a top variant.
Warning: 'rs35545192' is missing from the main dataset, and is a top variant.
Warning: 'rs11412280' is missing from the main dataset, and is a top variant.
Warning: 'rs78292485' is missing from the main dataset, and is a top variant.
Warning: 'rs200846081' is missing from the main dataset, and is a top variant.
Warning: 'rs200647567' is missing from the main dataset, and is a top variant.
Warning: '5:152610286' is missing from the main dataset, and is a top variant.
Warning: 'rs9275658' is missing from the main dataset, and is a top variant.
Warning: 'rs374495680' is missing from the main dataset, and is a top variant.
Warning: 'rs10711250' is missing from the main dataset, and is a top variant.
Warning: 'rs33931933' is missing from the main dataset, and is a top variant.
Warning: 'rs34034915' is missing from the main dataset, and is a top variant.
Warning: 'rs3034742' is missing from the main dataset, and is a top variant.
Warning: '6:31358388' is missing from the main dataset, and is a top variant.
Warning: 'rs34632468' is missing from the main dataset, and is a top variant.
Warning: 'rs3130723' is missing from the main dataset, and is a top variant.
Warning: 'rs16373' is missing from the main dataset, and is a top variant.
Warning: 'rs141255768' is missing from the main dataset, and is a top variant.
Warning: 'rs1050180' is missing from the main dataset, and is a top variant.
Warning: 'rs370280874' is missing from the main dataset, and is a top variant.
Warning: 'rs70977236' is missing from the main dataset, and is a top variant.
Warning: 'rs35073362' is missing from the main dataset, and is a top variant.
Warning: 'rs145818850' is missing from the main dataset, and is a top variant.
Warning: 'rs112583237' is missing from the main dataset, and is a top variant.
Warning: '6:29266673' is missing from the main dataset, and is a top variant.
Warning: 'rs9280654' is missing from the main dataset, and is a top variant.
Warning: 'rs11310073' is missing from the main dataset, and is a top variant.
Warning: 'rs200277771' is missing from the main dataset, and is a top variant.
Warning: 'rs1790089' is missing from the main dataset, and is a top variant.
Warning: 'rs375256423' is missing from the main dataset, and is a top variant.
Warning: 'rs2246068' is missing from the main dataset, and is a top variant.
Warning: 'rs56258635' is missing from the main dataset, and is a top variant.
Warning: 'rs148401298' is missing from the main dataset, and is a top variant.
Warning: 'rs200327371' is missing from the main dataset, and is a top variant.
Warning: 'rs142913791' is missing from the main dataset, and is a top variant.
Warning: 'rs143155650' is missing from the main dataset, and is a top variant.
Warning: 'rs34133482' is missing from the main dataset, and is a top variant.
Warning: 'rs139434539' is missing from the main dataset, and is a top variant.
Warning: 'rs147962806' is missing from the main dataset, and is a top variant.
Warning: 'rs35890652' is missing from the main dataset, and is a top variant.
Warning: 'rs145294790' is missing from the main dataset, and is a top variant.
Warning: 'rs71668729' is missing from the main dataset, and is a top variant.
Warning: 'rs10103330' is missing from the main dataset, and is a top variant.
Warning: 'rs139425113' is missing from the main dataset, and is a top variant.
Warning: 'rs34047404' is missing from the main dataset, and is a top variant.
Warning: 'rs2307830' is missing from the main dataset, and is a top variant.
Warning: 'rs145172584' is missing from the main dataset, and is a top variant.
Warning: 'rs1790086' is missing from the main dataset, and is a top variant.
Warning: 'rs1611161' is missing from the main dataset, and is a top variant.
Warning: 'rs2747449' is missing from the main dataset, and is a top variant.
Warning: 'rs377076578' is missing from the main dataset, and is a top variant.
Warning: 'rs58922053' is missing from the main dataset, and is a top variant.
Warning: 'rs34504888' is missing from the main dataset, and is a top variant.
Warning: 'rs139146144' is missing from the main dataset, and is a top variant.
Warning: '6:31177814' is missing from the main dataset, and is a top variant.
Warning: 'rs140501340' is missing from the main dataset, and is a top variant.
Warning: 'rs202065361' is missing from the main dataset, and is a top variant.
Warning: 'rs35175482' is missing from the main dataset, and is a top variant.
Warning: 'rs5782266' is missing from the main dataset, and is a top variant.
Warning: 'rs116229760' is missing from the main dataset, and is a top variant.
Warning: '6:32546591' is missing from the main dataset, and is a top variant.
Warning: 'rs67156203' is missing from the main dataset, and is a top variant.
Warning: 'rs199788084' is missing from the main dataset, and is a top variant.
Warning: 'rs147010373' is missing from the main dataset, and is a top variant.
Warning: 'rs61291572' is missing from the main dataset, and is a top variant.
Warning: 'rs11330240' is missing from the main dataset, and is a top variant.
Warning: 'rs114604770' is missing from the main dataset, and is a top variant.
Warning: 'rs140616768' is missing from the main dataset, and is a top variant.
Warning: 'rs71586987' is missing from the main dataset, and is a top variant.
Warning: '6:31182922' is missing from the main dataset, and is a top variant.
Warning: 'rs56950593' is missing from the main dataset, and is a top variant.
Warning: 'rs78968418' is missing from the main dataset, and is a top variant.
Warning: 'rs138429979' is missing from the main dataset, and is a top variant.
Warning: 'rs56087261' is missing from the main dataset, and is a top variant.
Warning: 'rs2524158' is missing from the main dataset, and is a top variant.
Warning: 'rs35841331' is missing from the main dataset, and is a top variant.
Warning: 'rs3832992' is missing from the main dataset, and is a top variant.
Warning: 'rs3215742' is missing from the main dataset, and is a top variant.
Warning: 'rs77998243' is missing from the main dataset, and is a top variant.
Warning: 'rs371479815' is missing from the main dataset, and is a top variant.
Warning: 'rs10713007' is missing from the main dataset, and is a top variant.
Warning: 'rs709055' is missing from the main dataset, and is a top variant.
Warning: 'rs141371860' is missing from the main dataset, and is a top variant.
Warning: 'rs144550248' is missing from the main dataset, and is a top variant.
Warning: 'rs77791607' is missing from the main dataset, and is a top variant.
Warning: 'rs149578619' is missing from the main dataset, and is a top variant.
Warning: 'rs145554793' is missing from the main dataset, and is a top variant.
Warning: 'rs146729428' is missing from the main dataset, and is a top variant.
Warning: 'rs9266214' is missing from the main dataset, and is a top variant.
Warning: '6:31175667' is missing from the main dataset, and is a top variant.
Warning: 'rs34447759' is missing from the main dataset, and is a top variant.
Warning: 'rs10710291' is missing from the main dataset, and is a top variant.
Warning: 'rs34133814' is missing from the main dataset, and is a top variant.
Warning: 'rs148380806' is missing from the main dataset, and is a top variant.
Warning: 'rs2451729' is missing from the main dataset, and is a top variant.
Warning: 'rs71405306' is missing from the main dataset, and is a top variant.
Warning: 'rs145212788' is missing from the main dataset, and is a top variant.
Warning: 'rs3136476' is missing from the main dataset, and is a top variant.
Warning: 'rs189415357' is missing from the main dataset, and is a top variant.
Warning: 'rs34349730' is missing from the main dataset, and is a top variant.
Warning: 'rs6922447' is missing from the main dataset, and is a top variant.
Warning: 'rs138061496' is missing from the main dataset, and is a top variant.
Warning: 'rs35829011' is missing from the main dataset, and is a top variant.
Warning: 'rs67778183' is missing from the main dataset, and is a top variant.
Warning: 'rs56043020' is missing from the main dataset, and is a top variant.
Warning: 'rs144239365' is missing from the main dataset, and is a top variant.
Warning: 'rs79537776' is missing from the main dataset, and is a top variant.
Warning: 'rs34156061' is missing from the main dataset, and is a top variant.
Warning: 'rs148744989' is missing from the main dataset, and is a top variant.
Warning: 'rs5775172' is missing from the main dataset, and is a top variant.
Warning: 'rs78788984' is missing from the main dataset, and is a top variant.
Warning: 'rs8062085' is missing from the main dataset, and is a top variant.
Warning: 'rs148332930' is missing from the main dataset, and is a top variant.
Warning: 'rs138540710' is missing from the main dataset, and is a top variant.
Warning: 'rs200697998' is missing from the main dataset, and is a top variant.
Warning: 'rs375165446' is missing from the main dataset, and is a top variant.
Warning: 'rs67938119' is missing from the main dataset, and is a top variant.
Warning: '6:29654333' is missing from the main dataset, and is a top variant.
Warning: 'rs6931046' is missing from the main dataset, and is a top variant.
Warning: 'rs35132383' is missing from the main dataset, and is a top variant.
Warning: 'rs58578058' is missing from the main dataset, and is a top variant.
Warning: 'rs80069695' is missing from the main dataset, and is a top variant.
Warning: '6:30225029' is missing from the main dataset, and is a top variant.
Warning: 'rs34005534' is missing from the main dataset, and is a top variant.
Warning: 'rs35640835' is missing from the main dataset, and is a top variant.
Warning: 'rs71546602' is missing from the main dataset, and is a top variant.
Warning: 'rs35029801' is missing from the main dataset, and is a top variant.
Warning: 'rs11284369' is missing from the main dataset, and is a top variant.
Warning: 'rs199505184' is missing from the main dataset, and is a top variant.
Warning: 'rs138050288' is missing from the main dataset, and is a top variant.
Warning: 'rs143277243' is missing from the main dataset, and is a top variant.
Warning: 'rs34339938' is missing from the main dataset, and is a top variant.
--clump: 196 clumps formed from 11524 top variants.
Results written to
genie_clump/all2/all2ld_from_1kg.eur.biallele.snps.maf0.01/SCZ_PGC2.gwas.sumstats.clumped
.

End time: Thu Sep  6 05:40:48 2018
