PLINK v1.90b3.35 64-bit (25 Mar 2016)
Options in effect:
  --bfile 1kg.eur.biallele.snps.maf0.01
  --clump /sc/orga/projects/va-biobank/Veera/downloads/CMC/modules/wen_gwas_files/SPINE_BMD.gwas.sumstats
  --clump-kb 250
  --clump-p1 0.00000005
  --clump-p2 0.00000005
  --clump-r2 0.1
  --out genie_clump/all2/all2ld_from_1kg.eur.biallele.snps.maf0.01/SPINE_BMD.gwas.sumstats

Hostname: node21-6
Working directory: /sc/orga/projects/va-biobank/Veera/genie/modules/predixcan/novel/temp
Start time: Thu Sep  6 05:44:27 2018

Random number seed: 1536227067
64398 MB RAM detected; reserving 32199 MB for main workspace.
8783349 variants loaded from .bim file.
503 people (0 males, 0 females, 503 ambiguous) loaded from .fam.
Ambiguous sex IDs written to
genie_clump/all2/all2ld_from_1kg.eur.biallele.snps.maf0.01/SPINE_BMD.gwas.sumstats.nosex
.
Using 1 thread (no multithreaded calculations invoked).
Before main variant filters, 503 founders and 0 nonfounders present.
Calculating allele frequencies... done.
8783349 variants and 503 people pass filters and QC.
Note: No phenotypes present.
Warning: 'rs78317345' is missing from the main dataset, and is a top variant.
Warning: 'rs13260214' is missing from the main dataset, and is a top variant.
Warning: 'rs4355801' is missing from the main dataset, and is a top variant.
Warning: 'rs1618737' is missing from the main dataset, and is a top variant.
Warning: 'rs10747689' is missing from the main dataset, and is a top variant.
Warning: 'rs17408318' is missing from the main dataset, and is a top variant.
Warning: 'rs401349' is missing from the main dataset, and is a top variant.
Warning: '14:91396339' is missing from the main dataset, and is a top variant.
Warning: 'rs141595065' is missing from the main dataset, and is a top variant.
Warning: 'rs146792181' is missing from the main dataset, and is a top variant.
--clump: 32 clumps formed from 1148 top variants.
Results written to
genie_clump/all2/all2ld_from_1kg.eur.biallele.snps.maf0.01/SPINE_BMD.gwas.sumstats.clumped
.

End time: Thu Sep  6 05:44:56 2018
