Building DAG of jobs...
File path /sc/orga/projects/va-biobank/Veera/genie//resources/predixcan/gencode.v27.build37.txt contains double '/'. This is likely unintended. It can also lead to inconsistent results of the file-matching approach used by Snakemake.
File path /sc/orga/projects/va-biobank/Veera/genie//resources/predixcan/gencode.v27.build37.txt contains double '/'. This is likely unintended. It can also lead to inconsistent results of the file-matching approach used by Snakemake.
File path /sc/orga/projects/va-biobank/Veera/genie//resources/predixcan/gencode.v27.build37.txt contains double '/'. This is likely unintended. It can also lead to inconsistent results of the file-matching approach used by Snakemake.
File path /sc/orga/projects/va-biobank/Veera/genie//resources/predixcan/gencode.v27.build37.txt contains double '/'. This is likely unintended. It can also lead to inconsistent results of the file-matching approach used by Snakemake.
File path /sc/orga/projects/va-biobank/Veera/genie//resources/predixcan/gencode.v27.build37.txt contains double '/'. This is likely unintended. It can also lead to inconsistent results of the file-matching approach used by Snakemake.
File path /sc/orga/projects/va-biobank/Veera/genie//resources/predixcan/gencode.v27.build37.txt contains double '/'. This is likely unintended. It can also lead to inconsistent results of the file-matching approach used by Snakemake.
File path /sc/orga/projects/va-biobank/Veera/genie//resources/predixcan/gencode.v27.build37.txt contains double '/'. This is likely unintended. It can also lead to inconsistent results of the file-matching approach used by Snakemake.
File path /sc/orga/projects/va-biobank/Veera/genie//resources/predixcan/gencode.v27.build37.txt contains double '/'. This is likely unintended. It can also lead to inconsistent results of the file-matching approach used by Snakemake.
File path /sc/orga/projects/va-biobank/Veera/genie//resources/predixcan/gencode.v27.build37.txt contains double '/'. This is likely unintended. It can also lead to inconsistent results of the file-matching approach used by Snakemake.
File path /sc/orga/projects/va-biobank/Veera/genie//resources/predixcan/gencode.v27.build37.txt contains double '/'. This is likely unintended. It can also lead to inconsistent results of the file-matching approach used by Snakemake.
File path /sc/orga/projects/va-biobank/Veera/genie//resources/predixcan/gencode.v27.build37.txt contains double '/'. This is likely unintended. It can also lead to inconsistent results of the file-matching approach used by Snakemake.
File path /sc/orga/projects/va-biobank/Veera/genie//resources/predixcan/gencode.v27.build37.txt contains double '/'. This is likely unintended. It can also lead to inconsistent results of the file-matching approach used by Snakemake.
File path /sc/orga/projects/va-biobank/Veera/genie//resources/predixcan/gencode.v27.build37.txt contains double '/'. This is likely unintended. It can also lead to inconsistent results of the file-matching approach used by Snakemake.
File path /sc/orga/projects/va-biobank/Veera/genie//resources/predixcan/gencode.v27.build37.txt contains double '/'. This is likely unintended. It can also lead to inconsistent results of the file-matching approach used by Snakemake.
File path /sc/orga/projects/va-biobank/Veera/genie//resources/predixcan/gencode.v27.build37.txt contains double '/'. This is likely unintended. It can also lead to inconsistent results of the file-matching approach used by Snakemake.
File path /sc/orga/projects/va-biobank/Veera/genie//resources/predixcan/gencode.v27.build37.txt contains double '/'. This is likely unintended. It can also lead to inconsistent results of the file-matching approach used by Snakemake.
File path /sc/orga/projects/va-biobank/Veera/genie//resources/predixcan/gencode.v27.build37.txt contains double '/'. This is likely unintended. It can also lead to inconsistent results of the file-matching approach used by Snakemake.
File path /sc/orga/projects/va-biobank/Veera/genie//resources/predixcan/gencode.v27.build37.txt contains double '/'. This is likely unintended. It can also lead to inconsistent results of the file-matching approach used by Snakemake.
File path /sc/orga/projects/va-biobank/Veera/genie//resources/predixcan/gencode.v27.build37.txt contains double '/'. This is likely unintended. It can also lead to inconsistent results of the file-matching approach used by Snakemake.
File path /sc/orga/projects/va-biobank/Veera/genie//resources/predixcan/gencode.v27.build37.txt contains double '/'. This is likely unintended. It can also lead to inconsistent results of the file-matching approach used by Snakemake.
File path /sc/orga/projects/va-biobank/Veera/genie//resources/predixcan/gencode.v27.build37.txt contains double '/'. This is likely unintended. It can also lead to inconsistent results of the file-matching approach used by Snakemake.
File path /sc/orga/projects/va-biobank/Veera/genie//resources/predixcan/gencode.v27.build37.txt contains double '/'. This is likely unintended. It can also lead to inconsistent results of the file-matching approach used by Snakemake.
File path /sc/orga/projects/va-biobank/Veera/genie//resources/predixcan/gencode.v27.build37.txt contains double '/'. This is likely unintended. It can also lead to inconsistent results of the file-matching approach used by Snakemake.
File path /sc/orga/projects/va-biobank/Veera/genie//resources/predixcan/gencode.v27.build37.txt contains double '/'. This is likely unintended. It can also lead to inconsistent results of the file-matching approach used by Snakemake.
File path /sc/orga/projects/va-biobank/Veera/genie//resources/predixcan/gencode.v27.build37.txt contains double '/'. This is likely unintended. It can also lead to inconsistent results of the file-matching approach used by Snakemake.
File path /sc/orga/projects/va-biobank/Veera/genie//resources/predixcan/gencode.v27.build37.txt contains double '/'. This is likely unintended. It can also lead to inconsistent results of the file-matching approach used by Snakemake.
File path /sc/orga/projects/va-biobank/Veera/genie//resources/predixcan/gencode.v27.build37.txt contains double '/'. This is likely unintended. It can also lead to inconsistent results of the file-matching approach used by Snakemake.
File path /sc/orga/projects/va-biobank/Veera/genie//resources/predixcan/gencode.v27.build37.txt contains double '/'. This is likely unintended. It can also lead to inconsistent results of the file-matching approach used by Snakemake.
File path /sc/orga/projects/va-biobank/Veera/genie//resources/predixcan/gencode.v27.build37.txt contains double '/'. This is likely unintended. It can also lead to inconsistent results of the file-matching approach used by Snakemake.
File path /sc/orga/projects/va-biobank/Veera/genie//resources/predixcan/gencode.v27.build37.txt contains double '/'. This is likely unintended. It can also lead to inconsistent results of the file-matching approach used by Snakemake.
File path /sc/orga/projects/va-biobank/Veera/genie//resources/predixcan/gencode.v27.build37.txt contains double '/'. This is likely unintended. It can also lead to inconsistent results of the file-matching approach used by Snakemake.
File path /sc/orga/projects/va-biobank/Veera/genie//resources/predixcan/gencode.v27.build37.txt contains double '/'. This is likely unintended. It can also lead to inconsistent results of the file-matching approach used by Snakemake.
File path /sc/orga/projects/va-biobank/Veera/genie//resources/predixcan/gencode.v27.build37.txt contains double '/'. This is likely unintended. It can also lead to inconsistent results of the file-matching approach used by Snakemake.
File path /sc/orga/projects/va-biobank/Veera/genie//resources/predixcan/gencode.v27.build37.txt contains double '/'. This is likely unintended. It can also lead to inconsistent results of the file-matching approach used by Snakemake.
File path /sc/orga/projects/va-biobank/Veera/genie//resources/predixcan/gencode.v27.build37.txt contains double '/'. This is likely unintended. It can also lead to inconsistent results of the file-matching approach used by Snakemake.
File path /sc/orga/projects/va-biobank/Veera/genie//resources/predixcan/gencode.v27.build37.txt contains double '/'. This is likely unintended. It can also lead to inconsistent results of the file-matching approach used by Snakemake.
File path /sc/orga/projects/va-biobank/Veera/genie//resources/predixcan/gencode.v27.build37.txt contains double '/'. This is likely unintended. It can also lead to inconsistent results of the file-matching approach used by Snakemake.
File path /sc/orga/projects/va-biobank/Veera/genie//resources/predixcan/gencode.v27.build37.txt contains double '/'. This is likely unintended. It can also lead to inconsistent results of the file-matching approach used by Snakemake.
File path /sc/orga/projects/va-biobank/Veera/genie//resources/predixcan/gencode.v27.build37.txt contains double '/'. This is likely unintended. It can also lead to inconsistent results of the file-matching approach used by Snakemake.
File path /sc/orga/projects/va-biobank/Veera/genie//resources/predixcan/gencode.v27.build37.txt contains double '/'. This is likely unintended. It can also lead to inconsistent results of the file-matching approach used by Snakemake.
File path /sc/orga/projects/va-biobank/Veera/genie//resources/predixcan/gencode.v27.build37.txt contains double '/'. This is likely unintended. It can also lead to inconsistent results of the file-matching approach used by Snakemake.
Using shell: /bin/bash
Provided cores: 1
Rules claiming more threads will be scaled down.
Job counts:
	count	jobs
	1	novel_all
	1	novel_two
	2

rule novel_two:
    input: genie_novel/test2/test2_intermediatefiles/AD.out, genie_novel/test2/test2_intermediatefiles/ANX_CC.out, genie_novel/test2/test2_intermediatefiles/ANX_FS.out, genie_novel/test2/test2_intermediatefiles/ASD.out, genie_novel/test2/test2_intermediatefiles/BMI.out, genie_novel/test2/test2_intermediatefiles/CAD_ADD.out, genie_novel/test2/test2_intermediatefiles/CKD_smr.out, genie_novel/test2/test2_intermediatefiles/EGG_BL.out, genie_novel/test2/test2_intermediatefiles/EGG_BMI.out, genie_novel/test2/test2_intermediatefiles/EGG_OBESITY.out, genie_novel/test2/test2_intermediatefiles/EduYears.out, genie_novel/test2/test2_intermediatefiles/FastingGlucose.out, genie_novel/test2/test2_intermediatefiles/GIANT_HIPadjBMI.out, genie_novel/test2/test2_intermediatefiles/GIANT_WC.out, genie_novel/test2/test2_intermediatefiles/GIANT_WCadjBMI.out, genie_novel/test2/test2_intermediatefiles/GIANT_WHR.out, genie_novel/test2/test2_intermediatefiles/GIANT_WHRadjBMI.out, genie_novel/test2/test2_intermediatefiles/Glucose_BMI.out, genie_novel/test2/test2_intermediatefiles/HBA1C.out, genie_novel/test2/test2_intermediatefiles/HEIGHT.out, genie_novel/test2/test2_intermediatefiles/HOMAB.out, genie_novel/test2/test2_intermediatefiles/LIPIDS_HDL.out, genie_novel/test2/test2_intermediatefiles/LIPIDS_LDL.out, genie_novel/test2/test2_intermediatefiles/LIPIDS_TC.out, genie_novel/test2/test2_intermediatefiles/LIPIDS_TG.out, genie_novel/test2/test2_intermediatefiles/MA.out, genie_novel/test2/test2_intermediatefiles/MENARCHE.out, genie_novel/test2/test2_intermediatefiles/MENOPAUSE.out, genie_novel/test2/test2_intermediatefiles/MI_ADD.out, genie_novel/test2/test2_intermediatefiles/Man_FastingGlucose.out, genie_novel/test2/test2_intermediatefiles/Man_FastingInsulin.out, genie_novel/test2/test2_intermediatefiles/PGC2_SCZ.out, genie_novel/test2/test2_intermediatefiles/RA.out, genie_novel/test2/test2_intermediatefiles/T2D.out, genie_novel/test2/test2_intermediatefiles/UACR.out, genie_novel/test2/test2_intermediatefiles/WellBeing_DS.out, genie_novel/test2/test2_intermediatefiles/WellBeing_Neuroticism.out, genie_novel/test2/test2_intermediatefiles/WellBeing_SWB.out, genie_novel/test2/test2_intermediatefiles/eGFRcrea.out, genie_novel/test2/test2_intermediatefiles/iPSYCH_ADHD_EUR.out, genie_novel/test2/test2_intermediatefiles/iPSYCH_ASD.out
    output: genie_novel/test2/test2_finalfiles/merged.out
    jobid: 32

Finished job 32.
1 of 2 steps (50%) done

localrule novel_all:
    input: genie_novel/test2/test2_intermediatefiles/AD.out, genie_novel/test2/test2_intermediatefiles/ANX_CC.out, genie_novel/test2/test2_intermediatefiles/ANX_FS.out, genie_novel/test2/test2_intermediatefiles/ASD.out, genie_novel/test2/test2_intermediatefiles/BMI.out, genie_novel/test2/test2_intermediatefiles/CAD_ADD.out, genie_novel/test2/test2_intermediatefiles/CKD_smr.out, genie_novel/test2/test2_intermediatefiles/EGG_BL.out, genie_novel/test2/test2_intermediatefiles/EGG_BMI.out, genie_novel/test2/test2_intermediatefiles/EGG_OBESITY.out, genie_novel/test2/test2_intermediatefiles/EduYears.out, genie_novel/test2/test2_intermediatefiles/FastingGlucose.out, genie_novel/test2/test2_intermediatefiles/GIANT_HIPadjBMI.out, genie_novel/test2/test2_intermediatefiles/GIANT_WC.out, genie_novel/test2/test2_intermediatefiles/GIANT_WCadjBMI.out, genie_novel/test2/test2_intermediatefiles/GIANT_WHR.out, genie_novel/test2/test2_intermediatefiles/GIANT_WHRadjBMI.out, genie_novel/test2/test2_intermediatefiles/Glucose_BMI.out, genie_novel/test2/test2_intermediatefiles/HBA1C.out, genie_novel/test2/test2_intermediatefiles/HEIGHT.out, genie_novel/test2/test2_intermediatefiles/HOMAB.out, genie_novel/test2/test2_intermediatefiles/LIPIDS_HDL.out, genie_novel/test2/test2_intermediatefiles/LIPIDS_LDL.out, genie_novel/test2/test2_intermediatefiles/LIPIDS_TC.out, genie_novel/test2/test2_intermediatefiles/LIPIDS_TG.out, genie_novel/test2/test2_intermediatefiles/MA.out, genie_novel/test2/test2_intermediatefiles/MENARCHE.out, genie_novel/test2/test2_intermediatefiles/MENOPAUSE.out, genie_novel/test2/test2_intermediatefiles/MI_ADD.out, genie_novel/test2/test2_intermediatefiles/Man_FastingGlucose.out, genie_novel/test2/test2_intermediatefiles/Man_FastingInsulin.out, genie_novel/test2/test2_intermediatefiles/PGC2_SCZ.out, genie_novel/test2/test2_intermediatefiles/RA.out, genie_novel/test2/test2_intermediatefiles/T2D.out, genie_novel/test2/test2_intermediatefiles/UACR.out, genie_novel/test2/test2_intermediatefiles/WellBeing_DS.out, genie_novel/test2/test2_intermediatefiles/WellBeing_Neuroticism.out, genie_novel/test2/test2_intermediatefiles/WellBeing_SWB.out, genie_novel/test2/test2_intermediatefiles/eGFRcrea.out, genie_novel/test2/test2_intermediatefiles/iPSYCH_ADHD_EUR.out, genie_novel/test2/test2_intermediatefiles/iPSYCH_ASD.out, genie_novel/test2/test2_finalfiles/merged.out
    jobid: 0

Finished job 0.
2 of 2 steps (100%) done
Complete log: /sc/orga/projects/va-biobank/Veera/genie/modules/predixcan/novel/temp/.snakemake/log/2018-09-06T082901.919674.snakemake.log
