Building DAG of jobs...
File path /sc/orga/projects/va-biobank/Veera/genie//resources/predixcan/gencode.v27.build37.txt contains double '/'. This is likely unintended. It can also lead to inconsistent results of the file-matching approach used by Snakemake.
File path /sc/orga/projects/va-biobank/Veera/genie//resources/predixcan/gencode.v27.build37.txt contains double '/'. This is likely unintended. It can also lead to inconsistent results of the file-matching approach used by Snakemake.
File path /sc/orga/projects/va-biobank/Veera/genie//resources/predixcan/gencode.v27.build37.txt contains double '/'. This is likely unintended. It can also lead to inconsistent results of the file-matching approach used by Snakemake.
File path /sc/orga/projects/va-biobank/Veera/genie//resources/predixcan/gencode.v27.build37.txt contains double '/'. This is likely unintended. It can also lead to inconsistent results of the file-matching approach used by Snakemake.
File path /sc/orga/projects/va-biobank/Veera/genie//resources/predixcan/gencode.v27.build37.txt contains double '/'. This is likely unintended. It can also lead to inconsistent results of the file-matching approach used by Snakemake.
File path /sc/orga/projects/va-biobank/Veera/genie//resources/predixcan/gencode.v27.build37.txt contains double '/'. This is likely unintended. It can also lead to inconsistent results of the file-matching approach used by Snakemake.
File path /sc/orga/projects/va-biobank/Veera/genie//resources/predixcan/gencode.v27.build37.txt contains double '/'. This is likely unintended. It can also lead to inconsistent results of the file-matching approach used by Snakemake.
File path /sc/orga/projects/va-biobank/Veera/genie//resources/predixcan/gencode.v27.build37.txt contains double '/'. This is likely unintended. It can also lead to inconsistent results of the file-matching approach used by Snakemake.
File path /sc/orga/projects/va-biobank/Veera/genie//resources/predixcan/gencode.v27.build37.txt contains double '/'. This is likely unintended. It can also lead to inconsistent results of the file-matching approach used by Snakemake.
File path /sc/orga/projects/va-biobank/Veera/genie//resources/predixcan/gencode.v27.build37.txt contains double '/'. This is likely unintended. It can also lead to inconsistent results of the file-matching approach used by Snakemake.
File path /sc/orga/projects/va-biobank/Veera/genie//resources/predixcan/gencode.v27.build37.txt contains double '/'. This is likely unintended. It can also lead to inconsistent results of the file-matching approach used by Snakemake.
File path /sc/orga/projects/va-biobank/Veera/genie//resources/predixcan/gencode.v27.build37.txt contains double '/'. This is likely unintended. It can also lead to inconsistent results of the file-matching approach used by Snakemake.
File path /sc/orga/projects/va-biobank/Veera/genie//resources/predixcan/gencode.v27.build37.txt contains double '/'. This is likely unintended. It can also lead to inconsistent results of the file-matching approach used by Snakemake.
File path /sc/orga/projects/va-biobank/Veera/genie//resources/predixcan/gencode.v27.build37.txt contains double '/'. This is likely unintended. It can also lead to inconsistent results of the file-matching approach used by Snakemake.
File path /sc/orga/projects/va-biobank/Veera/genie//resources/predixcan/gencode.v27.build37.txt contains double '/'. This is likely unintended. It can also lead to inconsistent results of the file-matching approach used by Snakemake.
File path /sc/orga/projects/va-biobank/Veera/genie//resources/predixcan/gencode.v27.build37.txt contains double '/'. This is likely unintended. It can also lead to inconsistent results of the file-matching approach used by Snakemake.
File path /sc/orga/projects/va-biobank/Veera/genie//resources/predixcan/gencode.v27.build37.txt contains double '/'. This is likely unintended. It can also lead to inconsistent results of the file-matching approach used by Snakemake.
File path /sc/orga/projects/va-biobank/Veera/genie//resources/predixcan/gencode.v27.build37.txt contains double '/'. This is likely unintended. It can also lead to inconsistent results of the file-matching approach used by Snakemake.
File path /sc/orga/projects/va-biobank/Veera/genie//resources/predixcan/gencode.v27.build37.txt contains double '/'. This is likely unintended. It can also lead to inconsistent results of the file-matching approach used by Snakemake.
File path /sc/orga/projects/va-biobank/Veera/genie//resources/predixcan/gencode.v27.build37.txt contains double '/'. This is likely unintended. It can also lead to inconsistent results of the file-matching approach used by Snakemake.
File path /sc/orga/projects/va-biobank/Veera/genie//resources/predixcan/gencode.v27.build37.txt contains double '/'. This is likely unintended. It can also lead to inconsistent results of the file-matching approach used by Snakemake.
File path /sc/orga/projects/va-biobank/Veera/genie//resources/predixcan/gencode.v27.build37.txt contains double '/'. This is likely unintended. It can also lead to inconsistent results of the file-matching approach used by Snakemake.
File path /sc/orga/projects/va-biobank/Veera/genie//resources/predixcan/gencode.v27.build37.txt contains double '/'. This is likely unintended. It can also lead to inconsistent results of the file-matching approach used by Snakemake.
File path /sc/orga/projects/va-biobank/Veera/genie//resources/predixcan/gencode.v27.build37.txt contains double '/'. This is likely unintended. It can also lead to inconsistent results of the file-matching approach used by Snakemake.
File path /sc/orga/projects/va-biobank/Veera/genie//resources/predixcan/gencode.v27.build37.txt contains double '/'. This is likely unintended. It can also lead to inconsistent results of the file-matching approach used by Snakemake.
File path /sc/orga/projects/va-biobank/Veera/genie//resources/predixcan/gencode.v27.build37.txt contains double '/'. This is likely unintended. It can also lead to inconsistent results of the file-matching approach used by Snakemake.
File path /sc/orga/projects/va-biobank/Veera/genie//resources/predixcan/gencode.v27.build37.txt contains double '/'. This is likely unintended. It can also lead to inconsistent results of the file-matching approach used by Snakemake.
File path /sc/orga/projects/va-biobank/Veera/genie//resources/predixcan/gencode.v27.build37.txt contains double '/'. This is likely unintended. It can also lead to inconsistent results of the file-matching approach used by Snakemake.
File path /sc/orga/projects/va-biobank/Veera/genie//resources/predixcan/gencode.v27.build37.txt contains double '/'. This is likely unintended. It can also lead to inconsistent results of the file-matching approach used by Snakemake.
File path /sc/orga/projects/va-biobank/Veera/genie//resources/predixcan/gencode.v27.build37.txt contains double '/'. This is likely unintended. It can also lead to inconsistent results of the file-matching approach used by Snakemake.
File path /sc/orga/projects/va-biobank/Veera/genie//resources/predixcan/gencode.v27.build37.txt contains double '/'. This is likely unintended. It can also lead to inconsistent results of the file-matching approach used by Snakemake.
File path /sc/orga/projects/va-biobank/Veera/genie//resources/predixcan/gencode.v27.build37.txt contains double '/'. This is likely unintended. It can also lead to inconsistent results of the file-matching approach used by Snakemake.
File path /sc/orga/projects/va-biobank/Veera/genie//resources/predixcan/gencode.v27.build37.txt contains double '/'. This is likely unintended. It can also lead to inconsistent results of the file-matching approach used by Snakemake.
File path /sc/orga/projects/va-biobank/Veera/genie//resources/predixcan/gencode.v27.build37.txt contains double '/'. This is likely unintended. It can also lead to inconsistent results of the file-matching approach used by Snakemake.
File path /sc/orga/projects/va-biobank/Veera/genie//resources/predixcan/gencode.v27.build37.txt contains double '/'. This is likely unintended. It can also lead to inconsistent results of the file-matching approach used by Snakemake.
File path /sc/orga/projects/va-biobank/Veera/genie//resources/predixcan/gencode.v27.build37.txt contains double '/'. This is likely unintended. It can also lead to inconsistent results of the file-matching approach used by Snakemake.
File path /sc/orga/projects/va-biobank/Veera/genie//resources/predixcan/gencode.v27.build37.txt contains double '/'. This is likely unintended. It can also lead to inconsistent results of the file-matching approach used by Snakemake.
File path /sc/orga/projects/va-biobank/Veera/genie//resources/predixcan/gencode.v27.build37.txt contains double '/'. This is likely unintended. It can also lead to inconsistent results of the file-matching approach used by Snakemake.
File path /sc/orga/projects/va-biobank/Veera/genie//resources/predixcan/gencode.v27.build37.txt contains double '/'. This is likely unintended. It can also lead to inconsistent results of the file-matching approach used by Snakemake.
File path /sc/orga/projects/va-biobank/Veera/genie//resources/predixcan/gencode.v27.build37.txt contains double '/'. This is likely unintended. It can also lead to inconsistent results of the file-matching approach used by Snakemake.
File path /sc/orga/projects/va-biobank/Veera/genie//resources/predixcan/gencode.v27.build37.txt contains double '/'. This is likely unintended. It can also lead to inconsistent results of the file-matching approach used by Snakemake.
File path /sc/orga/projects/va-biobank/Veera/genie//resources/predixcan/gencode.v27.build37.txt contains double '/'. This is likely unintended. It can also lead to inconsistent results of the file-matching approach used by Snakemake.
File path /sc/orga/projects/va-biobank/Veera/genie//resources/predixcan/gencode.v27.build37.txt contains double '/'. This is likely unintended. It can also lead to inconsistent results of the file-matching approach used by Snakemake.
File path /sc/orga/projects/va-biobank/Veera/genie//resources/predixcan/gencode.v27.build37.txt contains double '/'. This is likely unintended. It can also lead to inconsistent results of the file-matching approach used by Snakemake.
File path /sc/orga/projects/va-biobank/Veera/genie//resources/predixcan/gencode.v27.build37.txt contains double '/'. This is likely unintended. It can also lead to inconsistent results of the file-matching approach used by Snakemake.
File path /sc/orga/projects/va-biobank/Veera/genie//resources/predixcan/gencode.v27.build37.txt contains double '/'. This is likely unintended. It can also lead to inconsistent results of the file-matching approach used by Snakemake.
File path /sc/orga/projects/va-biobank/Veera/genie//resources/predixcan/gencode.v27.build37.txt contains double '/'. This is likely unintended. It can also lead to inconsistent results of the file-matching approach used by Snakemake.
Using shell: /bin/bash
Provided cluster nodes: 100000
Job counts:
	count	jobs
	1	novel_all
	47	novel_one
	1	novel_two
	49

rule novel_one:
    input: Sig_genes_for_traits/EGG_OBESITY, /sc/orga/projects/va-biobank/Veera/genie//resources/predixcan/gencode.v27.build37.txt
    output: genie_novel/test/test_intermediatefiles/EGG_OBESITY.out
    jobid: 13
    wildcards: gwas=EGG_OBESITY

Submitted job 13 with external jobid 'Job <110455771> is submitted to queue <premium>.'.

rule novel_one:
    input: Sig_genes_for_traits/SCZ_PGC2, /sc/orga/projects/va-biobank/Veera/genie//resources/predixcan/gencode.v27.build37.txt
    output: genie_novel/test/test_intermediatefiles/SCZ_PGC2.out
    jobid: 45
    wildcards: gwas=SCZ_PGC2

Submitted job 45 with external jobid 'Job <110455772> is submitted to queue <premium>.'.

rule novel_one:
    input: Sig_genes_for_traits/LIPIDS_TC, /sc/orga/projects/va-biobank/Veera/genie//resources/predixcan/gencode.v27.build37.txt
    output: genie_novel/test/test_intermediatefiles/LIPIDS_TC.out
    jobid: 9
    wildcards: gwas=LIPIDS_TC

Submitted job 9 with external jobid 'Job <110455774> is submitted to queue <premium>.'.

rule novel_one:
    input: Sig_genes_for_traits/Glucose_BMI, /sc/orga/projects/va-biobank/Veera/genie//resources/predixcan/gencode.v27.build37.txt
    output: genie_novel/test/test_intermediatefiles/Glucose_BMI.out
    jobid: 34
    wildcards: gwas=Glucose_BMI

Submitted job 34 with external jobid 'Job <110455775> is submitted to queue <premium>.'.

rule novel_one:
    input: Sig_genes_for_traits/PGC2_SCZ, /sc/orga/projects/va-biobank/Veera/genie//resources/predixcan/gencode.v27.build37.txt
    output: genie_novel/test/test_intermediatefiles/PGC2_SCZ.out
    jobid: 46
    wildcards: gwas=PGC2_SCZ

Submitted job 46 with external jobid 'Job <110455776> is submitted to queue <premium>.'.

rule novel_one:
    input: Sig_genes_for_traits/Man_FastingInsulin, /sc/orga/projects/va-biobank/Veera/genie//resources/predixcan/gencode.v27.build37.txt
    output: genie_novel/test/test_intermediatefiles/Man_FastingInsulin.out
    jobid: 41
    wildcards: gwas=Man_FastingInsulin

Submitted job 41 with external jobid 'Job <110455777> is submitted to queue <premium>.'.

rule novel_one:
    input: Sig_genes_for_traits/BMI, /sc/orga/projects/va-biobank/Veera/genie//resources/predixcan/gencode.v27.build37.txt
    output: genie_novel/test/test_intermediatefiles/BMI.out
    jobid: 39
    wildcards: gwas=BMI

Submitted job 39 with external jobid 'Job <110455778> is submitted to queue <premium>.'.

rule novel_one:
    input: Sig_genes_for_traits/EGG_BL, /sc/orga/projects/va-biobank/Veera/genie//resources/predixcan/gencode.v27.build37.txt
    output: genie_novel/test/test_intermediatefiles/EGG_BL.out
    jobid: 47
    wildcards: gwas=EGG_BL

Submitted job 47 with external jobid 'Job <110455779> is submitted to queue <premium>.'.

rule novel_one:
    input: Sig_genes_for_traits/LIPIDS_HDL, /sc/orga/projects/va-biobank/Veera/genie//resources/predixcan/gencode.v27.build37.txt
    output: genie_novel/test/test_intermediatefiles/LIPIDS_HDL.out
    jobid: 15
    wildcards: gwas=LIPIDS_HDL

Submitted job 15 with external jobid 'Job <110455780> is submitted to queue <premium>.'.

rule novel_one:
    input: Sig_genes_for_traits/iPSYCH_ASD, /sc/orga/projects/va-biobank/Veera/genie//resources/predixcan/gencode.v27.build37.txt
    output: genie_novel/test/test_intermediatefiles/iPSYCH_ASD.out
    jobid: 2
    wildcards: gwas=iPSYCH_ASD

Submitted job 2 with external jobid 'Job <110455781> is submitted to queue <premium>.'.

rule novel_one:
    input: Sig_genes_for_traits/MENOPAUSE, /sc/orga/projects/va-biobank/Veera/genie//resources/predixcan/gencode.v27.build37.txt
    output: genie_novel/test/test_intermediatefiles/MENOPAUSE.out
    jobid: 14
    wildcards: gwas=MENOPAUSE

Submitted job 14 with external jobid 'Job <110455782> is submitted to queue <premium>.'.

rule novel_one:
    input: Sig_genes_for_traits/EduYears, /sc/orga/projects/va-biobank/Veera/genie//resources/predixcan/gencode.v27.build37.txt
    output: genie_novel/test/test_intermediatefiles/EduYears.out
    jobid: 31
    wildcards: gwas=EduYears

Submitted job 31 with external jobid 'Job <110455783> is submitted to queue <premium>.'.

rule novel_one:
    input: Sig_genes_for_traits/ANX_FS, /sc/orga/projects/va-biobank/Veera/genie//resources/predixcan/gencode.v27.build37.txt
    output: genie_novel/test/test_intermediatefiles/ANX_FS.out
    jobid: 32
    wildcards: gwas=ANX_FS

Submitted job 32 with external jobid 'Job <110455784> is submitted to queue <premium>.'.

rule novel_one:
    input: Sig_genes_for_traits/iPSYCH_ADHD_EUR, /sc/orga/projects/va-biobank/Veera/genie//resources/predixcan/gencode.v27.build37.txt
    output: genie_novel/test/test_intermediatefiles/iPSYCH_ADHD_EUR.out
    jobid: 20
    wildcards: gwas=iPSYCH_ADHD_EUR

Submitted job 20 with external jobid 'Job <110455785> is submitted to queue <premium>.'.

rule novel_one:
    input: Sig_genes_for_traits/eGFRcrea, /sc/orga/projects/va-biobank/Veera/genie//resources/predixcan/gencode.v27.build37.txt
    output: genie_novel/test/test_intermediatefiles/eGFRcrea.out
    jobid: 18
    wildcards: gwas=eGFRcrea

Submitted job 18 with external jobid 'Job <110455786> is submitted to queue <premium>.'.

rule novel_one:
    input: Sig_genes_for_traits/LIPIDS_LDL, /sc/orga/projects/va-biobank/Veera/genie//resources/predixcan/gencode.v27.build37.txt
    output: genie_novel/test/test_intermediatefiles/LIPIDS_LDL.out
    jobid: 38
    wildcards: gwas=LIPIDS_LDL

Submitted job 38 with external jobid 'Job <110455787> is submitted to queue <premium>.'.

rule novel_one:
    input: Sig_genes_for_traits/MENARCHE, /sc/orga/projects/va-biobank/Veera/genie//resources/predixcan/gencode.v27.build37.txt
    output: genie_novel/test/test_intermediatefiles/MENARCHE.out
    jobid: 40
    wildcards: gwas=MENARCHE

Submitted job 40 with external jobid 'Job <110455788> is submitted to queue <premium>.'.

rule novel_one:
    input: Sig_genes_for_traits/MI_ADD, /sc/orga/projects/va-biobank/Veera/genie//resources/predixcan/gencode.v27.build37.txt
    output: genie_novel/test/test_intermediatefiles/MI_ADD.out
    jobid: 17
    wildcards: gwas=MI_ADD

Submitted job 17 with external jobid 'Job <110455789> is submitted to queue <premium>.'.

rule novel_one:
    input: Sig_genes_for_traits/GIANT_WHRadjBMI, /sc/orga/projects/va-biobank/Veera/genie//resources/predixcan/gencode.v27.build37.txt
    output: genie_novel/test/test_intermediatefiles/GIANT_WHRadjBMI.out
    jobid: 5
    wildcards: gwas=GIANT_WHRadjBMI

Submitted job 5 with external jobid 'Job <110455790> is submitted to queue <premium>.'.

rule novel_one:
    input: Sig_genes_for_traits/iPSYCH_ADHD, /sc/orga/projects/va-biobank/Veera/genie//resources/predixcan/gencode.v27.build37.txt
    output: genie_novel/test/test_intermediatefiles/iPSYCH_ADHD.out
    jobid: 28
    wildcards: gwas=iPSYCH_ADHD

Submitted job 28 with external jobid 'Job <110455791> is submitted to queue <premium>.'.

rule novel_one:
    input: Sig_genes_for_traits/MA, /sc/orga/projects/va-biobank/Veera/genie//resources/predixcan/gencode.v27.build37.txt
    output: genie_novel/test/test_intermediatefiles/MA.out
    jobid: 25
    wildcards: gwas=MA

Submitted job 25 with external jobid 'Job <110455792> is submitted to queue <premium>.'.

rule novel_one:
    input: Sig_genes_for_traits/cIMT_PLQ, /sc/orga/projects/va-biobank/Veera/genie//resources/predixcan/gencode.v27.build37.txt
    output: genie_novel/test/test_intermediatefiles/cIMT_PLQ.out
    jobid: 44
    wildcards: gwas=cIMT_PLQ

Submitted job 44 with external jobid 'Job <110455793> is submitted to queue <premium>.'.

rule novel_one:
    input: Sig_genes_for_traits/CAD_REC, /sc/orga/projects/va-biobank/Veera/genie//resources/predixcan/gencode.v27.build37.txt
    output: genie_novel/test/test_intermediatefiles/CAD_REC.out
    jobid: 4
    wildcards: gwas=CAD_REC

Submitted job 4 with external jobid 'Job <110455794> is submitted to queue <premium>.'.

rule novel_one:
    input: Sig_genes_for_traits/CAD_ADD, /sc/orga/projects/va-biobank/Veera/genie//resources/predixcan/gencode.v27.build37.txt
    output: genie_novel/test/test_intermediatefiles/CAD_ADD.out
    jobid: 7
    wildcards: gwas=CAD_ADD

Submitted job 7 with external jobid 'Job <110455795> is submitted to queue <premium>.'.

rule novel_one:
    input: Sig_genes_for_traits/NEUROTICISM, /sc/orga/projects/va-biobank/Veera/genie//resources/predixcan/gencode.v27.build37.txt
    output: genie_novel/test/test_intermediatefiles/NEUROTICISM.out
    jobid: 6
    wildcards: gwas=NEUROTICISM

Submitted job 6 with external jobid 'Job <110455796> is submitted to queue <premium>.'.

rule novel_one:
    input: Sig_genes_for_traits/WellBeing_DS, /sc/orga/projects/va-biobank/Veera/genie//resources/predixcan/gencode.v27.build37.txt
    output: genie_novel/test/test_intermediatefiles/WellBeing_DS.out
    jobid: 24
    wildcards: gwas=WellBeing_DS

Submitted job 24 with external jobid 'Job <110455797> is submitted to queue <premium>.'.

rule novel_one:
    input: Sig_genes_for_traits/GIANT_HIPadjBMI, /sc/orga/projects/va-biobank/Veera/genie//resources/predixcan/gencode.v27.build37.txt
    output: genie_novel/test/test_intermediatefiles/GIANT_HIPadjBMI.out
    jobid: 35
    wildcards: gwas=GIANT_HIPadjBMI

Submitted job 35 with external jobid 'Job <110455798> is submitted to queue <premium>.'.

rule novel_one:
    input: Sig_genes_for_traits/GIANT_WHR, /sc/orga/projects/va-biobank/Veera/genie//resources/predixcan/gencode.v27.build37.txt
    output: genie_novel/test/test_intermediatefiles/GIANT_WHR.out
    jobid: 36
    wildcards: gwas=GIANT_WHR

Submitted job 36 with external jobid 'Job <110455799> is submitted to queue <premium>.'.

rule novel_one:
    input: Sig_genes_for_traits/HOMAB, /sc/orga/projects/va-biobank/Veera/genie//resources/predixcan/gencode.v27.build37.txt
    output: genie_novel/test/test_intermediatefiles/HOMAB.out
    jobid: 42
    wildcards: gwas=HOMAB

Submitted job 42 with external jobid 'Job <110455800> is submitted to queue <premium>.'.

rule novel_one:
    input: Sig_genes_for_traits/WellBeing_SWB, /sc/orga/projects/va-biobank/Veera/genie//resources/predixcan/gencode.v27.build37.txt
    output: genie_novel/test/test_intermediatefiles/WellBeing_SWB.out
    jobid: 27
    wildcards: gwas=WellBeing_SWB

Submitted job 27 with external jobid 'Job <110455801> is submitted to queue <premium>.'.

rule novel_one:
    input: Sig_genes_for_traits/RA, /sc/orga/projects/va-biobank/Veera/genie//resources/predixcan/gencode.v27.build37.txt
    output: genie_novel/test/test_intermediatefiles/RA.out
    jobid: 8
    wildcards: gwas=RA

Submitted job 8 with external jobid 'Job <110455802> is submitted to queue <premium>.'.

rule novel_one:
    input: Sig_genes_for_traits/CKD_smr, /sc/orga/projects/va-biobank/Veera/genie//resources/predixcan/gencode.v27.build37.txt
    output: genie_novel/test/test_intermediatefiles/CKD_smr.out
    jobid: 11
    wildcards: gwas=CKD_smr

Submitted job 11 with external jobid 'Job <110455803> is submitted to queue <premium>.'.

rule novel_one:
    input: Sig_genes_for_traits/HBA1C, /sc/orga/projects/va-biobank/Veera/genie//resources/predixcan/gencode.v27.build37.txt
    output: genie_novel/test/test_intermediatefiles/HBA1C.out
    jobid: 30
    wildcards: gwas=HBA1C

Submitted job 30 with external jobid 'Job <110455804> is submitted to queue <premium>.'.

rule novel_one:
    input: Sig_genes_for_traits/EGG_BMI, /sc/orga/projects/va-biobank/Veera/genie//resources/predixcan/gencode.v27.build37.txt
    output: genie_novel/test/test_intermediatefiles/EGG_BMI.out
    jobid: 33
    wildcards: gwas=EGG_BMI

Submitted job 33 with external jobid 'Job <110455805> is submitted to queue <premium>.'.

rule novel_one:
    input: Sig_genes_for_traits/UACR, /sc/orga/projects/va-biobank/Veera/genie//resources/predixcan/gencode.v27.build37.txt
    output: genie_novel/test/test_intermediatefiles/UACR.out
    jobid: 10
    wildcards: gwas=UACR

Submitted job 10 with external jobid 'Job <110455806> is submitted to queue <premium>.'.

rule novel_one:
    input: Sig_genes_for_traits/ASD, /sc/orga/projects/va-biobank/Veera/genie//resources/predixcan/gencode.v27.build37.txt
    output: genie_novel/test/test_intermediatefiles/ASD.out
    jobid: 29
    wildcards: gwas=ASD

Submitted job 29 with external jobid 'Job <110455807> is submitted to queue <premium>.'.

rule novel_one:
    input: Sig_genes_for_traits/WellBeing_Neuroticism, /sc/orga/projects/va-biobank/Veera/genie//resources/predixcan/gencode.v27.build37.txt
    output: genie_novel/test/test_intermediatefiles/WellBeing_Neuroticism.out
    jobid: 26
    wildcards: gwas=WellBeing_Neuroticism

Submitted job 26 with external jobid 'Job <110455808> is submitted to queue <premium>.'.

rule novel_one:
    input: Sig_genes_for_traits/AD, /sc/orga/projects/va-biobank/Veera/genie//resources/predixcan/gencode.v27.build37.txt
    output: genie_novel/test/test_intermediatefiles/AD.out
    jobid: 3
    wildcards: gwas=AD

Submitted job 3 with external jobid 'Job <110455809> is submitted to queue <premium>.'.

rule novel_one:
    input: Sig_genes_for_traits/FastingGlucose, /sc/orga/projects/va-biobank/Veera/genie//resources/predixcan/gencode.v27.build37.txt
    output: genie_novel/test/test_intermediatefiles/FastingGlucose.out
    jobid: 37
    wildcards: gwas=FastingGlucose

Submitted job 37 with external jobid 'Job <110455810> is submitted to queue <premium>.'.

rule novel_one:
    input: Sig_genes_for_traits/cIMT, /sc/orga/projects/va-biobank/Veera/genie//resources/predixcan/gencode.v27.build37.txt
    output: genie_novel/test/test_intermediatefiles/cIMT.out
    jobid: 48
    wildcards: gwas=cIMT

Submitted job 48 with external jobid 'Job <110455811> is submitted to queue <premium>.'.

rule novel_one:
    input: Sig_genes_for_traits/Man_FastingGlucose, /sc/orga/projects/va-biobank/Veera/genie//resources/predixcan/gencode.v27.build37.txt
    output: genie_novel/test/test_intermediatefiles/Man_FastingGlucose.out
    jobid: 23
    wildcards: gwas=Man_FastingGlucose

Submitted job 23 with external jobid 'Job <110455812> is submitted to queue <premium>.'.

rule novel_one:
    input: Sig_genes_for_traits/LIPIDS_TG, /sc/orga/projects/va-biobank/Veera/genie//resources/predixcan/gencode.v27.build37.txt
    output: genie_novel/test/test_intermediatefiles/LIPIDS_TG.out
    jobid: 21
    wildcards: gwas=LIPIDS_TG

Submitted job 21 with external jobid 'Job <110455813> is submitted to queue <premium>.'.

rule novel_one:
    input: Sig_genes_for_traits/GIANT_WCadjBMI, /sc/orga/projects/va-biobank/Veera/genie//resources/predixcan/gencode.v27.build37.txt
    output: genie_novel/test/test_intermediatefiles/GIANT_WCadjBMI.out
    jobid: 12
    wildcards: gwas=GIANT_WCadjBMI

Submitted job 12 with external jobid 'Job <110455814> is submitted to queue <premium>.'.

rule novel_one:
    input: Sig_genes_for_traits/ANX_CC, /sc/orga/projects/va-biobank/Veera/genie//resources/predixcan/gencode.v27.build37.txt
    output: genie_novel/test/test_intermediatefiles/ANX_CC.out
    jobid: 1
    wildcards: gwas=ANX_CC

Submitted job 1 with external jobid 'Job <110455815> is submitted to queue <premium>.'.

rule novel_one:
    input: Sig_genes_for_traits/HEIGHT, /sc/orga/projects/va-biobank/Veera/genie//resources/predixcan/gencode.v27.build37.txt
    output: genie_novel/test/test_intermediatefiles/HEIGHT.out
    jobid: 22
    wildcards: gwas=HEIGHT

Submitted job 22 with external jobid 'Job <110455816> is submitted to queue <premium>.'.

rule novel_one:
    input: Sig_genes_for_traits/GIANT_WC, /sc/orga/projects/va-biobank/Veera/genie//resources/predixcan/gencode.v27.build37.txt
    output: genie_novel/test/test_intermediatefiles/GIANT_WC.out
    jobid: 19
    wildcards: gwas=GIANT_WC

Submitted job 19 with external jobid 'Job <110455817> is submitted to queue <premium>.'.

rule novel_one:
    input: Sig_genes_for_traits/T2D, /sc/orga/projects/va-biobank/Veera/genie//resources/predixcan/gencode.v27.build37.txt
    output: genie_novel/test/test_intermediatefiles/T2D.out
    jobid: 16
    wildcards: gwas=T2D

Submitted job 16 with external jobid 'Job <110455818> is submitted to queue <premium>.'.
    Error in rule novel_one:
        jobid: 10
        output: genie_novel/test/test_intermediatefiles/UACR.out

Job failed, going on with independent jobs.
    Error in rule novel_one:
        jobid: 29
        output: genie_novel/test/test_intermediatefiles/ASD.out

Job failed, going on with independent jobs.
    Error in rule novel_one:
        jobid: 26
        output: genie_novel/test/test_intermediatefiles/WellBeing_Neuroticism.out

Job failed, going on with independent jobs.
    Error in rule novel_one:
        jobid: 3
        output: genie_novel/test/test_intermediatefiles/AD.out

Job failed, going on with independent jobs.
    Error in rule novel_one:
        jobid: 37
        output: genie_novel/test/test_intermediatefiles/FastingGlucose.out

Job failed, going on with independent jobs.
    Error in rule novel_one:
        jobid: 48
        output: genie_novel/test/test_intermediatefiles/cIMT.out

Job failed, going on with independent jobs.
    Error in rule novel_one:
        jobid: 13
        output: genie_novel/test/test_intermediatefiles/EGG_OBESITY.out

Job failed, going on with independent jobs.
    Error in rule novel_one:
        jobid: 9
        output: genie_novel/test/test_intermediatefiles/LIPIDS_TC.out

Job failed, going on with independent jobs.
    Error in rule novel_one:
        jobid: 34
        output: genie_novel/test/test_intermediatefiles/Glucose_BMI.out

Job failed, going on with independent jobs.
    Error in rule novel_one:
        jobid: 47
        output: genie_novel/test/test_intermediatefiles/EGG_BL.out

Job failed, going on with independent jobs.
    Error in rule novel_one:
        jobid: 15
        output: genie_novel/test/test_intermediatefiles/LIPIDS_HDL.out

Job failed, going on with independent jobs.
    Error in rule novel_one:
        jobid: 2
        output: genie_novel/test/test_intermediatefiles/iPSYCH_ASD.out

Job failed, going on with independent jobs.
    Error in rule novel_one:
        jobid: 14
        output: genie_novel/test/test_intermediatefiles/MENOPAUSE.out

Job failed, going on with independent jobs.
    Error in rule novel_one:
        jobid: 31
        output: genie_novel/test/test_intermediatefiles/EduYears.out

Job failed, going on with independent jobs.
    Error in rule novel_one:
        jobid: 32
        output: genie_novel/test/test_intermediatefiles/ANX_FS.out

Job failed, going on with independent jobs.
    Error in rule novel_one:
        jobid: 20
        output: genie_novel/test/test_intermediatefiles/iPSYCH_ADHD_EUR.out

Job failed, going on with independent jobs.
    Error in rule novel_one:
        jobid: 18
        output: genie_novel/test/test_intermediatefiles/eGFRcrea.out

Job failed, going on with independent jobs.
    Error in rule novel_one:
        jobid: 38
        output: genie_novel/test/test_intermediatefiles/LIPIDS_LDL.out

Job failed, going on with independent jobs.
    Error in rule novel_one:
        jobid: 40
        output: genie_novel/test/test_intermediatefiles/MENARCHE.out

Job failed, going on with independent jobs.
    Error in rule novel_one:
        jobid: 17
        output: genie_novel/test/test_intermediatefiles/MI_ADD.out

Job failed, going on with independent jobs.
    Error in rule novel_one:
        jobid: 5
        output: genie_novel/test/test_intermediatefiles/GIANT_WHRadjBMI.out

Job failed, going on with independent jobs.
    Error in rule novel_one:
        jobid: 28
        output: genie_novel/test/test_intermediatefiles/iPSYCH_ADHD.out

Job failed, going on with independent jobs.
    Error in rule novel_one:
        jobid: 25
        output: genie_novel/test/test_intermediatefiles/MA.out

Job failed, going on with independent jobs.
    Error in rule novel_one:
        jobid: 44
        output: genie_novel/test/test_intermediatefiles/cIMT_PLQ.out

Job failed, going on with independent jobs.
    Error in rule novel_one:
        jobid: 27
        output: genie_novel/test/test_intermediatefiles/WellBeing_SWB.out

Job failed, going on with independent jobs.
    Error in rule novel_one:
        jobid: 8
        output: genie_novel/test/test_intermediatefiles/RA.out

Job failed, going on with independent jobs.
    Error in rule novel_one:
        jobid: 11
        output: genie_novel/test/test_intermediatefiles/CKD_smr.out

Job failed, going on with independent jobs.
    Error in rule novel_one:
        jobid: 30
        output: genie_novel/test/test_intermediatefiles/HBA1C.out

Job failed, going on with independent jobs.
    Error in rule novel_one:
        jobid: 33
        output: genie_novel/test/test_intermediatefiles/EGG_BMI.out

Job failed, going on with independent jobs.
    Error in rule novel_one:
        jobid: 45
        output: genie_novel/test/test_intermediatefiles/SCZ_PGC2.out

Job failed, going on with independent jobs.
    Error in rule novel_one:
        jobid: 46
        output: genie_novel/test/test_intermediatefiles/PGC2_SCZ.out

Job failed, going on with independent jobs.
    Error in rule novel_one:
        jobid: 41
        output: genie_novel/test/test_intermediatefiles/Man_FastingInsulin.out

Job failed, going on with independent jobs.
    Error in rule novel_one:
        jobid: 39
        output: genie_novel/test/test_intermediatefiles/BMI.out

Job failed, going on with independent jobs.
    Error in rule novel_one:
        jobid: 23
        output: genie_novel/test/test_intermediatefiles/Man_FastingGlucose.out

Job failed, going on with independent jobs.
    Error in rule novel_one:
        jobid: 21
        output: genie_novel/test/test_intermediatefiles/LIPIDS_TG.out

Job failed, going on with independent jobs.
    Error in rule novel_one:
        jobid: 4
        output: genie_novel/test/test_intermediatefiles/CAD_REC.out

Job failed, going on with independent jobs.
    Error in rule novel_one:
        jobid: 42
        output: genie_novel/test/test_intermediatefiles/HOMAB.out

Job failed, going on with independent jobs.
    Error in rule novel_one:
        jobid: 12
        output: genie_novel/test/test_intermediatefiles/GIANT_WCadjBMI.out

Job failed, going on with independent jobs.
    Error in rule novel_one:
        jobid: 1
        output: genie_novel/test/test_intermediatefiles/ANX_CC.out

Job failed, going on with independent jobs.
    Error in rule novel_one:
        jobid: 22
        output: genie_novel/test/test_intermediatefiles/HEIGHT.out

Job failed, going on with independent jobs.
    Error in rule novel_one:
        jobid: 7
        output: genie_novel/test/test_intermediatefiles/CAD_ADD.out

Job failed, going on with independent jobs.
    Error in rule novel_one:
        jobid: 24
        output: genie_novel/test/test_intermediatefiles/WellBeing_DS.out

Job failed, going on with independent jobs.
    Error in rule novel_one:
        jobid: 35
        output: genie_novel/test/test_intermediatefiles/GIANT_HIPadjBMI.out

Job failed, going on with independent jobs.
    Error in rule novel_one:
        jobid: 36
        output: genie_novel/test/test_intermediatefiles/GIANT_WHR.out

Job failed, going on with independent jobs.
    Error in rule novel_one:
        jobid: 19
        output: genie_novel/test/test_intermediatefiles/GIANT_WC.out

Job failed, going on with independent jobs.
    Error in rule novel_one:
        jobid: 16
        output: genie_novel/test/test_intermediatefiles/T2D.out

Job failed, going on with independent jobs.
    Error in rule novel_one:
        jobid: 6
        output: genie_novel/test/test_intermediatefiles/NEUROTICISM.out

Job failed, going on with independent jobs.
Exiting because a job execution failed. Look above for error message
Complete log: /sc/orga/projects/va-biobank/Veera/genie/modules/predixcan/novel/temp/.snakemake/log/2018-09-06T080607.791925.snakemake.log
