Building DAG of jobs...
Using shell: /bin/bash
Provided cores: 1
Rules claiming more threads will be scaled down.
Job counts:
	count	jobs
	1	clump_all
	1	clump_one
	1	clump_two
	3

rule clump_one:
    input: 1kg.eur.biallele.snps.maf0.01.bed, 1kg.eur.biallele.snps.maf0.01.bim, 1kg.eur.biallele.snps.maf0.01.fam, /hpc/users/xrajagv01/va-biobank/Veera/downloads/CMC/modules/wen_gwas_files/EGG_BW.gwas.sumstats
    output: genie_clump/all2/all2ld_from_1kg.eur.biallele.snps.maf0.01/EGG_BW.gwas.sumstats.clumped
    jobid: 1
    wildcards: wcard=EGG_BW.gwas.sumstats

Finished job 1.
1 of 3 steps (33%) done

rule clump_two:
    input: genie_clump/all2/all2ld_from_1kg.eur.biallele.snps.maf0.01/EGG_BW.gwas.sumstats.clumped, /hpc/users/xrajagv01/va-biobank/Veera/downloads/CMC/modules/wen_gwas_files/EGG_BW.gwas.sumstats
    output: genie_clump/all2/all2ld_from_1kg.eur.biallele.snps.maf0.01/EGG_BW.gwas.sumstats.clumped.formatted
    jobid: 2
    wildcards: wcard=EGG_BW.gwas.sumstats

Finished job 2.
2 of 3 steps (67%) done

localrule clump_all:
    input: genie_clump/all2/all2ld_from_1kg.eur.biallele.snps.maf0.01/EGG_BW.gwas.sumstats.clumped, genie_clump/all2/all2ld_from_1kg.eur.biallele.snps.maf0.01/EGG_BW.gwas.sumstats.clumped.formatted
    jobid: 0

Finished job 0.
3 of 3 steps (100%) done
Complete log: /sc/orga/projects/va-biobank/Veera/genie/modules/predixcan/novel/temp/.snakemake/log/2018-09-11T135440.549770.snakemake.log
