Building DAG of jobs...
File path /sc/orga/projects/va-biobank/Veera/genie//resources/predixcan/gencode.v27.build37.txt contains double '/'. This is likely unintended. It can also lead to inconsistent results of the file-matching approach used by Snakemake.
File path /sc/orga/projects/va-biobank/Veera/genie//resources/predixcan/gencode.v27.build37.txt contains double '/'. This is likely unintended. It can also lead to inconsistent results of the file-matching approach used by Snakemake.
File path /sc/orga/projects/va-biobank/Veera/genie//resources/predixcan/gencode.v27.build37.txt contains double '/'. This is likely unintended. It can also lead to inconsistent results of the file-matching approach used by Snakemake.
File path /sc/orga/projects/va-biobank/Veera/genie//resources/predixcan/gencode.v27.build37.txt contains double '/'. This is likely unintended. It can also lead to inconsistent results of the file-matching approach used by Snakemake.
File path /sc/orga/projects/va-biobank/Veera/genie//resources/predixcan/gencode.v27.build37.txt contains double '/'. This is likely unintended. It can also lead to inconsistent results of the file-matching approach used by Snakemake.
File path /sc/orga/projects/va-biobank/Veera/genie//resources/predixcan/gencode.v27.build37.txt contains double '/'. This is likely unintended. It can also lead to inconsistent results of the file-matching approach used by Snakemake.
File path /sc/orga/projects/va-biobank/Veera/genie//resources/predixcan/gencode.v27.build37.txt contains double '/'. This is likely unintended. It can also lead to inconsistent results of the file-matching approach used by Snakemake.
File path /sc/orga/projects/va-biobank/Veera/genie//resources/predixcan/gencode.v27.build37.txt contains double '/'. This is likely unintended. It can also lead to inconsistent results of the file-matching approach used by Snakemake.
File path /sc/orga/projects/va-biobank/Veera/genie//resources/predixcan/gencode.v27.build37.txt contains double '/'. This is likely unintended. It can also lead to inconsistent results of the file-matching approach used by Snakemake.
File path /sc/orga/projects/va-biobank/Veera/genie//resources/predixcan/gencode.v27.build37.txt contains double '/'. This is likely unintended. It can also lead to inconsistent results of the file-matching approach used by Snakemake.
File path /sc/orga/projects/va-biobank/Veera/genie//resources/predixcan/gencode.v27.build37.txt contains double '/'. This is likely unintended. It can also lead to inconsistent results of the file-matching approach used by Snakemake.
File path /sc/orga/projects/va-biobank/Veera/genie//resources/predixcan/gencode.v27.build37.txt contains double '/'. This is likely unintended. It can also lead to inconsistent results of the file-matching approach used by Snakemake.
File path /sc/orga/projects/va-biobank/Veera/genie//resources/predixcan/gencode.v27.build37.txt contains double '/'. This is likely unintended. It can also lead to inconsistent results of the file-matching approach used by Snakemake.
File path /sc/orga/projects/va-biobank/Veera/genie//resources/predixcan/gencode.v27.build37.txt contains double '/'. This is likely unintended. It can also lead to inconsistent results of the file-matching approach used by Snakemake.
File path /sc/orga/projects/va-biobank/Veera/genie//resources/predixcan/gencode.v27.build37.txt contains double '/'. This is likely unintended. It can also lead to inconsistent results of the file-matching approach used by Snakemake.
File path /sc/orga/projects/va-biobank/Veera/genie//resources/predixcan/gencode.v27.build37.txt contains double '/'. This is likely unintended. It can also lead to inconsistent results of the file-matching approach used by Snakemake.
File path /sc/orga/projects/va-biobank/Veera/genie//resources/predixcan/gencode.v27.build37.txt contains double '/'. This is likely unintended. It can also lead to inconsistent results of the file-matching approach used by Snakemake.
File path /sc/orga/projects/va-biobank/Veera/genie//resources/predixcan/gencode.v27.build37.txt contains double '/'. This is likely unintended. It can also lead to inconsistent results of the file-matching approach used by Snakemake.
File path /sc/orga/projects/va-biobank/Veera/genie//resources/predixcan/gencode.v27.build37.txt contains double '/'. This is likely unintended. It can also lead to inconsistent results of the file-matching approach used by Snakemake.
File path /sc/orga/projects/va-biobank/Veera/genie//resources/predixcan/gencode.v27.build37.txt contains double '/'. This is likely unintended. It can also lead to inconsistent results of the file-matching approach used by Snakemake.
File path /sc/orga/projects/va-biobank/Veera/genie//resources/predixcan/gencode.v27.build37.txt contains double '/'. This is likely unintended. It can also lead to inconsistent results of the file-matching approach used by Snakemake.
File path /sc/orga/projects/va-biobank/Veera/genie//resources/predixcan/gencode.v27.build37.txt contains double '/'. This is likely unintended. It can also lead to inconsistent results of the file-matching approach used by Snakemake.
File path /sc/orga/projects/va-biobank/Veera/genie//resources/predixcan/gencode.v27.build37.txt contains double '/'. This is likely unintended. It can also lead to inconsistent results of the file-matching approach used by Snakemake.
File path /sc/orga/projects/va-biobank/Veera/genie//resources/predixcan/gencode.v27.build37.txt contains double '/'. This is likely unintended. It can also lead to inconsistent results of the file-matching approach used by Snakemake.
File path /sc/orga/projects/va-biobank/Veera/genie//resources/predixcan/gencode.v27.build37.txt contains double '/'. This is likely unintended. It can also lead to inconsistent results of the file-matching approach used by Snakemake.
File path /sc/orga/projects/va-biobank/Veera/genie//resources/predixcan/gencode.v27.build37.txt contains double '/'. This is likely unintended. It can also lead to inconsistent results of the file-matching approach used by Snakemake.
File path /sc/orga/projects/va-biobank/Veera/genie//resources/predixcan/gencode.v27.build37.txt contains double '/'. This is likely unintended. It can also lead to inconsistent results of the file-matching approach used by Snakemake.
File path /sc/orga/projects/va-biobank/Veera/genie//resources/predixcan/gencode.v27.build37.txt contains double '/'. This is likely unintended. It can also lead to inconsistent results of the file-matching approach used by Snakemake.
File path /sc/orga/projects/va-biobank/Veera/genie//resources/predixcan/gencode.v27.build37.txt contains double '/'. This is likely unintended. It can also lead to inconsistent results of the file-matching approach used by Snakemake.
File path /sc/orga/projects/va-biobank/Veera/genie//resources/predixcan/gencode.v27.build37.txt contains double '/'. This is likely unintended. It can also lead to inconsistent results of the file-matching approach used by Snakemake.
File path /sc/orga/projects/va-biobank/Veera/genie//resources/predixcan/gencode.v27.build37.txt contains double '/'. This is likely unintended. It can also lead to inconsistent results of the file-matching approach used by Snakemake.
File path /sc/orga/projects/va-biobank/Veera/genie//resources/predixcan/gencode.v27.build37.txt contains double '/'. This is likely unintended. It can also lead to inconsistent results of the file-matching approach used by Snakemake.
File path /sc/orga/projects/va-biobank/Veera/genie//resources/predixcan/gencode.v27.build37.txt contains double '/'. This is likely unintended. It can also lead to inconsistent results of the file-matching approach used by Snakemake.
File path /sc/orga/projects/va-biobank/Veera/genie//resources/predixcan/gencode.v27.build37.txt contains double '/'. This is likely unintended. It can also lead to inconsistent results of the file-matching approach used by Snakemake.
File path /sc/orga/projects/va-biobank/Veera/genie//resources/predixcan/gencode.v27.build37.txt contains double '/'. This is likely unintended. It can also lead to inconsistent results of the file-matching approach used by Snakemake.
File path /sc/orga/projects/va-biobank/Veera/genie//resources/predixcan/gencode.v27.build37.txt contains double '/'. This is likely unintended. It can also lead to inconsistent results of the file-matching approach used by Snakemake.
File path /sc/orga/projects/va-biobank/Veera/genie//resources/predixcan/gencode.v27.build37.txt contains double '/'. This is likely unintended. It can also lead to inconsistent results of the file-matching approach used by Snakemake.
File path /sc/orga/projects/va-biobank/Veera/genie//resources/predixcan/gencode.v27.build37.txt contains double '/'. This is likely unintended. It can also lead to inconsistent results of the file-matching approach used by Snakemake.
File path /sc/orga/projects/va-biobank/Veera/genie//resources/predixcan/gencode.v27.build37.txt contains double '/'. This is likely unintended. It can also lead to inconsistent results of the file-matching approach used by Snakemake.
File path /sc/orga/projects/va-biobank/Veera/genie//resources/predixcan/gencode.v27.build37.txt contains double '/'. This is likely unintended. It can also lead to inconsistent results of the file-matching approach used by Snakemake.
File path /sc/orga/projects/va-biobank/Veera/genie//resources/predixcan/gencode.v27.build37.txt contains double '/'. This is likely unintended. It can also lead to inconsistent results of the file-matching approach used by Snakemake.
File path /sc/orga/projects/va-biobank/Veera/genie//resources/predixcan/gencode.v27.build37.txt contains double '/'. This is likely unintended. It can also lead to inconsistent results of the file-matching approach used by Snakemake.
File path /sc/orga/projects/va-biobank/Veera/genie//resources/predixcan/gencode.v27.build37.txt contains double '/'. This is likely unintended. It can also lead to inconsistent results of the file-matching approach used by Snakemake.
File path /sc/orga/projects/va-biobank/Veera/genie//resources/predixcan/gencode.v27.build37.txt contains double '/'. This is likely unintended. It can also lead to inconsistent results of the file-matching approach used by Snakemake.
File path /sc/orga/projects/va-biobank/Veera/genie//resources/predixcan/gencode.v27.build37.txt contains double '/'. This is likely unintended. It can also lead to inconsistent results of the file-matching approach used by Snakemake.
File path /sc/orga/projects/va-biobank/Veera/genie//resources/predixcan/gencode.v27.build37.txt contains double '/'. This is likely unintended. It can also lead to inconsistent results of the file-matching approach used by Snakemake.
Using shell: /bin/bash
Provided cores: 1
Rules claiming more threads will be scaled down.
Job counts:
	count	jobs
	1	novel_all
	7	novel_one
	1	novel_two
	9

rule novel_one:
    input: Sig_genes_for_traits/EduYears, /sc/orga/projects/va-biobank/Veera/genie//resources/predixcan/gencode.v27.build37.txt
    output: genie_novel/test2/test2_intermediatefiles/EduYears.out
    jobid: 18
    wildcards: gwas=EduYears

Finished job 18.
1 of 9 steps (11%) done

rule novel_one:
    input: Sig_genes_for_traits/iPSYCH_ADHD, /sc/orga/projects/va-biobank/Veera/genie//resources/predixcan/gencode.v27.build37.txt
    output: genie_novel/test2/test2_intermediatefiles/iPSYCH_ADHD.out
    jobid: 38
    wildcards: gwas=iPSYCH_ADHD

    Error in rule novel_one:
        jobid: 38
        output: genie_novel/test2/test2_intermediatefiles/iPSYCH_ADHD.out

RuleException:
CalledProcessError in line 33 of /sc/orga/projects/va-biobank/Veera/genie/modules/predixcan/novel/novel.snake:
Command ' set -euo pipefail;  Rscript /sc/orga/projects/va-biobank/Veera/genie/modules/predixcan/novel/novel.R Sig_genes_for_traits/iPSYCH_ADHD /sc/orga/projects/va-biobank/Veera/genie//resources/predixcan/gencode.v27.build37.txt genie_novel/test2/test2_intermediatefiles/iPSYCH_ADHD.out ' returned non-zero exit status 1.
  File "/sc/orga/projects/va-biobank/Veera/genie/modules/predixcan/novel/novel.snake", line 33, in __rule_novel_one
  File "/hpc/users/xrajagv01/.conda/envs/genie/lib/python3.6/concurrent/futures/thread.py", line 56, in run
Job failed, going on with independent jobs.

rule novel_one:
    input: Sig_genes_for_traits/cIMT, /sc/orga/projects/va-biobank/Veera/genie//resources/predixcan/gencode.v27.build37.txt
    output: genie_novel/test2/test2_intermediatefiles/cIMT.out
    jobid: 27
    wildcards: gwas=cIMT

    Error in rule novel_one:
        jobid: 27
        output: genie_novel/test2/test2_intermediatefiles/cIMT.out

RuleException:
CalledProcessError in line 33 of /sc/orga/projects/va-biobank/Veera/genie/modules/predixcan/novel/novel.snake:
Command ' set -euo pipefail;  Rscript /sc/orga/projects/va-biobank/Veera/genie/modules/predixcan/novel/novel.R Sig_genes_for_traits/cIMT /sc/orga/projects/va-biobank/Veera/genie//resources/predixcan/gencode.v27.build37.txt genie_novel/test2/test2_intermediatefiles/cIMT.out ' returned non-zero exit status 1.
  File "/sc/orga/projects/va-biobank/Veera/genie/modules/predixcan/novel/novel.snake", line 33, in __rule_novel_one
  File "/hpc/users/xrajagv01/.conda/envs/genie/lib/python3.6/concurrent/futures/thread.py", line 56, in run
Job failed, going on with independent jobs.

rule novel_one:
    input: Sig_genes_for_traits/CAD_REC, /sc/orga/projects/va-biobank/Veera/genie//resources/predixcan/gencode.v27.build37.txt
    output: genie_novel/test2/test2_intermediatefiles/CAD_REC.out
    jobid: 41
    wildcards: gwas=CAD_REC

    Error in rule novel_one:
        jobid: 41
        output: genie_novel/test2/test2_intermediatefiles/CAD_REC.out

RuleException:
CalledProcessError in line 33 of /sc/orga/projects/va-biobank/Veera/genie/modules/predixcan/novel/novel.snake:
Command ' set -euo pipefail;  Rscript /sc/orga/projects/va-biobank/Veera/genie/modules/predixcan/novel/novel.R Sig_genes_for_traits/CAD_REC /sc/orga/projects/va-biobank/Veera/genie//resources/predixcan/gencode.v27.build37.txt genie_novel/test2/test2_intermediatefiles/CAD_REC.out ' returned non-zero exit status 1.
  File "/sc/orga/projects/va-biobank/Veera/genie/modules/predixcan/novel/novel.snake", line 33, in __rule_novel_one
  File "/hpc/users/xrajagv01/.conda/envs/genie/lib/python3.6/concurrent/futures/thread.py", line 56, in run
Job failed, going on with independent jobs.

rule novel_one:
    input: Sig_genes_for_traits/cIMT_PLQ, /sc/orga/projects/va-biobank/Veera/genie//resources/predixcan/gencode.v27.build37.txt
    output: genie_novel/test2/test2_intermediatefiles/cIMT_PLQ.out
    jobid: 42
    wildcards: gwas=cIMT_PLQ

    Error in rule novel_one:
        jobid: 42
        output: genie_novel/test2/test2_intermediatefiles/cIMT_PLQ.out

RuleException:
CalledProcessError in line 33 of /sc/orga/projects/va-biobank/Veera/genie/modules/predixcan/novel/novel.snake:
Command ' set -euo pipefail;  Rscript /sc/orga/projects/va-biobank/Veera/genie/modules/predixcan/novel/novel.R Sig_genes_for_traits/cIMT_PLQ /sc/orga/projects/va-biobank/Veera/genie//resources/predixcan/gencode.v27.build37.txt genie_novel/test2/test2_intermediatefiles/cIMT_PLQ.out ' returned non-zero exit status 1.
  File "/sc/orga/projects/va-biobank/Veera/genie/modules/predixcan/novel/novel.snake", line 33, in __rule_novel_one
  File "/hpc/users/xrajagv01/.conda/envs/genie/lib/python3.6/concurrent/futures/thread.py", line 56, in run
Job failed, going on with independent jobs.

rule novel_one:
    input: Sig_genes_for_traits/ASD, /sc/orga/projects/va-biobank/Veera/genie//resources/predixcan/gencode.v27.build37.txt
    output: genie_novel/test2/test2_intermediatefiles/ASD.out
    jobid: 34
    wildcards: gwas=ASD

Finished job 34.
2 of 9 steps (22%) done

rule novel_one:
    input: Sig_genes_for_traits/NEUROTICISM, /sc/orga/projects/va-biobank/Veera/genie//resources/predixcan/gencode.v27.build37.txt
    output: genie_novel/test2/test2_intermediatefiles/NEUROTICISM.out
    jobid: 46
    wildcards: gwas=NEUROTICISM

    Error in rule novel_one:
        jobid: 46
        output: genie_novel/test2/test2_intermediatefiles/NEUROTICISM.out

RuleException:
CalledProcessError in line 33 of /sc/orga/projects/va-biobank/Veera/genie/modules/predixcan/novel/novel.snake:
Command ' set -euo pipefail;  Rscript /sc/orga/projects/va-biobank/Veera/genie/modules/predixcan/novel/novel.R Sig_genes_for_traits/NEUROTICISM /sc/orga/projects/va-biobank/Veera/genie//resources/predixcan/gencode.v27.build37.txt genie_novel/test2/test2_intermediatefiles/NEUROTICISM.out ' returned non-zero exit status 1.
  File "/sc/orga/projects/va-biobank/Veera/genie/modules/predixcan/novel/novel.snake", line 33, in __rule_novel_one
  File "/hpc/users/xrajagv01/.conda/envs/genie/lib/python3.6/concurrent/futures/thread.py", line 56, in run
Job failed, going on with independent jobs.
Exiting because a job execution failed. Look above for error message
Complete log: /sc/orga/projects/va-biobank/Veera/genie/modules/predixcan/novel/temp/.snakemake/log/2018-09-06T082600.603848.snakemake.log
