Building DAG of jobs...
File path /sc/orga/projects/va-biobank/Veera/genie//resources/predixcan/gencode.v27.build37.txt contains double '/'. This is likely unintended. It can also lead to inconsistent results of the file-matching approach used by Snakemake.
File path /sc/orga/projects/va-biobank/Veera/genie//resources/predixcan/gencode.v27.build37.txt contains double '/'. This is likely unintended. It can also lead to inconsistent results of the file-matching approach used by Snakemake.
File path /sc/orga/projects/va-biobank/Veera/genie//resources/predixcan/gencode.v27.build37.txt contains double '/'. This is likely unintended. It can also lead to inconsistent results of the file-matching approach used by Snakemake.
File path /sc/orga/projects/va-biobank/Veera/genie//resources/predixcan/gencode.v27.build37.txt contains double '/'. This is likely unintended. It can also lead to inconsistent results of the file-matching approach used by Snakemake.
File path /sc/orga/projects/va-biobank/Veera/genie//resources/predixcan/gencode.v27.build37.txt contains double '/'. This is likely unintended. It can also lead to inconsistent results of the file-matching approach used by Snakemake.
File path /sc/orga/projects/va-biobank/Veera/genie//resources/predixcan/gencode.v27.build37.txt contains double '/'. This is likely unintended. It can also lead to inconsistent results of the file-matching approach used by Snakemake.
File path /sc/orga/projects/va-biobank/Veera/genie//resources/predixcan/gencode.v27.build37.txt contains double '/'. This is likely unintended. It can also lead to inconsistent results of the file-matching approach used by Snakemake.
File path /sc/orga/projects/va-biobank/Veera/genie//resources/predixcan/gencode.v27.build37.txt contains double '/'. This is likely unintended. It can also lead to inconsistent results of the file-matching approach used by Snakemake.
File path /sc/orga/projects/va-biobank/Veera/genie//resources/predixcan/gencode.v27.build37.txt contains double '/'. This is likely unintended. It can also lead to inconsistent results of the file-matching approach used by Snakemake.
File path /sc/orga/projects/va-biobank/Veera/genie//resources/predixcan/gencode.v27.build37.txt contains double '/'. This is likely unintended. It can also lead to inconsistent results of the file-matching approach used by Snakemake.
File path /sc/orga/projects/va-biobank/Veera/genie//resources/predixcan/gencode.v27.build37.txt contains double '/'. This is likely unintended. It can also lead to inconsistent results of the file-matching approach used by Snakemake.
File path /sc/orga/projects/va-biobank/Veera/genie//resources/predixcan/gencode.v27.build37.txt contains double '/'. This is likely unintended. It can also lead to inconsistent results of the file-matching approach used by Snakemake.
File path /sc/orga/projects/va-biobank/Veera/genie//resources/predixcan/gencode.v27.build37.txt contains double '/'. This is likely unintended. It can also lead to inconsistent results of the file-matching approach used by Snakemake.
File path /sc/orga/projects/va-biobank/Veera/genie//resources/predixcan/gencode.v27.build37.txt contains double '/'. This is likely unintended. It can also lead to inconsistent results of the file-matching approach used by Snakemake.
File path /sc/orga/projects/va-biobank/Veera/genie//resources/predixcan/gencode.v27.build37.txt contains double '/'. This is likely unintended. It can also lead to inconsistent results of the file-matching approach used by Snakemake.
File path /sc/orga/projects/va-biobank/Veera/genie//resources/predixcan/gencode.v27.build37.txt contains double '/'. This is likely unintended. It can also lead to inconsistent results of the file-matching approach used by Snakemake.
File path /sc/orga/projects/va-biobank/Veera/genie//resources/predixcan/gencode.v27.build37.txt contains double '/'. This is likely unintended. It can also lead to inconsistent results of the file-matching approach used by Snakemake.
File path /sc/orga/projects/va-biobank/Veera/genie//resources/predixcan/gencode.v27.build37.txt contains double '/'. This is likely unintended. It can also lead to inconsistent results of the file-matching approach used by Snakemake.
File path /sc/orga/projects/va-biobank/Veera/genie//resources/predixcan/gencode.v27.build37.txt contains double '/'. This is likely unintended. It can also lead to inconsistent results of the file-matching approach used by Snakemake.
File path /sc/orga/projects/va-biobank/Veera/genie//resources/predixcan/gencode.v27.build37.txt contains double '/'. This is likely unintended. It can also lead to inconsistent results of the file-matching approach used by Snakemake.
File path /sc/orga/projects/va-biobank/Veera/genie//resources/predixcan/gencode.v27.build37.txt contains double '/'. This is likely unintended. It can also lead to inconsistent results of the file-matching approach used by Snakemake.
File path /sc/orga/projects/va-biobank/Veera/genie//resources/predixcan/gencode.v27.build37.txt contains double '/'. This is likely unintended. It can also lead to inconsistent results of the file-matching approach used by Snakemake.
File path /sc/orga/projects/va-biobank/Veera/genie//resources/predixcan/gencode.v27.build37.txt contains double '/'. This is likely unintended. It can also lead to inconsistent results of the file-matching approach used by Snakemake.
File path /sc/orga/projects/va-biobank/Veera/genie//resources/predixcan/gencode.v27.build37.txt contains double '/'. This is likely unintended. It can also lead to inconsistent results of the file-matching approach used by Snakemake.
File path /sc/orga/projects/va-biobank/Veera/genie//resources/predixcan/gencode.v27.build37.txt contains double '/'. This is likely unintended. It can also lead to inconsistent results of the file-matching approach used by Snakemake.
File path /sc/orga/projects/va-biobank/Veera/genie//resources/predixcan/gencode.v27.build37.txt contains double '/'. This is likely unintended. It can also lead to inconsistent results of the file-matching approach used by Snakemake.
File path /sc/orga/projects/va-biobank/Veera/genie//resources/predixcan/gencode.v27.build37.txt contains double '/'. This is likely unintended. It can also lead to inconsistent results of the file-matching approach used by Snakemake.
File path /sc/orga/projects/va-biobank/Veera/genie//resources/predixcan/gencode.v27.build37.txt contains double '/'. This is likely unintended. It can also lead to inconsistent results of the file-matching approach used by Snakemake.
File path /sc/orga/projects/va-biobank/Veera/genie//resources/predixcan/gencode.v27.build37.txt contains double '/'. This is likely unintended. It can also lead to inconsistent results of the file-matching approach used by Snakemake.
File path /sc/orga/projects/va-biobank/Veera/genie//resources/predixcan/gencode.v27.build37.txt contains double '/'. This is likely unintended. It can also lead to inconsistent results of the file-matching approach used by Snakemake.
File path /sc/orga/projects/va-biobank/Veera/genie//resources/predixcan/gencode.v27.build37.txt contains double '/'. This is likely unintended. It can also lead to inconsistent results of the file-matching approach used by Snakemake.
File path /sc/orga/projects/va-biobank/Veera/genie//resources/predixcan/gencode.v27.build37.txt contains double '/'. This is likely unintended. It can also lead to inconsistent results of the file-matching approach used by Snakemake.
File path /sc/orga/projects/va-biobank/Veera/genie//resources/predixcan/gencode.v27.build37.txt contains double '/'. This is likely unintended. It can also lead to inconsistent results of the file-matching approach used by Snakemake.
File path /sc/orga/projects/va-biobank/Veera/genie//resources/predixcan/gencode.v27.build37.txt contains double '/'. This is likely unintended. It can also lead to inconsistent results of the file-matching approach used by Snakemake.
File path /sc/orga/projects/va-biobank/Veera/genie//resources/predixcan/gencode.v27.build37.txt contains double '/'. This is likely unintended. It can also lead to inconsistent results of the file-matching approach used by Snakemake.
File path /sc/orga/projects/va-biobank/Veera/genie//resources/predixcan/gencode.v27.build37.txt contains double '/'. This is likely unintended. It can also lead to inconsistent results of the file-matching approach used by Snakemake.
File path /sc/orga/projects/va-biobank/Veera/genie//resources/predixcan/gencode.v27.build37.txt contains double '/'. This is likely unintended. It can also lead to inconsistent results of the file-matching approach used by Snakemake.
File path /sc/orga/projects/va-biobank/Veera/genie//resources/predixcan/gencode.v27.build37.txt contains double '/'. This is likely unintended. It can also lead to inconsistent results of the file-matching approach used by Snakemake.
File path /sc/orga/projects/va-biobank/Veera/genie//resources/predixcan/gencode.v27.build37.txt contains double '/'. This is likely unintended. It can also lead to inconsistent results of the file-matching approach used by Snakemake.
File path /sc/orga/projects/va-biobank/Veera/genie//resources/predixcan/gencode.v27.build37.txt contains double '/'. This is likely unintended. It can also lead to inconsistent results of the file-matching approach used by Snakemake.
File path /sc/orga/projects/va-biobank/Veera/genie//resources/predixcan/gencode.v27.build37.txt contains double '/'. This is likely unintended. It can also lead to inconsistent results of the file-matching approach used by Snakemake.
File path /sc/orga/projects/va-biobank/Veera/genie//resources/predixcan/gencode.v27.build37.txt contains double '/'. This is likely unintended. It can also lead to inconsistent results of the file-matching approach used by Snakemake.
File path /sc/orga/projects/va-biobank/Veera/genie//resources/predixcan/gencode.v27.build37.txt contains double '/'. This is likely unintended. It can also lead to inconsistent results of the file-matching approach used by Snakemake.
File path /sc/orga/projects/va-biobank/Veera/genie//resources/predixcan/gencode.v27.build37.txt contains double '/'. This is likely unintended. It can also lead to inconsistent results of the file-matching approach used by Snakemake.
File path /sc/orga/projects/va-biobank/Veera/genie//resources/predixcan/gencode.v27.build37.txt contains double '/'. This is likely unintended. It can also lead to inconsistent results of the file-matching approach used by Snakemake.
File path /sc/orga/projects/va-biobank/Veera/genie//resources/predixcan/gencode.v27.build37.txt contains double '/'. This is likely unintended. It can also lead to inconsistent results of the file-matching approach used by Snakemake.
Using shell: /bin/bash
Provided cores: 1
Rules claiming more threads will be scaled down.
Job counts:
	count	jobs
	1	novel_all
	45	novel_one
	1	novel_two
	47

rule novel_one:
    input: Sig_genes_for_traits/PGC2_SCZ, /sc/orga/projects/va-biobank/Veera/genie//resources/predixcan/gencode.v27.build37.txt
    output: genie_novel/test2/test2_intermediatefiles/PGC2_SCZ.out
    jobid: 39
    wildcards: gwas=PGC2_SCZ

Finished job 39.
1 of 47 steps (2%) done

rule novel_one:
    input: Sig_genes_for_traits/EduYears, /sc/orga/projects/va-biobank/Veera/genie//resources/predixcan/gencode.v27.build37.txt
    output: genie_novel/test2/test2_intermediatefiles/EduYears.out
    jobid: 19
    wildcards: gwas=EduYears

    Error in rule novel_one:
        jobid: 19
        output: genie_novel/test2/test2_intermediatefiles/EduYears.out

RuleException:
CalledProcessError in line 33 of /sc/orga/projects/va-biobank/Veera/genie/modules/predixcan/novel/novel.snake:
Command ' set -euo pipefail;  Rscript /sc/orga/projects/va-biobank/Veera/genie/modules/predixcan/novel/novel.R Sig_genes_for_traits/EduYears /sc/orga/projects/va-biobank/Veera/genie//resources/predixcan/gencode.v27.build37.txt genie_novel/test2/test2_intermediatefiles/EduYears.out ' returned non-zero exit status 1.
  File "/sc/orga/projects/va-biobank/Veera/genie/modules/predixcan/novel/novel.snake", line 33, in __rule_novel_one
  File "/hpc/users/xrajagv01/.conda/envs/genie/lib/python3.6/concurrent/futures/thread.py", line 56, in run
Job failed, going on with independent jobs.

rule novel_one:
    input: Sig_genes_for_traits/LIPIDS_TC, /sc/orga/projects/va-biobank/Veera/genie//resources/predixcan/gencode.v27.build37.txt
    output: genie_novel/test2/test2_intermediatefiles/LIPIDS_TC.out
    jobid: 21
    wildcards: gwas=LIPIDS_TC

Finished job 21.
2 of 47 steps (4%) done

rule novel_one:
    input: Sig_genes_for_traits/LIPIDS_HDL, /sc/orga/projects/va-biobank/Veera/genie//resources/predixcan/gencode.v27.build37.txt
    output: genie_novel/test2/test2_intermediatefiles/LIPIDS_HDL.out
    jobid: 13
    wildcards: gwas=LIPIDS_HDL

Finished job 13.
3 of 47 steps (6%) done

rule novel_one:
    input: Sig_genes_for_traits/WellBeing_Neuroticism, /sc/orga/projects/va-biobank/Veera/genie//resources/predixcan/gencode.v27.build37.txt
    output: genie_novel/test2/test2_intermediatefiles/WellBeing_Neuroticism.out
    jobid: 1
    wildcards: gwas=WellBeing_Neuroticism

Finished job 1.
4 of 47 steps (9%) done

rule novel_one:
    input: Sig_genes_for_traits/LIPIDS_LDL, /sc/orga/projects/va-biobank/Veera/genie//resources/predixcan/gencode.v27.build37.txt
    output: genie_novel/test2/test2_intermediatefiles/LIPIDS_LDL.out
    jobid: 6
    wildcards: gwas=LIPIDS_LDL

Finished job 6.
5 of 47 steps (11%) done

rule novel_one:
    input: Sig_genes_for_traits/LIPIDS_TG, /sc/orga/projects/va-biobank/Veera/genie//resources/predixcan/gencode.v27.build37.txt
    output: genie_novel/test2/test2_intermediatefiles/LIPIDS_TG.out
    jobid: 26
    wildcards: gwas=LIPIDS_TG

Finished job 26.
6 of 47 steps (13%) done

rule novel_one:
    input: Sig_genes_for_traits/MENARCHE, /sc/orga/projects/va-biobank/Veera/genie//resources/predixcan/gencode.v27.build37.txt
    output: genie_novel/test2/test2_intermediatefiles/MENARCHE.out
    jobid: 37
    wildcards: gwas=MENARCHE

Finished job 37.
7 of 47 steps (15%) done

rule novel_one:
    input: Sig_genes_for_traits/CAD_ADD, /sc/orga/projects/va-biobank/Veera/genie//resources/predixcan/gencode.v27.build37.txt
    output: genie_novel/test2/test2_intermediatefiles/CAD_ADD.out
    jobid: 17
    wildcards: gwas=CAD_ADD

Finished job 17.
8 of 47 steps (17%) done

rule novel_one:
    input: Sig_genes_for_traits/RA, /sc/orga/projects/va-biobank/Veera/genie//resources/predixcan/gencode.v27.build37.txt
    output: genie_novel/test2/test2_intermediatefiles/RA.out
    jobid: 38
    wildcards: gwas=RA

Finished job 38.
9 of 47 steps (19%) done

rule novel_one:
    input: Sig_genes_for_traits/GIANT_HIPadjBMI, /sc/orga/projects/va-biobank/Veera/genie//resources/predixcan/gencode.v27.build37.txt
    output: genie_novel/test2/test2_intermediatefiles/GIANT_HIPadjBMI.out
    jobid: 4
    wildcards: gwas=GIANT_HIPadjBMI

Finished job 4.
10 of 47 steps (21%) done

rule novel_one:
    input: Sig_genes_for_traits/BMI, /sc/orga/projects/va-biobank/Veera/genie//resources/predixcan/gencode.v27.build37.txt
    output: genie_novel/test2/test2_intermediatefiles/BMI.out
    jobid: 40
    wildcards: gwas=BMI

Finished job 40.
11 of 47 steps (23%) done

rule novel_one:
    input: Sig_genes_for_traits/eGFRcrea, /sc/orga/projects/va-biobank/Veera/genie//resources/predixcan/gencode.v27.build37.txt
    output: genie_novel/test2/test2_intermediatefiles/eGFRcrea.out
    jobid: 46
    wildcards: gwas=eGFRcrea

Finished job 46.
12 of 47 steps (26%) done

rule novel_one:
    input: Sig_genes_for_traits/MENOPAUSE, /sc/orga/projects/va-biobank/Veera/genie//resources/predixcan/gencode.v27.build37.txt
    output: genie_novel/test2/test2_intermediatefiles/MENOPAUSE.out
    jobid: 7
    wildcards: gwas=MENOPAUSE

Finished job 7.
13 of 47 steps (28%) done

rule novel_one:
    input: Sig_genes_for_traits/MI_ADD, /sc/orga/projects/va-biobank/Veera/genie//resources/predixcan/gencode.v27.build37.txt
    output: genie_novel/test2/test2_intermediatefiles/MI_ADD.out
    jobid: 2
    wildcards: gwas=MI_ADD

Finished job 2.
14 of 47 steps (30%) done

rule novel_one:
    input: Sig_genes_for_traits/GIANT_WCadjBMI, /sc/orga/projects/va-biobank/Veera/genie//resources/predixcan/gencode.v27.build37.txt
    output: genie_novel/test2/test2_intermediatefiles/GIANT_WCadjBMI.out
    jobid: 3
    wildcards: gwas=GIANT_WCadjBMI

Finished job 3.
15 of 47 steps (32%) done

rule novel_one:
    input: Sig_genes_for_traits/GIANT_WC, /sc/orga/projects/va-biobank/Veera/genie//resources/predixcan/gencode.v27.build37.txt
    output: genie_novel/test2/test2_intermediatefiles/GIANT_WC.out
    jobid: 42
    wildcards: gwas=GIANT_WC

Finished job 42.
16 of 47 steps (34%) done

rule novel_one:
    input: Sig_genes_for_traits/AD, /sc/orga/projects/va-biobank/Veera/genie//resources/predixcan/gencode.v27.build37.txt
    output: genie_novel/test2/test2_intermediatefiles/AD.out
    jobid: 23
    wildcards: gwas=AD

Finished job 23.
17 of 47 steps (36%) done

rule novel_one:
    input: Sig_genes_for_traits/GIANT_WHRadjBMI, /sc/orga/projects/va-biobank/Veera/genie//resources/predixcan/gencode.v27.build37.txt
    output: genie_novel/test2/test2_intermediatefiles/GIANT_WHRadjBMI.out
    jobid: 33
    wildcards: gwas=GIANT_WHRadjBMI

Finished job 33.
18 of 47 steps (38%) done

rule novel_one:
    input: Sig_genes_for_traits/GIANT_WHR, /sc/orga/projects/va-biobank/Veera/genie//resources/predixcan/gencode.v27.build37.txt
    output: genie_novel/test2/test2_intermediatefiles/GIANT_WHR.out
    jobid: 27
    wildcards: gwas=GIANT_WHR

Finished job 27.
19 of 47 steps (40%) done

rule novel_one:
    input: Sig_genes_for_traits/Man_FastingGlucose, /sc/orga/projects/va-biobank/Veera/genie//resources/predixcan/gencode.v27.build37.txt
    output: genie_novel/test2/test2_intermediatefiles/Man_FastingGlucose.out
    jobid: 15
    wildcards: gwas=Man_FastingGlucose

Finished job 15.
20 of 47 steps (43%) done

rule novel_one:
    input: Sig_genes_for_traits/EGG_BMI, /sc/orga/projects/va-biobank/Veera/genie//resources/predixcan/gencode.v27.build37.txt
    output: genie_novel/test2/test2_intermediatefiles/EGG_BMI.out
    jobid: 20
    wildcards: gwas=EGG_BMI

Finished job 20.
21 of 47 steps (45%) done

rule novel_one:
    input: Sig_genes_for_traits/FastingGlucose, /sc/orga/projects/va-biobank/Veera/genie//resources/predixcan/gencode.v27.build37.txt
    output: genie_novel/test2/test2_intermediatefiles/FastingGlucose.out
    jobid: 30
    wildcards: gwas=FastingGlucose

Finished job 30.
22 of 47 steps (47%) done

rule novel_one:
    input: Sig_genes_for_traits/iPSYCH_ADHD_EUR, /sc/orga/projects/va-biobank/Veera/genie//resources/predixcan/gencode.v27.build37.txt
    output: genie_novel/test2/test2_intermediatefiles/iPSYCH_ADHD_EUR.out
    jobid: 36
    wildcards: gwas=iPSYCH_ADHD_EUR

Finished job 36.
23 of 47 steps (49%) done

rule novel_one:
    input: Sig_genes_for_traits/iPSYCH_ADHD, /sc/orga/projects/va-biobank/Veera/genie//resources/predixcan/gencode.v27.build37.txt
    output: genie_novel/test2/test2_intermediatefiles/iPSYCH_ADHD.out
    jobid: 32
    wildcards: gwas=iPSYCH_ADHD

    Error in rule novel_one:
        jobid: 32
        output: genie_novel/test2/test2_intermediatefiles/iPSYCH_ADHD.out

RuleException:
CalledProcessError in line 33 of /sc/orga/projects/va-biobank/Veera/genie/modules/predixcan/novel/novel.snake:
Command ' set -euo pipefail;  Rscript /sc/orga/projects/va-biobank/Veera/genie/modules/predixcan/novel/novel.R Sig_genes_for_traits/iPSYCH_ADHD /sc/orga/projects/va-biobank/Veera/genie//resources/predixcan/gencode.v27.build37.txt genie_novel/test2/test2_intermediatefiles/iPSYCH_ADHD.out ' returned non-zero exit status 1.
  File "/sc/orga/projects/va-biobank/Veera/genie/modules/predixcan/novel/novel.snake", line 33, in __rule_novel_one
  File "/hpc/users/xrajagv01/.conda/envs/genie/lib/python3.6/concurrent/futures/thread.py", line 56, in run
Job failed, going on with independent jobs.

rule novel_one:
    input: Sig_genes_for_traits/T2D, /sc/orga/projects/va-biobank/Veera/genie//resources/predixcan/gencode.v27.build37.txt
    output: genie_novel/test2/test2_intermediatefiles/T2D.out
    jobid: 29
    wildcards: gwas=T2D

Finished job 29.
24 of 47 steps (51%) done

rule novel_one:
    input: Sig_genes_for_traits/cIMT, /sc/orga/projects/va-biobank/Veera/genie//resources/predixcan/gencode.v27.build37.txt
    output: genie_novel/test2/test2_intermediatefiles/cIMT.out
    jobid: 8
    wildcards: gwas=cIMT

    Error in rule novel_one:
        jobid: 8
        output: genie_novel/test2/test2_intermediatefiles/cIMT.out

RuleException:
CalledProcessError in line 33 of /sc/orga/projects/va-biobank/Veera/genie/modules/predixcan/novel/novel.snake:
Command ' set -euo pipefail;  Rscript /sc/orga/projects/va-biobank/Veera/genie/modules/predixcan/novel/novel.R Sig_genes_for_traits/cIMT /sc/orga/projects/va-biobank/Veera/genie//resources/predixcan/gencode.v27.build37.txt genie_novel/test2/test2_intermediatefiles/cIMT.out ' returned non-zero exit status 1.
  File "/sc/orga/projects/va-biobank/Veera/genie/modules/predixcan/novel/novel.snake", line 33, in __rule_novel_one
  File "/hpc/users/xrajagv01/.conda/envs/genie/lib/python3.6/concurrent/futures/thread.py", line 56, in run
Job failed, going on with independent jobs.

rule novel_one:
    input: Sig_genes_for_traits/EGG_OBESITY, /sc/orga/projects/va-biobank/Veera/genie//resources/predixcan/gencode.v27.build37.txt
    output: genie_novel/test2/test2_intermediatefiles/EGG_OBESITY.out
    jobid: 41
    wildcards: gwas=EGG_OBESITY

Finished job 41.
25 of 47 steps (53%) done

rule novel_one:
    input: Sig_genes_for_traits/HBA1C, /sc/orga/projects/va-biobank/Veera/genie//resources/predixcan/gencode.v27.build37.txt
    output: genie_novel/test2/test2_intermediatefiles/HBA1C.out
    jobid: 10
    wildcards: gwas=HBA1C

Finished job 10.
26 of 47 steps (55%) done

rule novel_one:
    input: Sig_genes_for_traits/CAD_REC, /sc/orga/projects/va-biobank/Veera/genie//resources/predixcan/gencode.v27.build37.txt
    output: genie_novel/test2/test2_intermediatefiles/CAD_REC.out
    jobid: 11
    wildcards: gwas=CAD_REC

    Error in rule novel_one:
        jobid: 11
        output: genie_novel/test2/test2_intermediatefiles/CAD_REC.out

RuleException:
CalledProcessError in line 33 of /sc/orga/projects/va-biobank/Veera/genie/modules/predixcan/novel/novel.snake:
Command ' set -euo pipefail;  Rscript /sc/orga/projects/va-biobank/Veera/genie/modules/predixcan/novel/novel.R Sig_genes_for_traits/CAD_REC /sc/orga/projects/va-biobank/Veera/genie//resources/predixcan/gencode.v27.build37.txt genie_novel/test2/test2_intermediatefiles/CAD_REC.out ' returned non-zero exit status 1.
  File "/sc/orga/projects/va-biobank/Veera/genie/modules/predixcan/novel/novel.snake", line 33, in __rule_novel_one
  File "/hpc/users/xrajagv01/.conda/envs/genie/lib/python3.6/concurrent/futures/thread.py", line 56, in run
Job failed, going on with independent jobs.

rule novel_one:
    input: Sig_genes_for_traits/HOMAB, /sc/orga/projects/va-biobank/Veera/genie//resources/predixcan/gencode.v27.build37.txt
    output: genie_novel/test2/test2_intermediatefiles/HOMAB.out
    jobid: 35
    wildcards: gwas=HOMAB

Finished job 35.
27 of 47 steps (57%) done

rule novel_one:
    input: Sig_genes_for_traits/CKD_smr, /sc/orga/projects/va-biobank/Veera/genie//resources/predixcan/gencode.v27.build37.txt
    output: genie_novel/test2/test2_intermediatefiles/CKD_smr.out
    jobid: 12
    wildcards: gwas=CKD_smr

Finished job 12.
28 of 47 steps (60%) done

rule novel_one:
    input: Sig_genes_for_traits/iPSYCH_ASD, /sc/orga/projects/va-biobank/Veera/genie//resources/predixcan/gencode.v27.build37.txt
    output: genie_novel/test2/test2_intermediatefiles/iPSYCH_ASD.out
    jobid: 34
    wildcards: gwas=iPSYCH_ASD

Finished job 34.
29 of 47 steps (62%) done

rule novel_one:
    input: Sig_genes_for_traits/ANX_FS, /sc/orga/projects/va-biobank/Veera/genie//resources/predixcan/gencode.v27.build37.txt
    output: genie_novel/test2/test2_intermediatefiles/ANX_FS.out
    jobid: 44
    wildcards: gwas=ANX_FS

Finished job 44.
30 of 47 steps (64%) done

rule novel_one:
    input: Sig_genes_for_traits/Man_FastingInsulin, /sc/orga/projects/va-biobank/Veera/genie//resources/predixcan/gencode.v27.build37.txt
    output: genie_novel/test2/test2_intermediatefiles/Man_FastingInsulin.out
    jobid: 16
    wildcards: gwas=Man_FastingInsulin

Finished job 16.
31 of 47 steps (66%) done

rule novel_one:
    input: Sig_genes_for_traits/EGG_BL, /sc/orga/projects/va-biobank/Veera/genie//resources/predixcan/gencode.v27.build37.txt
    output: genie_novel/test2/test2_intermediatefiles/EGG_BL.out
    jobid: 45
    wildcards: gwas=EGG_BL

Finished job 45.
32 of 47 steps (68%) done

rule novel_one:
    input: Sig_genes_for_traits/WellBeing_DS, /sc/orga/projects/va-biobank/Veera/genie//resources/predixcan/gencode.v27.build37.txt
    output: genie_novel/test2/test2_intermediatefiles/WellBeing_DS.out
    jobid: 24
    wildcards: gwas=WellBeing_DS

Finished job 24.
33 of 47 steps (70%) done

rule novel_one:
    input: Sig_genes_for_traits/WellBeing_SWB, /sc/orga/projects/va-biobank/Veera/genie//resources/predixcan/gencode.v27.build37.txt
    output: genie_novel/test2/test2_intermediatefiles/WellBeing_SWB.out
    jobid: 28
    wildcards: gwas=WellBeing_SWB

Finished job 28.
34 of 47 steps (72%) done

rule novel_one:
    input: Sig_genes_for_traits/ANX_CC, /sc/orga/projects/va-biobank/Veera/genie//resources/predixcan/gencode.v27.build37.txt
    output: genie_novel/test2/test2_intermediatefiles/ANX_CC.out
    jobid: 25
    wildcards: gwas=ANX_CC

Finished job 25.
35 of 47 steps (74%) done

rule novel_one:
    input: Sig_genes_for_traits/UACR, /sc/orga/projects/va-biobank/Veera/genie//resources/predixcan/gencode.v27.build37.txt
    output: genie_novel/test2/test2_intermediatefiles/UACR.out
    jobid: 9
    wildcards: gwas=UACR

Finished job 9.
36 of 47 steps (77%) done

rule novel_one:
    input: Sig_genes_for_traits/Glucose_BMI, /sc/orga/projects/va-biobank/Veera/genie//resources/predixcan/gencode.v27.build37.txt
    output: genie_novel/test2/test2_intermediatefiles/Glucose_BMI.out
    jobid: 18
    wildcards: gwas=Glucose_BMI

Finished job 18.
37 of 47 steps (79%) done

rule novel_one:
    input: Sig_genes_for_traits/MA, /sc/orga/projects/va-biobank/Veera/genie//resources/predixcan/gencode.v27.build37.txt
    output: genie_novel/test2/test2_intermediatefiles/MA.out
    jobid: 14
    wildcards: gwas=MA

Finished job 14.
38 of 47 steps (81%) done

rule novel_one:
    input: Sig_genes_for_traits/cIMT_PLQ, /sc/orga/projects/va-biobank/Veera/genie//resources/predixcan/gencode.v27.build37.txt
    output: genie_novel/test2/test2_intermediatefiles/cIMT_PLQ.out
    jobid: 43
    wildcards: gwas=cIMT_PLQ

    Error in rule novel_one:
        jobid: 43
        output: genie_novel/test2/test2_intermediatefiles/cIMT_PLQ.out

RuleException:
CalledProcessError in line 33 of /sc/orga/projects/va-biobank/Veera/genie/modules/predixcan/novel/novel.snake:
Command ' set -euo pipefail;  Rscript /sc/orga/projects/va-biobank/Veera/genie/modules/predixcan/novel/novel.R Sig_genes_for_traits/cIMT_PLQ /sc/orga/projects/va-biobank/Veera/genie//resources/predixcan/gencode.v27.build37.txt genie_novel/test2/test2_intermediatefiles/cIMT_PLQ.out ' returned non-zero exit status 1.
  File "/sc/orga/projects/va-biobank/Veera/genie/modules/predixcan/novel/novel.snake", line 33, in __rule_novel_one
  File "/hpc/users/xrajagv01/.conda/envs/genie/lib/python3.6/concurrent/futures/thread.py", line 56, in run
Job failed, going on with independent jobs.

rule novel_one:
    input: Sig_genes_for_traits/ASD, /sc/orga/projects/va-biobank/Veera/genie//resources/predixcan/gencode.v27.build37.txt
    output: genie_novel/test2/test2_intermediatefiles/ASD.out
    jobid: 47
    wildcards: gwas=ASD

    Error in rule novel_one:
        jobid: 47
        output: genie_novel/test2/test2_intermediatefiles/ASD.out

RuleException:
CalledProcessError in line 33 of /sc/orga/projects/va-biobank/Veera/genie/modules/predixcan/novel/novel.snake:
Command ' set -euo pipefail;  Rscript /sc/orga/projects/va-biobank/Veera/genie/modules/predixcan/novel/novel.R Sig_genes_for_traits/ASD /sc/orga/projects/va-biobank/Veera/genie//resources/predixcan/gencode.v27.build37.txt genie_novel/test2/test2_intermediatefiles/ASD.out ' returned non-zero exit status 1.
  File "/sc/orga/projects/va-biobank/Veera/genie/modules/predixcan/novel/novel.snake", line 33, in __rule_novel_one
  File "/hpc/users/xrajagv01/.conda/envs/genie/lib/python3.6/concurrent/futures/thread.py", line 56, in run
Job failed, going on with independent jobs.

rule novel_one:
    input: Sig_genes_for_traits/NEUROTICISM, /sc/orga/projects/va-biobank/Veera/genie//resources/predixcan/gencode.v27.build37.txt
    output: genie_novel/test2/test2_intermediatefiles/NEUROTICISM.out
    jobid: 31
    wildcards: gwas=NEUROTICISM

    Error in rule novel_one:
        jobid: 31
        output: genie_novel/test2/test2_intermediatefiles/NEUROTICISM.out

RuleException:
CalledProcessError in line 33 of /sc/orga/projects/va-biobank/Veera/genie/modules/predixcan/novel/novel.snake:
Command ' set -euo pipefail;  Rscript /sc/orga/projects/va-biobank/Veera/genie/modules/predixcan/novel/novel.R Sig_genes_for_traits/NEUROTICISM /sc/orga/projects/va-biobank/Veera/genie//resources/predixcan/gencode.v27.build37.txt genie_novel/test2/test2_intermediatefiles/NEUROTICISM.out ' returned non-zero exit status 1.
  File "/sc/orga/projects/va-biobank/Veera/genie/modules/predixcan/novel/novel.snake", line 33, in __rule_novel_one
  File "/hpc/users/xrajagv01/.conda/envs/genie/lib/python3.6/concurrent/futures/thread.py", line 56, in run
Job failed, going on with independent jobs.
Exiting because a job execution failed. Look above for error message
Complete log: /sc/orga/projects/va-biobank/Veera/genie/modules/predixcan/novel/temp/.snakemake/log/2018-09-06T081610.910779.snakemake.log
