Building DAG of jobs...
File path /sc/orga/projects/va-biobank/Veera/genie//resources/predixcan/gencode.v27.build37.txt contains double '/'. This is likely unintended. It can also lead to inconsistent results of the file-matching approach used by Snakemake.
File path /sc/orga/projects/va-biobank/Veera/genie//resources/predixcan/gencode.v27.build37.txt contains double '/'. This is likely unintended. It can also lead to inconsistent results of the file-matching approach used by Snakemake.
File path /sc/orga/projects/va-biobank/Veera/genie//resources/predixcan/gencode.v27.build37.txt contains double '/'. This is likely unintended. It can also lead to inconsistent results of the file-matching approach used by Snakemake.
File path /sc/orga/projects/va-biobank/Veera/genie//resources/predixcan/gencode.v27.build37.txt contains double '/'. This is likely unintended. It can also lead to inconsistent results of the file-matching approach used by Snakemake.
File path /sc/orga/projects/va-biobank/Veera/genie//resources/predixcan/gencode.v27.build37.txt contains double '/'. This is likely unintended. It can also lead to inconsistent results of the file-matching approach used by Snakemake.
File path /sc/orga/projects/va-biobank/Veera/genie//resources/predixcan/gencode.v27.build37.txt contains double '/'. This is likely unintended. It can also lead to inconsistent results of the file-matching approach used by Snakemake.
File path /sc/orga/projects/va-biobank/Veera/genie//resources/predixcan/gencode.v27.build37.txt contains double '/'. This is likely unintended. It can also lead to inconsistent results of the file-matching approach used by Snakemake.
File path /sc/orga/projects/va-biobank/Veera/genie//resources/predixcan/gencode.v27.build37.txt contains double '/'. This is likely unintended. It can also lead to inconsistent results of the file-matching approach used by Snakemake.
File path /sc/orga/projects/va-biobank/Veera/genie//resources/predixcan/gencode.v27.build37.txt contains double '/'. This is likely unintended. It can also lead to inconsistent results of the file-matching approach used by Snakemake.
File path /sc/orga/projects/va-biobank/Veera/genie//resources/predixcan/gencode.v27.build37.txt contains double '/'. This is likely unintended. It can also lead to inconsistent results of the file-matching approach used by Snakemake.
File path /sc/orga/projects/va-biobank/Veera/genie//resources/predixcan/gencode.v27.build37.txt contains double '/'. This is likely unintended. It can also lead to inconsistent results of the file-matching approach used by Snakemake.
File path /sc/orga/projects/va-biobank/Veera/genie//resources/predixcan/gencode.v27.build37.txt contains double '/'. This is likely unintended. It can also lead to inconsistent results of the file-matching approach used by Snakemake.
File path /sc/orga/projects/va-biobank/Veera/genie//resources/predixcan/gencode.v27.build37.txt contains double '/'. This is likely unintended. It can also lead to inconsistent results of the file-matching approach used by Snakemake.
File path /sc/orga/projects/va-biobank/Veera/genie//resources/predixcan/gencode.v27.build37.txt contains double '/'. This is likely unintended. It can also lead to inconsistent results of the file-matching approach used by Snakemake.
File path /sc/orga/projects/va-biobank/Veera/genie//resources/predixcan/gencode.v27.build37.txt contains double '/'. This is likely unintended. It can also lead to inconsistent results of the file-matching approach used by Snakemake.
File path /sc/orga/projects/va-biobank/Veera/genie//resources/predixcan/gencode.v27.build37.txt contains double '/'. This is likely unintended. It can also lead to inconsistent results of the file-matching approach used by Snakemake.
File path /sc/orga/projects/va-biobank/Veera/genie//resources/predixcan/gencode.v27.build37.txt contains double '/'. This is likely unintended. It can also lead to inconsistent results of the file-matching approach used by Snakemake.
File path /sc/orga/projects/va-biobank/Veera/genie//resources/predixcan/gencode.v27.build37.txt contains double '/'. This is likely unintended. It can also lead to inconsistent results of the file-matching approach used by Snakemake.
File path /sc/orga/projects/va-biobank/Veera/genie//resources/predixcan/gencode.v27.build37.txt contains double '/'. This is likely unintended. It can also lead to inconsistent results of the file-matching approach used by Snakemake.
File path /sc/orga/projects/va-biobank/Veera/genie//resources/predixcan/gencode.v27.build37.txt contains double '/'. This is likely unintended. It can also lead to inconsistent results of the file-matching approach used by Snakemake.
File path /sc/orga/projects/va-biobank/Veera/genie//resources/predixcan/gencode.v27.build37.txt contains double '/'. This is likely unintended. It can also lead to inconsistent results of the file-matching approach used by Snakemake.
File path /sc/orga/projects/va-biobank/Veera/genie//resources/predixcan/gencode.v27.build37.txt contains double '/'. This is likely unintended. It can also lead to inconsistent results of the file-matching approach used by Snakemake.
File path /sc/orga/projects/va-biobank/Veera/genie//resources/predixcan/gencode.v27.build37.txt contains double '/'. This is likely unintended. It can also lead to inconsistent results of the file-matching approach used by Snakemake.
File path /sc/orga/projects/va-biobank/Veera/genie//resources/predixcan/gencode.v27.build37.txt contains double '/'. This is likely unintended. It can also lead to inconsistent results of the file-matching approach used by Snakemake.
File path /sc/orga/projects/va-biobank/Veera/genie//resources/predixcan/gencode.v27.build37.txt contains double '/'. This is likely unintended. It can also lead to inconsistent results of the file-matching approach used by Snakemake.
File path /sc/orga/projects/va-biobank/Veera/genie//resources/predixcan/gencode.v27.build37.txt contains double '/'. This is likely unintended. It can also lead to inconsistent results of the file-matching approach used by Snakemake.
File path /sc/orga/projects/va-biobank/Veera/genie//resources/predixcan/gencode.v27.build37.txt contains double '/'. This is likely unintended. It can also lead to inconsistent results of the file-matching approach used by Snakemake.
File path /sc/orga/projects/va-biobank/Veera/genie//resources/predixcan/gencode.v27.build37.txt contains double '/'. This is likely unintended. It can also lead to inconsistent results of the file-matching approach used by Snakemake.
File path /sc/orga/projects/va-biobank/Veera/genie//resources/predixcan/gencode.v27.build37.txt contains double '/'. This is likely unintended. It can also lead to inconsistent results of the file-matching approach used by Snakemake.
File path /sc/orga/projects/va-biobank/Veera/genie//resources/predixcan/gencode.v27.build37.txt contains double '/'. This is likely unintended. It can also lead to inconsistent results of the file-matching approach used by Snakemake.
File path /sc/orga/projects/va-biobank/Veera/genie//resources/predixcan/gencode.v27.build37.txt contains double '/'. This is likely unintended. It can also lead to inconsistent results of the file-matching approach used by Snakemake.
File path /sc/orga/projects/va-biobank/Veera/genie//resources/predixcan/gencode.v27.build37.txt contains double '/'. This is likely unintended. It can also lead to inconsistent results of the file-matching approach used by Snakemake.
File path /sc/orga/projects/va-biobank/Veera/genie//resources/predixcan/gencode.v27.build37.txt contains double '/'. This is likely unintended. It can also lead to inconsistent results of the file-matching approach used by Snakemake.
File path /sc/orga/projects/va-biobank/Veera/genie//resources/predixcan/gencode.v27.build37.txt contains double '/'. This is likely unintended. It can also lead to inconsistent results of the file-matching approach used by Snakemake.
File path /sc/orga/projects/va-biobank/Veera/genie//resources/predixcan/gencode.v27.build37.txt contains double '/'. This is likely unintended. It can also lead to inconsistent results of the file-matching approach used by Snakemake.
File path /sc/orga/projects/va-biobank/Veera/genie//resources/predixcan/gencode.v27.build37.txt contains double '/'. This is likely unintended. It can also lead to inconsistent results of the file-matching approach used by Snakemake.
File path /sc/orga/projects/va-biobank/Veera/genie//resources/predixcan/gencode.v27.build37.txt contains double '/'. This is likely unintended. It can also lead to inconsistent results of the file-matching approach used by Snakemake.
File path /sc/orga/projects/va-biobank/Veera/genie//resources/predixcan/gencode.v27.build37.txt contains double '/'. This is likely unintended. It can also lead to inconsistent results of the file-matching approach used by Snakemake.
File path /sc/orga/projects/va-biobank/Veera/genie//resources/predixcan/gencode.v27.build37.txt contains double '/'. This is likely unintended. It can also lead to inconsistent results of the file-matching approach used by Snakemake.
File path /sc/orga/projects/va-biobank/Veera/genie//resources/predixcan/gencode.v27.build37.txt contains double '/'. This is likely unintended. It can also lead to inconsistent results of the file-matching approach used by Snakemake.
File path /sc/orga/projects/va-biobank/Veera/genie//resources/predixcan/gencode.v27.build37.txt contains double '/'. This is likely unintended. It can also lead to inconsistent results of the file-matching approach used by Snakemake.
File path /sc/orga/projects/va-biobank/Veera/genie//resources/predixcan/gencode.v27.build37.txt contains double '/'. This is likely unintended. It can also lead to inconsistent results of the file-matching approach used by Snakemake.
File path /sc/orga/projects/va-biobank/Veera/genie//resources/predixcan/gencode.v27.build37.txt contains double '/'. This is likely unintended. It can also lead to inconsistent results of the file-matching approach used by Snakemake.
File path /sc/orga/projects/va-biobank/Veera/genie//resources/predixcan/gencode.v27.build37.txt contains double '/'. This is likely unintended. It can also lead to inconsistent results of the file-matching approach used by Snakemake.
File path /sc/orga/projects/va-biobank/Veera/genie//resources/predixcan/gencode.v27.build37.txt contains double '/'. This is likely unintended. It can also lead to inconsistent results of the file-matching approach used by Snakemake.
File path /sc/orga/projects/va-biobank/Veera/genie//resources/predixcan/gencode.v27.build37.txt contains double '/'. This is likely unintended. It can also lead to inconsistent results of the file-matching approach used by Snakemake.
File path /sc/orga/projects/va-biobank/Veera/genie//resources/predixcan/gencode.v27.build37.txt contains double '/'. This is likely unintended. It can also lead to inconsistent results of the file-matching approach used by Snakemake.
Using shell: /bin/bash
Provided cores: 1
Rules claiming more threads will be scaled down.
Job counts:
	count	jobs
	1	novel_all
	47	novel_one
	1	novel_two
	49

rule novel_one:
    input: Sig_genes_for_traits/HEIGHT, /sc/orga/projects/va-biobank/Veera/genie//resources/predixcan/gencode.v27.build37.txt
    output: genie_novel/test2/test2_intermediatefiles/HEIGHT.out
    jobid: 5
    wildcards: gwas=HEIGHT

Finished job 5.
1 of 49 steps (2%) done

rule novel_one:
    input: Sig_genes_for_traits/SCZ_PGC2, /sc/orga/projects/va-biobank/Veera/genie//resources/predixcan/gencode.v27.build37.txt
    output: genie_novel/test2/test2_intermediatefiles/SCZ_PGC2.out
    jobid: 27
    wildcards: gwas=SCZ_PGC2

    Error in rule novel_one:
        jobid: 27
        output: genie_novel/test2/test2_intermediatefiles/SCZ_PGC2.out

RuleException:
CalledProcessError in line 33 of /sc/orga/projects/va-biobank/Veera/genie/modules/predixcan/novel/novel.snake:
Command ' set -euo pipefail;  Rscript /sc/orga/projects/va-biobank/Veera/genie/modules/predixcan/novel/novel.R Sig_genes_for_traits/SCZ_PGC2 /sc/orga/projects/va-biobank/Veera/genie//resources/predixcan/gencode.v27.build37.txt genie_novel/test2/test2_intermediatefiles/SCZ_PGC2.out ' returned non-zero exit status 1.
  File "/sc/orga/projects/va-biobank/Veera/genie/modules/predixcan/novel/novel.snake", line 33, in __rule_novel_one
  File "/hpc/users/xrajagv01/.conda/envs/genie/lib/python3.6/concurrent/futures/thread.py", line 56, in run
Job failed, going on with independent jobs.

rule novel_one:
    input: Sig_genes_for_traits/PGC2_SCZ, /sc/orga/projects/va-biobank/Veera/genie//resources/predixcan/gencode.v27.build37.txt
    output: genie_novel/test2/test2_intermediatefiles/PGC2_SCZ.out
    jobid: 18
    wildcards: gwas=PGC2_SCZ

Terminating processes on user request, this might take some time.
    Error in rule novel_one:
        jobid: 18
        output: genie_novel/test2/test2_intermediatefiles/PGC2_SCZ.out

RuleException:
CalledProcessError in line 33 of /sc/orga/projects/va-biobank/Veera/genie/modules/predixcan/novel/novel.snake:
Command ' set -euo pipefail;  Rscript /sc/orga/projects/va-biobank/Veera/genie/modules/predixcan/novel/novel.R Sig_genes_for_traits/PGC2_SCZ /sc/orga/projects/va-biobank/Veera/genie//resources/predixcan/gencode.v27.build37.txt genie_novel/test2/test2_intermediatefiles/PGC2_SCZ.out ' returned non-zero exit status 1.
  File "/sc/orga/projects/va-biobank/Veera/genie/modules/predixcan/novel/novel.snake", line 33, in __rule_novel_one
  File "/hpc/users/xrajagv01/.conda/envs/genie/lib/python3.6/concurrent/futures/thread.py", line 56, in run
Job failed, going on with independent jobs.
Complete log: /sc/orga/projects/va-biobank/Veera/genie/modules/predixcan/novel/temp/.snakemake/log/2018-09-06T081214.029697.snakemake.log
