Building DAG of jobs...
Using shell: /bin/bash
Provided cluster nodes: 100000
Job counts:
	count	jobs
	1	clump_all
	1	clump_one
	1	clump_two
	3

rule clump_one:
    input: 1kg.eur.biallele.snps.maf0.01.bed, 1kg.eur.biallele.snps.maf0.01.bim, 1kg.eur.biallele.snps.maf0.01.fam, PGC2_SCZ.gwas.sumstats
    output: genie_clump/test2/test2ld_from_1kg.eur.biallele.snps.maf0.01/PGC2_SCZ.gwas.sumstats.clumped
    jobid: 1
    wildcards: wcard=PGC2_SCZ.gwas.sumstats

Submitted job 1 with external jobid 'Job <110455300> is submitted to queue <premium>.'.
Finished job 1.
1 of 3 steps (33%) done

rule clump_two:
    input: genie_clump/test2/test2ld_from_1kg.eur.biallele.snps.maf0.01/PGC2_SCZ.gwas.sumstats.clumped, PGC2_SCZ.gwas.sumstats
    output: genie_clump/test2/test2ld_from_1kg.eur.biallele.snps.maf0.01/PGC2_SCZ.gwas.sumstats.clumped.formatted
    jobid: 2
    wildcards: wcard=PGC2_SCZ.gwas.sumstats

Submitted job 2 with external jobid 'Job <110455308> is submitted to queue <premium>.'.
Finished job 2.
2 of 3 steps (67%) done

localrule clump_all:
    input: genie_clump/test2/test2ld_from_1kg.eur.biallele.snps.maf0.01/PGC2_SCZ.gwas.sumstats.clumped, genie_clump/test2/test2ld_from_1kg.eur.biallele.snps.maf0.01/PGC2_SCZ.gwas.sumstats.clumped.formatted
    jobid: 0

Finished job 0.
3 of 3 steps (100%) done
Complete log: /sc/orga/projects/va-biobank/Veera/genie/modules/predixcan/novel/temp/.snakemake/log/2018-09-06T052910.829568.snakemake.log
