Building DAG of jobs...
File path /sc/orga/projects/va-biobank/Veera/genie//resources/predixcan/gencode.v27.build37.txt contains double '/'. This is likely unintended. It can also lead to inconsistent results of the file-matching approach used by Snakemake.
File path /sc/orga/projects/va-biobank/Veera/genie//resources/predixcan/gencode.v27.build37.txt contains double '/'. This is likely unintended. It can also lead to inconsistent results of the file-matching approach used by Snakemake.
Using shell: /bin/bash
Provided cores: 1
Rules claiming more threads will be scaled down.
Job counts:
	count	jobs
	1	novel_all
	1	novel_one
	1	novel_two
	3

rule novel_one:
    input: AD, /sc/orga/projects/va-biobank/Veera/genie//resources/predixcan/gencode.v27.build37.txt
    output: genie_novel/test/test_intermediatefiles/AD.out
    jobid: 1
    wildcards: gwas=AD

Finished job 1.
1 of 3 steps (33%) done

rule novel_two:
    input: genie_novel/test/test_intermediatefiles/AD.out, genie_novel/test/test_intermediatefiles/PGC2_SCZ.out
    output: genie_novel/test/test_finalfiles/merged.out
    jobid: 3

Finished job 3.
2 of 3 steps (67%) done

localrule novel_all:
    input: genie_novel/test/test_intermediatefiles/AD.out, genie_novel/test/test_intermediatefiles/PGC2_SCZ.out, genie_novel/test/test_finalfiles/merged.out
    jobid: 0

Finished job 0.
3 of 3 steps (100%) done
Complete log: /sc/orga/projects/va-biobank/Veera/genie/modules/predixcan/novel/temp/.snakemake/log/2018-09-06T075715.501512.snakemake.log
