Sender: LSF System <lsfadmin@node22-5>
Subject: Job 110455500: </sc/orga/projects/va-biobank/Veera/genie/modules/predixcan/novel/temp/.snakemake/tmp.3u4xkz3n/all2.clump_two.38> in cluster <minerva> Done

Job </sc/orga/projects/va-biobank/Veera/genie/modules/predixcan/novel/temp/.snakemake/tmp.3u4xkz3n/all2.clump_two.38> was submitted from host <node26-55> by user <xrajagv01> in cluster <minerva>.
Job was executed on host(s) <node22-5>, in queue <premium>, as user <xrajagv01> in cluster <minerva>.
</hpc/users/xrajagv01> was used as the home directory.
</hpc/users/xrajagv01/va-biobank/Veera/genie/modules/predixcan/novel/temp> was used as the working directory.
Started at Thu Sep  6 06:03:48 2018
Results reported on Thu Sep  6 06:04:48 2018

Your job looked like:

------------------------------------------------------------
# LSBATCH: User input
/sc/orga/projects/va-biobank/Veera/genie/modules/predixcan/novel/temp/.snakemake/tmp.3u4xkz3n/all2.clump_two.38
------------------------------------------------------------

Successfully completed.

Resource usage summary:

    CPU time :                                   58.09 sec.
    Max Memory :                                 1919 MB
    Average Memory :                             1492.66 MB
    Total Requested Memory :                     2000.00 MB
    Delta Memory :                               81.00 MB
    Max Processes :                              6
    Max Threads :                                8

The output (if any) follows:

[Thu Sep  6 06:03:50 2018] Building DAG of jobs...
[Thu Sep  6 06:03:50 2018] Using shell: /bin/bash
[Thu Sep  6 06:03:50 2018] Provided cores: 1
[Thu Sep  6 06:03:50 2018] Rules claiming more threads will be scaled down.
[Thu Sep  6 06:03:50 2018] Job counts:
[Thu Sep  6 06:03:50 2018] 	count	jobs
[Thu Sep  6 06:03:50 2018] 	1	clump_two
[Thu Sep  6 06:03:50 2018] 	1

[Thu Sep  6 06:03:50 2018] rule clump_two:
[Thu Sep  6 06:03:50 2018]     input: genie_clump/all2/all2ld_from_1kg.eur.biallele.snps.maf0.01/iPSYCH_ADHD.gwas.sumstats.clumped, /sc/orga/projects/va-biobank/Veera/downloads/CMC/modules/wen_gwas_files/iPSYCH_ADHD.gwas.sumstats
[Thu Sep  6 06:03:50 2018]     output: genie_clump/all2/all2ld_from_1kg.eur.biallele.snps.maf0.01/iPSYCH_ADHD.gwas.sumstats.clumped.formatted
[Thu Sep  6 06:03:50 2018]     jobid: 0
[Thu Sep  6 06:03:50 2018]     wildcards: wcard=iPSYCH_ADHD.gwas.sumstats

Read 8.1% of 7994317 rowsRead 14.3% of 7994317 rowsRead 20.3% of 7994317 rowsRead 24.6% of 7994317 rowsRead 29.1% of 7994317 rowsRead 36.2% of 7994317 rowsRead 44.7% of 7994317 rowsRead 53.4% of 7994317 rowsRead 54.8% of 7994317 rowsRead 67.0% of 7994317 rowsRead 79.7% of 7994317 rowsRead 81.7% of 7994317 rowsRead 93.9% of 7994317 rowsRead 99.2% of 7994317 rowsRead 7994317 rows and 7 (of 7) columns from 0.341 GB file in 00:00:23
[Thu Sep  6 06:04:47 2018] Finished job 0.
[Thu Sep  6 06:04:47 2018] 1 of 1 steps (100%) done
