Sender: LSF System <lsfadmin@node26-4>
Subject: Job 110455449: </sc/orga/projects/va-biobank/Veera/genie/modules/predixcan/novel/temp/.snakemake/tmp.3u4xkz3n/all2.clump_two.71> in cluster <minerva> Done

Job </sc/orga/projects/va-biobank/Veera/genie/modules/predixcan/novel/temp/.snakemake/tmp.3u4xkz3n/all2.clump_two.71> was submitted from host <node26-55> by user <xrajagv01> in cluster <minerva>.
Job was executed on host(s) <node26-4>, in queue <premium>, as user <xrajagv01> in cluster <minerva>.
</hpc/users/xrajagv01> was used as the home directory.
</hpc/users/xrajagv01/va-biobank/Veera/genie/modules/predixcan/novel/temp> was used as the working directory.
Started at Thu Sep  6 05:53:08 2018
Results reported on Thu Sep  6 05:53:59 2018

Your job looked like:

------------------------------------------------------------
# LSBATCH: User input
/sc/orga/projects/va-biobank/Veera/genie/modules/predixcan/novel/temp/.snakemake/tmp.3u4xkz3n/all2.clump_two.71
------------------------------------------------------------

Successfully completed.

Resource usage summary:

    CPU time :                                   49.31 sec.
    Max Memory :                                 885 MB
    Average Memory :                             885.00 MB
    Total Requested Memory :                     2000.00 MB
    Delta Memory :                               1115.00 MB
    Max Swap :                                   1270 MB
    Max Processes :                              6
    Max Threads :                                8

The output (if any) follows:

[Thu Sep  6 05:53:08 2018] Building DAG of jobs...
[Thu Sep  6 05:53:09 2018] Using shell: /bin/bash
[Thu Sep  6 05:53:09 2018] Provided cores: 1
[Thu Sep  6 05:53:09 2018] Rules claiming more threads will be scaled down.
[Thu Sep  6 05:53:09 2018] Job counts:
[Thu Sep  6 05:53:09 2018] 	count	jobs
[Thu Sep  6 05:53:09 2018] 	1	clump_two
[Thu Sep  6 05:53:09 2018] 	1

[Thu Sep  6 05:53:09 2018] rule clump_two:
[Thu Sep  6 05:53:09 2018]     input: genie_clump/all2/all2ld_from_1kg.eur.biallele.snps.maf0.01/ANX_CC.gwas.sumstats.clumped, /sc/orga/projects/va-biobank/Veera/downloads/CMC/modules/wen_gwas_files/ANX_CC.gwas.sumstats
[Thu Sep  6 05:53:09 2018]     output: genie_clump/all2/all2ld_from_1kg.eur.biallele.snps.maf0.01/ANX_CC.gwas.sumstats.clumped.formatted
[Thu Sep  6 05:53:09 2018]     jobid: 0
[Thu Sep  6 05:53:09 2018]     wildcards: wcard=ANX_CC.gwas.sumstats

Read 10.7% of 6065108 rowsRead 19.0% of 6065108 rowsRead 25.7% of 6065108 rowsRead 31.0% of 6065108 rowsRead 38.7% of 6065108 rowsRead 48.1% of 6065108 rowsRead 59.4% of 6065108 rowsRead 72.5% of 6065108 rowsRead 72.9% of 6065108 rowsRead 79.6% of 6065108 rowsRead 89.0% of 6065108 rowsRead 6065108 rows and 7 (of 7) columns from 0.241 GB file in 00:00:18
[Thu Sep  6 05:53:58 2018] Finished job 0.
[Thu Sep  6 05:53:58 2018] 1 of 1 steps (100%) done
