Sender: LSF System <lsfadmin@node21-4>
Subject: Job 110455440: </sc/orga/projects/va-biobank/Veera/genie/modules/predixcan/novel/temp/.snakemake/tmp.3u4xkz3n/all2.clump_two.125> in cluster <minerva> Done

Job </sc/orga/projects/va-biobank/Veera/genie/modules/predixcan/novel/temp/.snakemake/tmp.3u4xkz3n/all2.clump_two.125> was submitted from host <node26-55> by user <xrajagv01> in cluster <minerva>.
Job was executed on host(s) <node21-4>, in queue <premium>, as user <xrajagv01> in cluster <minerva>.
</hpc/users/xrajagv01> was used as the home directory.
</hpc/users/xrajagv01/va-biobank/Veera/genie/modules/predixcan/novel/temp> was used as the working directory.
Started at Thu Sep  6 05:53:08 2018
Results reported on Thu Sep  6 05:54:31 2018

Your job looked like:

------------------------------------------------------------
# LSBATCH: User input
/sc/orga/projects/va-biobank/Veera/genie/modules/predixcan/novel/temp/.snakemake/tmp.3u4xkz3n/all2.clump_two.125
------------------------------------------------------------

Successfully completed.

Resource usage summary:

    CPU time :                                   80.84 sec.
    Max Memory :                                 2000 MB
    Average Memory :                             1521.13 MB
    Total Requested Memory :                     2000.00 MB
    Delta Memory :                               0.00 MB
    Max Processes :                              6
    Max Threads :                                8

The output (if any) follows:

[Thu Sep  6 05:53:09 2018] Building DAG of jobs...
[Thu Sep  6 05:53:09 2018] Using shell: /bin/bash
[Thu Sep  6 05:53:09 2018] Provided cores: 1
[Thu Sep  6 05:53:09 2018] Rules claiming more threads will be scaled down.
[Thu Sep  6 05:53:09 2018] Job counts:
[Thu Sep  6 05:53:09 2018] 	count	jobs
[Thu Sep  6 05:53:09 2018] 	1	clump_two
[Thu Sep  6 05:53:09 2018] 	1

[Thu Sep  6 05:53:09 2018] rule clump_two:
[Thu Sep  6 05:53:09 2018]     input: genie_clump/all2/all2ld_from_1kg.eur.biallele.snps.maf0.01/PGC2_SCZ.gwas.sumstats.clumped, /sc/orga/projects/va-biobank/Veera/downloads/CMC/modules/wen_gwas_files/PGC2_SCZ.gwas.sumstats
[Thu Sep  6 05:53:09 2018]     output: genie_clump/all2/all2ld_from_1kg.eur.biallele.snps.maf0.01/PGC2_SCZ.gwas.sumstats.clumped.formatted
[Thu Sep  6 05:53:09 2018]     jobid: 0
[Thu Sep  6 05:53:09 2018]     wildcards: wcard=PGC2_SCZ.gwas.sumstats

Read 4.8% of 9508407 rowsRead 9.3% of 9508407 rowsRead 14.1% of 9508407 rowsRead 18.3% of 9508407 rowsRead 21.2% of 9508407 rowsRead 24.7% of 9508407 rowsRead 30.7% of 9508407 rowsRead 37.9% of 9508407 rowsRead 44.6% of 9508407 rowsRead 46.5% of 9508407 rowsRead 56.8% of 9508407 rowsRead 67.4% of 9508407 rowsRead 69.1% of 9508407 rowsRead 79.3% of 9508407 rowsRead 84.0% of 9508407 rowsRead 87.5% of 9508407 rowsRead 98.4% of 9508407 rowsRead 9508407 rows and 7 (of 7) columns from 0.405 GB file in 00:00:27
[Thu Sep  6 05:54:30 2018] Finished job 0.
[Thu Sep  6 05:54:30 2018] 1 of 1 steps (100%) done
