Sender: LSF System <lsfadmin@node21-12>
Subject: Job 110455466: </sc/orga/projects/va-biobank/Veera/genie/modules/predixcan/novel/temp/.snakemake/tmp.3u4xkz3n/all2.clump_two.54> in cluster <minerva> Done

Job </sc/orga/projects/va-biobank/Veera/genie/modules/predixcan/novel/temp/.snakemake/tmp.3u4xkz3n/all2.clump_two.54> was submitted from host <node26-55> by user <xrajagv01> in cluster <minerva>.
Job was executed on host(s) <node21-12>, in queue <premium>, as user <xrajagv01> in cluster <minerva>.
</hpc/users/xrajagv01> was used as the home directory.
</hpc/users/xrajagv01/va-biobank/Veera/genie/modules/predixcan/novel/temp> was used as the working directory.
Started at Thu Sep  6 05:55:33 2018
Results reported on Thu Sep  6 05:56:46 2018

Your job looked like:

------------------------------------------------------------
# LSBATCH: User input
/sc/orga/projects/va-biobank/Veera/genie/modules/predixcan/novel/temp/.snakemake/tmp.3u4xkz3n/all2.clump_two.54
------------------------------------------------------------

Successfully completed.

Resource usage summary:

    CPU time :                                   70.78 sec.
    Max Memory :                                 2000 MB
    Average Memory :                             1480.53 MB
    Total Requested Memory :                     2000.00 MB
    Delta Memory :                               0.00 MB
    Max Processes :                              6
    Max Threads :                                8

The output (if any) follows:

[Thu Sep  6 05:55:34 2018] Building DAG of jobs...
[Thu Sep  6 05:55:34 2018] Using shell: /bin/bash
[Thu Sep  6 05:55:34 2018] Provided cores: 1
[Thu Sep  6 05:55:34 2018] Rules claiming more threads will be scaled down.
[Thu Sep  6 05:55:34 2018] Job counts:
[Thu Sep  6 05:55:34 2018] 	count	jobs
[Thu Sep  6 05:55:34 2018] 	1	clump_two
[Thu Sep  6 05:55:34 2018] 	1

[Thu Sep  6 05:55:34 2018] rule clump_two:
[Thu Sep  6 05:55:34 2018]     input: genie_clump/all2/all2ld_from_1kg.eur.biallele.snps.maf0.01/cIMT.gwas.sumstats.clumped, /sc/orga/projects/va-biobank/Veera/downloads/CMC/modules/wen_gwas_files/cIMT.gwas.sumstats
[Thu Sep  6 05:55:34 2018]     output: genie_clump/all2/all2ld_from_1kg.eur.biallele.snps.maf0.01/cIMT.gwas.sumstats.clumped.formatted
[Thu Sep  6 05:55:34 2018]     jobid: 0
[Thu Sep  6 05:55:34 2018]     wildcards: wcard=cIMT.gwas.sumstats

Read 7.2% of 9039090 rowsRead 12.7% of 9039090 rowsRead 19.1% of 9039090 rowsRead 24.0% of 9039090 rowsRead 26.0% of 9039090 rowsRead 32.3% of 9039090 rowsRead 39.8% of 9039090 rowsRead 47.2% of 9039090 rowsRead 48.9% of 9039090 rowsRead 59.7% of 9039090 rowsRead 71.4% of 9039090 rowsRead 72.7% of 9039090 rowsRead 83.9% of 9039090 rowsRead 88.4% of 9039090 rowsRead 92.6% of 9039090 rowsRead 9039090 rows and 7 (of 7) columns from 0.353 GB file in 00:00:23
[Thu Sep  6 05:56:45 2018] Finished job 0.
[Thu Sep  6 05:56:45 2018] 1 of 1 steps (100%) done
