Sender: LSF System <lsfadmin@node26-50>
Subject: Job 110455462: </sc/orga/projects/va-biobank/Veera/genie/modules/predixcan/novel/temp/.snakemake/tmp.3u4xkz3n/all2.clump_two.11> in cluster <minerva> Done

Job </sc/orga/projects/va-biobank/Veera/genie/modules/predixcan/novel/temp/.snakemake/tmp.3u4xkz3n/all2.clump_two.11> was submitted from host <node26-55> by user <xrajagv01> in cluster <minerva>.
Job was executed on host(s) <node26-50>, in queue <premium>, as user <xrajagv01> in cluster <minerva>.
</hpc/users/xrajagv01> was used as the home directory.
</hpc/users/xrajagv01/va-biobank/Veera/genie/modules/predixcan/novel/temp> was used as the working directory.
Started at Thu Sep  6 05:54:19 2018
Results reported on Thu Sep  6 05:55:52 2018

Your job looked like:

------------------------------------------------------------
# LSBATCH: User input
/sc/orga/projects/va-biobank/Veera/genie/modules/predixcan/novel/temp/.snakemake/tmp.3u4xkz3n/all2.clump_two.11
------------------------------------------------------------

Successfully completed.

Resource usage summary:

    CPU time :                                   64.38 sec.
    Max Memory :                                 1846 MB
    Average Memory :                             1016.24 MB
    Total Requested Memory :                     2000.00 MB
    Delta Memory :                               154.00 MB
    Max Processes :                              9
    Max Threads :                                11

The output (if any) follows:

[Thu Sep  6 05:54:21 2018] Building DAG of jobs...
[Thu Sep  6 05:54:34 2018] Using shell: /bin/bash
[Thu Sep  6 05:54:34 2018] Provided cores: 1
[Thu Sep  6 05:54:34 2018] Rules claiming more threads will be scaled down.
[Thu Sep  6 05:54:34 2018] Job counts:
[Thu Sep  6 05:54:34 2018] 	count	jobs
[Thu Sep  6 05:54:34 2018] 	1	clump_two
[Thu Sep  6 05:54:34 2018] 	1

[Thu Sep  6 05:54:34 2018] rule clump_two:
[Thu Sep  6 05:54:34 2018]     input: genie_clump/all2/all2ld_from_1kg.eur.biallele.snps.maf0.01/EduYears.gwas.sumstats.clumped, /sc/orga/projects/va-biobank/Veera/downloads/CMC/modules/wen_gwas_files/EduYears.gwas.sumstats
[Thu Sep  6 05:54:34 2018]     output: genie_clump/all2/all2ld_from_1kg.eur.biallele.snps.maf0.01/EduYears.gwas.sumstats.clumped.formatted
[Thu Sep  6 05:54:34 2018]     jobid: 0
[Thu Sep  6 05:54:34 2018]     wildcards: wcard=EduYears.gwas.sumstats

Read 6.1% of 8008678 rowsRead 11.6% of 8008678 rowsRead 18.0% of 8008678 rowsRead 23.5% of 8008678 rowsRead 29.3% of 8008678 rowsRead 36.5% of 8008678 rowsRead 45.0% of 8008678 rowsRead 54.2% of 8008678 rowsRead 55.2% of 8008678 rowsRead 67.4% of 8008678 rowsRead 80.0% of 8008678 rowsRead 82.0% of 8008678 rowsRead 93.5% of 8008678 rowsRead 99.8% of 8008678 rowsRead 8008678 rows and 7 (of 7) columns from 0.307 GB file in 00:00:24
[Thu Sep  6 05:55:51 2018] Finished job 0.
[Thu Sep  6 05:55:51 2018] 1 of 1 steps (100%) done
