Sender: LSF System <lsfadmin@node21-26>
Subject: Job 110455436: </sc/orga/projects/va-biobank/Veera/genie/modules/predixcan/novel/temp/.snakemake/tmp.3u4xkz3n/all2.clump_two.114> in cluster <minerva> Done

Job </sc/orga/projects/va-biobank/Veera/genie/modules/predixcan/novel/temp/.snakemake/tmp.3u4xkz3n/all2.clump_two.114> was submitted from host <node26-55> by user <xrajagv01> in cluster <minerva>.
Job was executed on host(s) <node21-26>, in queue <premium>, as user <xrajagv01> in cluster <minerva>.
</hpc/users/xrajagv01> was used as the home directory.
</hpc/users/xrajagv01/va-biobank/Veera/genie/modules/predixcan/novel/temp> was used as the working directory.
Started at Thu Sep  6 05:51:37 2018
Results reported on Thu Sep  6 05:51:58 2018

Your job looked like:

------------------------------------------------------------
# LSBATCH: User input
/sc/orga/projects/va-biobank/Veera/genie/modules/predixcan/novel/temp/.snakemake/tmp.3u4xkz3n/all2.clump_two.114
------------------------------------------------------------

Successfully completed.

Resource usage summary:

    CPU time :                                   19.54 sec.
    Max Memory :                                 616 MB
    Average Memory :                             480.78 MB
    Total Requested Memory :                     2000.00 MB
    Delta Memory :                               1384.00 MB
    Max Processes :                              6
    Max Threads :                                8

The output (if any) follows:

[Thu Sep  6 05:51:38 2018] Building DAG of jobs...
[Thu Sep  6 05:51:38 2018] Using shell: /bin/bash
[Thu Sep  6 05:51:38 2018] Provided cores: 1
[Thu Sep  6 05:51:38 2018] Rules claiming more threads will be scaled down.
[Thu Sep  6 05:51:38 2018] Job counts:
[Thu Sep  6 05:51:38 2018] 	count	jobs
[Thu Sep  6 05:51:38 2018] 	1	clump_two
[Thu Sep  6 05:51:38 2018] 	1

[Thu Sep  6 05:51:38 2018] rule clump_two:
[Thu Sep  6 05:51:38 2018]     input: genie_clump/all2/all2ld_from_1kg.eur.biallele.snps.maf0.01/BMI.gwas.sumstats.clumped, /sc/orga/projects/va-biobank/Veera/downloads/CMC/modules/wen_gwas_files/BMI.gwas.sumstats
[Thu Sep  6 05:51:38 2018]     output: genie_clump/all2/all2ld_from_1kg.eur.biallele.snps.maf0.01/BMI.gwas.sumstats.clumped.formatted
[Thu Sep  6 05:51:38 2018]     jobid: 0
[Thu Sep  6 05:51:38 2018]     wildcards: wcard=BMI.gwas.sumstats

Read 35.1% of 2506785 rowsRead 56.6% of 2506785 rowsRead 75.0% of 2506785 rowsRead 93.7% of 2506785 rowsRead 2506785 rows and 7 (of 7) columns from 0.098 GB file in 00:00:07
[Thu Sep  6 05:51:57 2018] Finished job 0.
[Thu Sep  6 05:51:57 2018] 1 of 1 steps (100%) done
