Sender: LSF System <lsfadmin@node26-58>
Subject: Job 110455457: </sc/orga/projects/va-biobank/Veera/genie/modules/predixcan/novel/temp/.snakemake/tmp.3u4xkz3n/all2.clump_two.91> in cluster <minerva> Done

Job </sc/orga/projects/va-biobank/Veera/genie/modules/predixcan/novel/temp/.snakemake/tmp.3u4xkz3n/all2.clump_two.91> was submitted from host <node26-55> by user <xrajagv01> in cluster <minerva>.
Job was executed on host(s) <node26-58>, in queue <premium>, as user <xrajagv01> in cluster <minerva>.
</hpc/users/xrajagv01> was used as the home directory.
</hpc/users/xrajagv01/va-biobank/Veera/genie/modules/predixcan/novel/temp> was used as the working directory.
Started at Thu Sep  6 05:54:19 2018
Results reported on Thu Sep  6 05:55:21 2018

Your job looked like:

------------------------------------------------------------
# LSBATCH: User input
/sc/orga/projects/va-biobank/Veera/genie/modules/predixcan/novel/temp/.snakemake/tmp.3u4xkz3n/all2.clump_two.91
------------------------------------------------------------

Successfully completed.

Resource usage summary:

    CPU time :                                   62.01 sec.
    Max Memory :                                 1200 MB
    Average Memory :                             1054.29 MB
    Total Requested Memory :                     2000.00 MB
    Delta Memory :                               800.00 MB
    Max Swap :                                   1555 MB
    Max Processes :                              6
    Max Threads :                                8

The output (if any) follows:

[Thu Sep  6 05:54:19 2018] Building DAG of jobs...
[Thu Sep  6 05:54:19 2018] Using shell: /bin/bash
[Thu Sep  6 05:54:19 2018] Provided cores: 1
[Thu Sep  6 05:54:19 2018] Rules claiming more threads will be scaled down.
[Thu Sep  6 05:54:19 2018] Job counts:
[Thu Sep  6 05:54:19 2018] 	count	jobs
[Thu Sep  6 05:54:19 2018] 	1	clump_two
[Thu Sep  6 05:54:19 2018] 	1

[Thu Sep  6 05:54:19 2018] rule clump_two:
[Thu Sep  6 05:54:19 2018]     input: genie_clump/all2/all2ld_from_1kg.eur.biallele.snps.maf0.01/CAD_REC.gwas.sumstats.clumped, /sc/orga/projects/va-biobank/Veera/downloads/CMC/modules/wen_gwas_files/CAD_REC.gwas.sumstats
[Thu Sep  6 05:54:19 2018]     output: genie_clump/all2/all2ld_from_1kg.eur.biallele.snps.maf0.01/CAD_REC.gwas.sumstats.clumped.formatted
[Thu Sep  6 05:54:19 2018]     jobid: 0
[Thu Sep  6 05:54:19 2018]     wildcards: wcard=CAD_REC.gwas.sumstats

Read 7.0% of 6611342 rowsRead 13.3% of 6611342 rowsRead 18.8% of 6611342 rowsRead 23.3% of 6611342 rowsRead 28.4% of 6611342 rowsRead 35.5% of 6611342 rowsRead 44.2% of 6611342 rowsRead 54.5% of 6611342 rowsRead 65.0% of 6611342 rowsRead 66.9% of 6611342 rowsRead 71.7% of 6611342 rowsRead 81.7% of 6611342 rowsRead 92.9% of 6611342 rowsRead 99.4% of 6611342 rowsRead 6611342 rows and 7 (of 7) columns from 0.324 GB file in 00:00:23
[Thu Sep  6 05:55:21 2018] Finished job 0.
[Thu Sep  6 05:55:21 2018] 1 of 1 steps (100%) done
