Sender: LSF System <lsfadmin@node26-50>
Subject: Job 110455438: </sc/orga/projects/va-biobank/Veera/genie/modules/predixcan/novel/temp/.snakemake/tmp.3u4xkz3n/all2.clump_two.30> in cluster <minerva> Done

Job </sc/orga/projects/va-biobank/Veera/genie/modules/predixcan/novel/temp/.snakemake/tmp.3u4xkz3n/all2.clump_two.30> was submitted from host <node26-55> by user <xrajagv01> in cluster <minerva>.
Job was executed on host(s) <node26-50>, in queue <premium>, as user <xrajagv01> in cluster <minerva>.
</hpc/users/xrajagv01> was used as the home directory.
</hpc/users/xrajagv01/va-biobank/Veera/genie/modules/predixcan/novel/temp> was used as the working directory.
Started at Thu Sep  6 05:51:37 2018
Results reported on Thu Sep  6 05:53:02 2018

Your job looked like:

------------------------------------------------------------
# LSBATCH: User input
/sc/orga/projects/va-biobank/Veera/genie/modules/predixcan/novel/temp/.snakemake/tmp.3u4xkz3n/all2.clump_two.30
------------------------------------------------------------

Successfully completed.

Resource usage summary:

    CPU time :                                   56.62 sec.
    Max Memory :                                 1508 MB
    Average Memory :                             807.62 MB
    Total Requested Memory :                     2000.00 MB
    Delta Memory :                               492.00 MB
    Max Processes :                              9
    Max Threads :                                11

The output (if any) follows:

[Thu Sep  6 05:51:38 2018] Building DAG of jobs...
[Thu Sep  6 05:51:53 2018] Using shell: /bin/bash
[Thu Sep  6 05:51:53 2018] Provided cores: 1
[Thu Sep  6 05:51:53 2018] Rules claiming more threads will be scaled down.
[Thu Sep  6 05:51:53 2018] Job counts:
[Thu Sep  6 05:51:53 2018] 	count	jobs
[Thu Sep  6 05:51:53 2018] 	1	clump_two
[Thu Sep  6 05:51:53 2018] 	1

[Thu Sep  6 05:51:53 2018] rule clump_two:
[Thu Sep  6 05:51:53 2018]     input: genie_clump/all2/all2ld_from_1kg.eur.biallele.snps.maf0.01/WellBeing_DS.gwas.sumstats.clumped, /sc/orga/projects/va-biobank/Veera/downloads/CMC/modules/wen_gwas_files/WellBeing_DS.gwas.sumstats
[Thu Sep  6 05:51:53 2018]     output: genie_clump/all2/all2ld_from_1kg.eur.biallele.snps.maf0.01/WellBeing_DS.gwas.sumstats.clumped.formatted
[Thu Sep  6 05:51:53 2018]     jobid: 0
[Thu Sep  6 05:51:53 2018]     wildcards: wcard=WellBeing_DS.gwas.sumstats

Read 9.1% of 6454206 rowsRead 15.3% of 6454206 rowsRead 22.9% of 6454206 rowsRead 29.1% of 6454206 rowsRead 36.4% of 6454206 rowsRead 45.2% of 6454206 rowsRead 55.8% of 6454206 rowsRead 68.5% of 6454206 rowsRead 75.8% of 6454206 rowsRead 83.7% of 6454206 rowsRead 97.3% of 6454206 rowsRead 6454206 rows and 7 (of 7) columns from 0.246 GB file in 00:00:18
[Thu Sep  6 05:53:01 2018] Finished job 0.
[Thu Sep  6 05:53:01 2018] 1 of 1 steps (100%) done
