Sender: LSF System <lsfadmin@node22-16>
Subject: Job 110455420: </sc/orga/projects/va-biobank/Veera/genie/modules/predixcan/novel/temp/.snakemake/tmp.3u4xkz3n/all2.clump_two.80> in cluster <minerva> Done

Job </sc/orga/projects/va-biobank/Veera/genie/modules/predixcan/novel/temp/.snakemake/tmp.3u4xkz3n/all2.clump_two.80> was submitted from host <node26-55> by user <xrajagv01> in cluster <minerva>.
Job was executed on host(s) <node22-16>, in queue <premium>, as user <xrajagv01> in cluster <minerva>.
</hpc/users/xrajagv01> was used as the home directory.
</hpc/users/xrajagv01/va-biobank/Veera/genie/modules/predixcan/novel/temp> was used as the working directory.
Started at Thu Sep  6 05:50:58 2018
Results reported on Thu Sep  6 05:52:10 2018

Your job looked like:

------------------------------------------------------------
# LSBATCH: User input
/sc/orga/projects/va-biobank/Veera/genie/modules/predixcan/novel/temp/.snakemake/tmp.3u4xkz3n/all2.clump_two.80
------------------------------------------------------------

Successfully completed.

Resource usage summary:

    CPU time :                                   71.67 sec.
    Max Memory :                                 1389 MB
    Average Memory :                             1389.00 MB
    Total Requested Memory :                     2000.00 MB
    Delta Memory :                               611.00 MB
    Max Swap :                                   1733 MB
    Max Processes :                              6
    Max Threads :                                8

The output (if any) follows:

[Thu Sep  6 05:50:58 2018] Building DAG of jobs...
[Thu Sep  6 05:50:58 2018] Using shell: /bin/bash
[Thu Sep  6 05:50:58 2018] Provided cores: 1
[Thu Sep  6 05:50:58 2018] Rules claiming more threads will be scaled down.
[Thu Sep  6 05:50:58 2018] Job counts:
[Thu Sep  6 05:50:58 2018] 	count	jobs
[Thu Sep  6 05:50:58 2018] 	1	clump_two
[Thu Sep  6 05:50:58 2018] 	1

[Thu Sep  6 05:50:58 2018] rule clump_two:
[Thu Sep  6 05:50:58 2018]     input: genie_clump/all2/all2ld_from_1kg.eur.biallele.snps.maf0.01/CAD_ADD.gwas.sumstats.clumped, /sc/orga/projects/va-biobank/Veera/downloads/CMC/modules/wen_gwas_files/CAD_ADD.gwas.sumstats
[Thu Sep  6 05:50:58 2018]     output: genie_clump/all2/all2ld_from_1kg.eur.biallele.snps.maf0.01/CAD_ADD.gwas.sumstats.clumped.formatted
[Thu Sep  6 05:50:58 2018]     jobid: 0
[Thu Sep  6 05:50:58 2018]     wildcards: wcard=CAD_ADD.gwas.sumstats

Read 5.5% of 8919825 rowsRead 11.1% of 8919825 rowsRead 16.6% of 8919825 rowsRead 21.4% of 8919825 rowsRead 26.3% of 8919825 rowsRead 32.7% of 8919825 rowsRead 40.4% of 8919825 rowsRead 47.9% of 8919825 rowsRead 49.6% of 8919825 rowsRead 60.5% of 8919825 rowsRead 71.3% of 8919825 rowsRead 73.7% of 8919825 rowsRead 84.2% of 8919825 rowsRead 89.6% of 8919825 rowsRead 93.9% of 8919825 rowsRead 8919825 rows and 7 (of 7) columns from 0.439 GB file in 00:00:24
[Thu Sep  6 05:52:10 2018] Finished job 0.
[Thu Sep  6 05:52:10 2018] 1 of 1 steps (100%) done
