Sender: LSF System <lsfadmin@node21-12>
Subject: Job 110455422: </sc/orga/projects/va-biobank/Veera/genie/modules/predixcan/novel/temp/.snakemake/tmp.3u4xkz3n/all2.clump_two.77> in cluster <minerva> Done

Job </sc/orga/projects/va-biobank/Veera/genie/modules/predixcan/novel/temp/.snakemake/tmp.3u4xkz3n/all2.clump_two.77> was submitted from host <node26-55> by user <xrajagv01> in cluster <minerva>.
Job was executed on host(s) <node21-12>, in queue <premium>, as user <xrajagv01> in cluster <minerva>.
</hpc/users/xrajagv01> was used as the home directory.
</hpc/users/xrajagv01/va-biobank/Veera/genie/modules/predixcan/novel/temp> was used as the working directory.
Started at Thu Sep  6 05:50:58 2018
Results reported on Thu Sep  6 05:51:41 2018

Your job looked like:

------------------------------------------------------------
# LSBATCH: User input
/sc/orga/projects/va-biobank/Veera/genie/modules/predixcan/novel/temp/.snakemake/tmp.3u4xkz3n/all2.clump_two.77
------------------------------------------------------------

Successfully completed.

Resource usage summary:

    CPU time :                                   41.08 sec.
    Max Memory :                                 1482 MB
    Average Memory :                             1085.80 MB
    Total Requested Memory :                     2000.00 MB
    Delta Memory :                               518.00 MB
    Max Processes :                              6
    Max Threads :                                8

The output (if any) follows:

[Thu Sep  6 05:50:59 2018] Building DAG of jobs...
[Thu Sep  6 05:50:59 2018] Using shell: /bin/bash
[Thu Sep  6 05:50:59 2018] Provided cores: 1
[Thu Sep  6 05:50:59 2018] Rules claiming more threads will be scaled down.
[Thu Sep  6 05:50:59 2018] Job counts:
[Thu Sep  6 05:50:59 2018] 	count	jobs
[Thu Sep  6 05:50:59 2018] 	1	clump_two
[Thu Sep  6 05:50:59 2018] 	1

[Thu Sep  6 05:50:59 2018] rule clump_two:
[Thu Sep  6 05:50:59 2018]     input: genie_clump/all2/all2ld_from_1kg.eur.biallele.snps.maf0.01/ANX_FS.gwas.sumstats.clumped, /sc/orga/projects/va-biobank/Veera/downloads/CMC/modules/wen_gwas_files/ANX_FS.gwas.sumstats
[Thu Sep  6 05:50:59 2018]     output: genie_clump/all2/all2ld_from_1kg.eur.biallele.snps.maf0.01/ANX_FS.gwas.sumstats.clumped.formatted
[Thu Sep  6 05:50:59 2018]     jobid: 0
[Thu Sep  6 05:50:59 2018]     wildcards: wcard=ANX_FS.gwas.sumstats

Read 14.4% of 6041503 rowsRead 20.4% of 6041503 rowsRead 30.5% of 6041503 rowsRead 38.1% of 6041503 rowsRead 40.4% of 6041503 rowsRead 48.3% of 6041503 rowsRead 59.6% of 6041503 rowsRead 73.2% of 6041503 rowsRead 83.1% of 6041503 rowsRead 89.4% of 6041503 rowsRead 6041503 rows and 7 (of 7) columns from 0.239 GB file in 00:00:14
[Thu Sep  6 05:51:40 2018] Finished job 0.
[Thu Sep  6 05:51:40 2018] 1 of 1 steps (100%) done
