Sender: LSF System <lsfadmin@node23-28>
Subject: Job 110455465: </sc/orga/projects/va-biobank/Veera/genie/modules/predixcan/novel/temp/.snakemake/tmp.3u4xkz3n/all2.clump_two.29> in cluster <minerva> Done

Job </sc/orga/projects/va-biobank/Veera/genie/modules/predixcan/novel/temp/.snakemake/tmp.3u4xkz3n/all2.clump_two.29> was submitted from host <node26-55> by user <xrajagv01> in cluster <minerva>.
Job was executed on host(s) <node23-28>, in queue <premium>, as user <xrajagv01> in cluster <minerva>.
</hpc/users/xrajagv01> was used as the home directory.
</hpc/users/xrajagv01/va-biobank/Veera/genie/modules/predixcan/novel/temp> was used as the working directory.
Started at Thu Sep  6 05:55:33 2018
Results reported on Thu Sep  6 05:56:23 2018

Your job looked like:

------------------------------------------------------------
# LSBATCH: User input
/sc/orga/projects/va-biobank/Veera/genie/modules/predixcan/novel/temp/.snakemake/tmp.3u4xkz3n/all2.clump_two.29
------------------------------------------------------------

Successfully completed.

Resource usage summary:

    CPU time :                                   48.30 sec.
    Max Memory :                                 1619 MB
    Average Memory :                             1238.32 MB
    Total Requested Memory :                     2000.00 MB
    Delta Memory :                               381.00 MB
    Max Processes :                              6
    Max Threads :                                8

The output (if any) follows:

[Thu Sep  6 05:55:34 2018] Building DAG of jobs...
[Thu Sep  6 05:55:34 2018] Using shell: /bin/bash
[Thu Sep  6 05:55:34 2018] Provided cores: 1
[Thu Sep  6 05:55:34 2018] Rules claiming more threads will be scaled down.
[Thu Sep  6 05:55:34 2018] Job counts:
[Thu Sep  6 05:55:34 2018] 	count	jobs
[Thu Sep  6 05:55:34 2018] 	1	clump_two
[Thu Sep  6 05:55:34 2018] 	1

[Thu Sep  6 05:55:34 2018] rule clump_two:
[Thu Sep  6 05:55:34 2018]     input: genie_clump/all2/all2ld_from_1kg.eur.biallele.snps.maf0.01/AD.gwas.sumstats.clumped, /sc/orga/projects/va-biobank/Veera/downloads/CMC/modules/wen_gwas_files/AD.gwas.sumstats
[Thu Sep  6 05:55:34 2018]     output: genie_clump/all2/all2ld_from_1kg.eur.biallele.snps.maf0.01/AD.gwas.sumstats.clumped.formatted
[Thu Sep  6 05:55:34 2018]     jobid: 0
[Thu Sep  6 05:55:34 2018]     wildcards: wcard=AD.gwas.sumstats

Read 10.3% of 6922576 rowsRead 16.6% of 6922576 rowsRead 25.3% of 6922576 rowsRead 32.1% of 6922576 rowsRead 33.9% of 6922576 rowsRead 42.2% of 6922576 rowsRead 52.0% of 6922576 rowsRead 63.8% of 6922576 rowsRead 78.0% of 6922576 rowsRead 93.3% of 6922576 rowsRead 94.9% of 6922576 rowsRead 6922576 rows and 7 (of 7) columns from 0.278 GB file in 00:00:17
[Thu Sep  6 05:56:22 2018] Finished job 0.
[Thu Sep  6 05:56:22 2018] 1 of 1 steps (100%) done
